/Users/hoatran/Documents/images_HE/images/4_S01/CD8_tiles/NUC/NUC/
Segment images
Working dir: /Users/hoatran/Documents/images_HE/images/4_S01/CD8_tiles/NUC/NUC/

Nb of processing images: 84

1_______________________________________

---------------------------
SEG output is exist, skip this image: 4_S01_CD8.svs__1_11960_11960_NUC.tif
 
2_______________________________________

---------------------------
SEG output is exist, skip this image: 4_S01_CD8.svs__1_11960_14950_NUC.tif
 
3_______________________________________

---------------------------
SEG output is exist, skip this image: 4_S01_CD8.svs__1_11960_17940_NUC.tif
 
4_______________________________________

---------------------------
SEG output is exist, skip this image: 4_S01_CD8.svs__1_11960_20930_NUC.tif
 
5_______________________________________

---------------------------
SEG output is exist, skip this image: 4_S01_CD8.svs__1_11960_23920_NUC.tif
 
6_______________________________________

---------------------------
SEG output is exist, skip this image: 4_S01_CD8.svs__1_11960_26910_NUC.tif
 
7_______________________________________

---------------------------
SEG output is exist, skip this image: 4_S01_CD8.svs__1_11960_29900_NUC.tif
 
8_______________________________________

---------------------------
SEG output is exist, skip this image: 4_S01_CD8.svs__1_11960_2990_NUC.tif
 
9_______________________________________

---------------------------
SEG output is exist, skip this image: 4_S01_CD8.svs__1_11960_35880_NUC.tif
 
10_______________________________________

---------------------------
SEG output is exist, skip this image: 4_S01_CD8.svs__1_11960_38870_NUC.tif
 
11_______________________________________

---------------------------
SEG output is exist, skip this image: 4_S01_CD8.svs__1_11960_41860_NUC.tif
 
12_______________________________________

---------------------------
SEG output is exist, skip this image: 4_S01_CD8.svs__1_11960_44850_NUC.tif
 
13_______________________________________

---------------------------
SEG output is exist, skip this image: 4_S01_CD8.svs__1_11960_47840_NUC.tif
 
14_______________________________________

---------------------------
SEG output is exist, skip this image: 4_S01_CD8.svs__1_11960_5980_NUC.tif
 
15_______________________________________

---------------------------
SEG output is exist, skip this image: 4_S01_CD8.svs__1_11960_8970_NUC.tif
 
16_______________________________________

---------------------------
SEG output is exist, skip this image: 4_S01_CD8.svs__1_14950_11960_NUC.tif
 
17_______________________________________

---------------------------
SEG output is exist, skip this image: 4_S01_CD8.svs__1_14950_14950_NUC.tif
 
18_______________________________________

---------------------------
SEG output is exist, skip this image: 4_S01_CD8.svs__1_14950_17940_NUC.tif
 
19_______________________________________

---------------------------
SEG output is exist, skip this image: 4_S01_CD8.svs__1_14950_20930_NUC.tif
 
20_______________________________________

---------------------------
SEG output is exist, skip this image: 4_S01_CD8.svs__1_14950_23920_NUC.tif
 
21_______________________________________

---------------------------
SEG output is exist, skip this image: 4_S01_CD8.svs__1_14950_26910_NUC.tif
 
22_______________________________________

---------------------------
SEG output is exist, skip this image: 4_S01_CD8.svs__1_14950_29900_NUC.tif
 
23_______________________________________

---------------------------
SEG output is exist, skip this image: 4_S01_CD8.svs__1_14950_2990_NUC.tif
 
24_______________________________________

---------------------------
SEG output is exist, skip this image: 4_S01_CD8.svs__1_14950_32890_NUC.tif
 
25_______________________________________

---------------------------
SEG output is exist, skip this image: 4_S01_CD8.svs__1_14950_35880_NUC.tif
 
26_______________________________________

---------------------------
SEG output is exist, skip this image: 4_S01_CD8.svs__1_14950_38870_NUC.tif
 
27_______________________________________

---------------------------
SEG output is exist, skip this image: 4_S01_CD8.svs__1_14950_41860_NUC.tif
 
28_______________________________________

---------------------------
SEG output is exist, skip this image: 4_S01_CD8.svs__1_14950_47840_NUC.tif
 
29_______________________________________

---------------------------
SEG output is exist, skip this image: 4_S01_CD8.svs__1_14950_50830_NUC.tif
 
30_______________________________________

---------------------------
SEG output is exist, skip this image: 4_S01_CD8.svs__1_14950_53820_NUC.tif
 
31_______________________________________

---------------------------
SEG output is exist, skip this image: 4_S01_CD8.svs__1_14950_5980_NUC.tif
 
32_______________________________________

---------------------------
SEG output is exist, skip this image: 4_S01_CD8.svs__1_14950_8970_NUC.tif
 
33_______________________________________

---------------------------
SEG output is exist, skip this image: 4_S01_CD8.svs__1_17940_11960_NUC.tif
 
34_______________________________________

---------------------------
SEG output is exist, skip this image: 4_S01_CD8.svs__1_17940_14950_NUC.tif
 
35_______________________________________

---------------------------
SEG output is exist, skip this image: 4_S01_CD8.svs__1_17940_17940_NUC.tif
 
36_______________________________________

---------------------------
SEG output is exist, skip this image: 4_S01_CD8.svs__1_17940_20930_NUC.tif
 
37_______________________________________

---------------------------
SEG output is exist, skip this image: 4_S01_CD8.svs__1_17940_23920_NUC.tif
 
38_______________________________________

---------------------------
SEG output is exist, skip this image: 4_S01_CD8.svs__1_17940_26910_NUC.tif
 
39_______________________________________

---------------------------
SEG output is exist, skip this image: 4_S01_CD8.svs__1_17940_29900_NUC.tif
 
40_______________________________________

---------------------------
SEG output is exist, skip this image: 4_S01_CD8.svs__1_17940_32890_NUC.tif
 
41_______________________________________

---------------------------
SEG output is exist, skip this image: 4_S01_CD8.svs__1_17940_35880_NUC.tif
 
42_______________________________________

---------------------------
SEG output is exist, skip this image: 4_S01_CD8.svs__1_17940_38870_NUC.tif
 
43_______________________________________

---------------------------
SEG output is exist, skip this image: 4_S01_CD8.svs__1_17940_41860_NUC.tif
 
44_______________________________________

---------------------------
SEG output is exist, skip this image: 4_S01_CD8.svs__1_17940_44850_NUC.tif
 
45_______________________________________

---------------------------
SEG output is exist, skip this image: 4_S01_CD8.svs__1_17940_47840_NUC.tif
 
46_______________________________________

---------------------------
SEG output is exist, skip this image: 4_S01_CD8.svs__1_17940_50830_NUC.tif
 
47_______________________________________

---------------------------
SEG output is exist, skip this image: 4_S01_CD8.svs__1_17940_53820_NUC.tif
 
48_______________________________________

---------------------------
SEG output is exist, skip this image: 4_S01_CD8.svs__1_17940_56810_NUC.tif
 
49_______________________________________

---------------------------
SEG output is exist, skip this image: 4_S01_CD8.svs__1_17940_59800_NUC.tif
 
50_______________________________________

---------------------------
SEG output is exist, skip this image: 4_S01_CD8.svs__1_17940_5980_NUC.tif
 
51_______________________________________

---------------------------
SEG output is exist, skip this image: 4_S01_CD8.svs__1_17940_62790_NUC.tif
 
52_______________________________________

---------------------------
SEG output is exist, skip this image: 4_S01_CD8.svs__1_17940_8970_NUC.tif
 
53_______________________________________

---------------------------
SEG output is exist, skip this image: 4_S01_CD8.svs__1_20930_11960_NUC.tif
 
54_______________________________________

---------------------------
SEG output is exist, skip this image: 4_S01_CD8.svs__1_20930_14950_NUC.tif
 
55_______________________________________

---------------------------
SEG output is exist, skip this image: 4_S01_CD8.svs__1_20930_17940_NUC.tif
 
56_______________________________________

---------------------------
SEG output is exist, skip this image: 4_S01_CD8.svs__1_20930_20930_NUC.tif
 
57_______________________________________

---------------------------
SEG output is exist, skip this image: 4_S01_CD8.svs__1_20930_23920_NUC.tif
 
58_______________________________________

---------------------------
SEG output is exist, skip this image: 4_S01_CD8.svs__1_20930_26910_NUC.tif
 
59_______________________________________

---------------------------
SEG output is exist, skip this image: 4_S01_CD8.svs__1_20930_29900_NUC.tif
 
60_______________________________________

---------------------------
SEG output is exist, skip this image: 4_S01_CD8.svs__1_20930_32890_NUC.tif
 
61_______________________________________

---------------------------
SEG output is exist, skip this image: 4_S01_CD8.svs__1_20930_35880_NUC.tif
 
62_______________________________________

---------------------------
SEG output is exist, skip this image: 4_S01_CD8.svs__1_20930_38870_NUC.tif
 
63_______________________________________

---------------------------
SEG output is exist, skip this image: 4_S01_CD8.svs__1_20930_41860_NUC.tif
 
64_______________________________________

---------------------------
SEG output is exist, skip this image: 4_S01_CD8.svs__1_20930_44850_NUC.tif
 
65_______________________________________

---------------------------
SEG output is exist, skip this image: 4_S01_CD8.svs__1_20930_47840_NUC.tif
 
66_______________________________________

---------------------------
SEG output is exist, skip this image: 4_S01_CD8.svs__1_20930_50830_NUC.tif
 
67_______________________________________

---------------------------
SEG output is exist, skip this image: 4_S01_CD8.svs__1_20930_53820_NUC.tif
 
68_______________________________________

---------------------------
SEG output is exist, skip this image: 4_S01_CD8.svs__1_20930_56810_NUC.tif
 
69_______________________________________

---------------------------
SEG output is exist, skip this image: 4_S01_CD8.svs__1_20930_59800_NUC.tif
 
70_______________________________________

---------------------------
SEG output is exist, skip this image: 4_S01_CD8.svs__1_20930_5980_NUC.tif
 
71_______________________________________

---------------------------
SEG output is exist, skip this image: 4_S01_CD8.svs__1_20930_62790_NUC.tif
 
72_______________________________________

---------------------------
SEG output is exist, skip this image: 4_S01_CD8.svs__1_20930_65780_NUC.tif
 
73_______________________________________

---------------------------
SEG output is exist, skip this image: 4_S01_CD8.svs__1_20930_68770_NUC.tif
 
74_______________________________________

---------------------------
SEG output is exist, skip this image: 4_S01_CD8.svs__1_20930_77740_NUC.tif
 
75_______________________________________

---------------------------
SEG output is exist, skip this image: 4_S01_CD8.svs__1_20930_8970_NUC.tif
 
76_______________________________________

---------------------------
SEG output is exist, skip this image: 4_S01_CD8.svs__1_23920_5980_NUC.tif
 
77_______________________________________

---------------------------
SEG output is exist, skip this image: 4_S01_CD8.svs__1_23920_8970_NUC.tif
 
78_______________________________________

---------------------------
SEG output is exist, skip this image: 4_S01_CD8.svs__1_8970_11960_NUC.tif
 
79_______________________________________

---------------------------
SEG output is exist, skip this image: 4_S01_CD8.svs__1_8970_14950_NUC.tif
 
80_______________________________________

---------------------------
SEG output is exist, skip this image: 4_S01_CD8.svs__1_8970_17940_NUC.tif
 
81_______________________________________

---------------------------
SEG output is exist, skip this image: 4_S01_CD8.svs__1_8970_20930_NUC.tif
 
82_______________________________________

---------------------------
SEG output is exist, skip this image: 4_S01_CD8.svs__1_8970_23920_NUC.tif
 
83_______________________________________

---------------------------
SEG output is exist, skip this image: 4_S01_CD8.svs__1_8970_5980_NUC.tif
 
84_______________________________________

---------------------------
SEG output is exist, skip this image: 4_S01_CD8.svs__1_8970_8970_NUC.tif
 
_________________________

Nb of processed images:  84
Completed
Completed
84_______________________________________

---------------------------
SEG output is exist, skip this image: 4_S01_CD8.svs__1_8970_8970_NUC.tif
 
_________________________

Nb of processed images:  84
Completed
Completed
/Users/hoatran/Documents/images_HE/images/4_S01/CD8_tiles/NUC/NUC1/
Segment images
Working dir: /Users/hoatran/Documents/images_HE/images/4_S01/CD8_tiles/NUC/NUC1/

Nb of processing images: 234

1_______________________________________

Loading image: 4_S01_CD8.svs__1_14950_44850_NUC.tif
---------------------------
Time:    13:54:56
Image: 4_S01_CD8.svs__1_14950_44850_NUC.tif   h:   3000  w:   3000
BP_dapi  mean: 26246.0431
Segmenting...
3D spots segmentation
Initial.....
Spot segmentation.....
Labelling 
Watershed...

\Update:Voxels to process : 66024
\Update:Voxels to process : 100914
\Update:Voxels to process : 118112
\Update:Voxels to process : 152510
\Update:Voxels to process : 168934
\Update:Voxels to process : 184947
\Update:Voxels to process : 200814
\Update:Voxels to process : 216253
\Update:Voxels to process : 230987
\Update:Voxels to process : 228930
\Update:Voxels to process : 243567
\Update:Voxels to process : 257734
\Update:Voxels to process : 271498
\Update:Voxels to process : 269143
\Update:Voxels to process : 282692
\Update:Voxels to process : 295774
\Update:Voxels to process : 293025
\Update:Voxels to process : 305952
\Update:Voxels to process : 302691
\Update:Voxels to process : 314604
\Update:Voxels to process : 314974
\Update:Voxels to process : 322650
\Update:Voxels to process : 333389
\Update:Voxels to process : 329775
\Update:Voxels to process : 339314
\Update:Voxels to process : 334373
\Update:Voxels to process : 343360
\Update:Voxels to process : 337775
\Update:Voxels to process : 345263
\Update:Voxels to process : 339404
\Update:Voxels to process : 345821
\Update:Voxels to process : 338526
\Update:Voxels to process : 343492
\Update:Voxels to process : 336424
\Update:Voxels to process : 340210
\Update:Voxels to process : 332074
\Update:Voxels to process : 336442
\Update:Voxels to process : 329713
\Update:Voxels to process : 322801
\Update:Voxels to process : 325115
\Update:Voxels to process : 316881
\Update:Voxels to process : 318198
\Update:Voxels to process : 309621
\Update:Voxels to process : 309538
\Update:Voxels to process : 299733
\Update:Voxels to process : 298693
\Update:Voxels to process : 288460
\Update:Voxels to process : 286332
\Update:Voxels to process : 275130
\Update:Voxels to process : 271154
\Update:Voxels to process : 259895
\Update:Voxels to process : 255670
\Update:Voxels to process : 250733
\Update:Voxels to process : 239206
\Update:Voxels to process : 231391
\Update:Voxels to process : 222891
\Update:Voxels to process : 209160
\Update:Voxels to process : 200088
\Update:Voxels to process : 191786
\Update:Voxels to process : 184439
\Update:Voxels to process : 173437
\Update:Voxels to process : 164644
\Update:Voxels to process : 151363
\Update:Voxels to process : 139552
\Update:Voxels to process : 123938
\Update:Voxels to process : 110203
\Update:Voxels to process : 92715
\Update:Voxels to process : 74419
\Update:Voxels to process : 54648
\Update:Voxels to process : 32776
\Update:Voxels to process : 5341
\Update:Voxels to process : 0
Watershed completed.
Spot Image: BP_dapi   Seed Image : Image
Vol min: 800   Vol max: 100000
Number of labelled objects: 2127
Create label image with 2127 objects
Finished
Finished
Time of execution is: 63.726
Time:    13:56:00
 
2_______________________________________

---------------------------
SEG output is exist, skip this image: 4_S01_CD8.svs__1_23920_101660_NUC.tif
 
3_______________________________________

---------------------------
SEG output is exist, skip this image: 4_S01_CD8.svs__1_23920_11960_NUC.tif
 
4_______________________________________

---------------------------
SEG output is exist, skip this image: 4_S01_CD8.svs__1_23920_14950_NUC.tif
 
5_______________________________________

---------------------------
SEG output is exist, skip this image: 4_S01_CD8.svs__1_23920_17940_NUC.tif
 
6_______________________________________

---------------------------
SEG output is exist, skip this image: 4_S01_CD8.svs__1_23920_26910_NUC.tif
 
7_______________________________________

---------------------------
SEG output is exist, skip this image: 4_S01_CD8.svs__1_23920_29900_NUC.tif
 
8_______________________________________

---------------------------
SEG output is exist, skip this image: 4_S01_CD8.svs__1_23920_32890_NUC.tif
 
9_______________________________________

---------------------------
SEG output is exist, skip this image: 4_S01_CD8.svs__1_23920_35880_NUC.tif
 
10_______________________________________

---------------------------
SEG output is exist, skip this image: 4_S01_CD8.svs__1_23920_38870_NUC.tif
 
11_______________________________________

---------------------------
SEG output is exist, skip this image: 4_S01_CD8.svs__1_23920_41860_NUC.tif
 
12_______________________________________

---------------------------
SEG output is exist, skip this image: 4_S01_CD8.svs__1_23920_44850_NUC.tif
 
13_______________________________________

---------------------------
SEG output is exist, skip this image: 4_S01_CD8.svs__1_23920_47840_NUC.tif
 
14_______________________________________

---------------------------
SEG output is exist, skip this image: 4_S01_CD8.svs__1_23920_50830_NUC.tif
 
15_______________________________________

---------------------------
SEG output is exist, skip this image: 4_S01_CD8.svs__1_23920_53820_NUC.tif
 
16_______________________________________

---------------------------
SEG output is exist, skip this image: 4_S01_CD8.svs__1_23920_56810_NUC.tif
 
17_______________________________________

---------------------------
SEG output is exist, skip this image: 4_S01_CD8.svs__1_23920_59800_NUC.tif
 
18_______________________________________

---------------------------
SEG output is exist, skip this image: 4_S01_CD8.svs__1_23920_62790_NUC.tif
 
19_______________________________________

---------------------------
SEG output is exist, skip this image: 4_S01_CD8.svs__1_23920_65780_NUC.tif
 
20_______________________________________

---------------------------
SEG output is exist, skip this image: 4_S01_CD8.svs__1_23920_68770_NUC.tif
 
21_______________________________________

---------------------------
SEG output is exist, skip this image: 4_S01_CD8.svs__1_23920_71760_NUC.tif
 
22_______________________________________

---------------------------
SEG output is exist, skip this image: 4_S01_CD8.svs__1_23920_74750_NUC.tif
 
23_______________________________________

---------------------------
SEG output is exist, skip this image: 4_S01_CD8.svs__1_23920_77740_NUC.tif
 
24_______________________________________

---------------------------
SEG output is exist, skip this image: 4_S01_CD8.svs__1_23920_80730_NUC.tif
 
25_______________________________________

---------------------------
SEG output is exist, skip this image: 4_S01_CD8.svs__1_23920_83720_NUC.tif
 
26_______________________________________

---------------------------
SEG output is exist, skip this image: 4_S01_CD8.svs__1_23920_86710_NUC.tif
 
27_______________________________________

---------------------------
SEG output is exist, skip this image: 4_S01_CD8.svs__1_23920_89700_NUC.tif
 
28_______________________________________

---------------------------
SEG output is exist, skip this image: 4_S01_CD8.svs__1_23920_92690_NUC.tif
 
29_______________________________________

---------------------------
SEG output is exist, skip this image: 4_S01_CD8.svs__1_23920_95680_NUC.tif
 
30_______________________________________

---------------------------
SEG output is exist, skip this image: 4_S01_CD8.svs__1_23920_98670_NUC.tif
 
31_______________________________________

---------------------------
SEG output is exist, skip this image: 4_S01_CD8.svs__1_26910_101660_NUC.tif
 
32_______________________________________

---------------------------
SEG output is exist, skip this image: 4_S01_CD8.svs__1_26910_104650_NUC.tif
 
33_______________________________________

---------------------------
SEG output is exist, skip this image: 4_S01_CD8.svs__1_26910_107640_NUC.tif
 
34_______________________________________

---------------------------
SEG output is exist, skip this image: 4_S01_CD8.svs__1_26910_110630_NUC.tif
 
35_______________________________________

---------------------------
SEG output is exist, skip this image: 4_S01_CD8.svs__1_26910_11960_NUC.tif
 
36_______________________________________

---------------------------
SEG output is exist, skip this image: 4_S01_CD8.svs__1_26910_14950_NUC.tif
 
37_______________________________________

---------------------------
SEG output is exist, skip this image: 4_S01_CD8.svs__1_26910_17940_NUC.tif
 
38_______________________________________

---------------------------
SEG output is exist, skip this image: 4_S01_CD8.svs__1_26910_26910_NUC.tif
 
39_______________________________________

---------------------------
SEG output is exist, skip this image: 4_S01_CD8.svs__1_26910_29900_NUC.tif
 
40_______________________________________

---------------------------
SEG output is exist, skip this image: 4_S01_CD8.svs__1_26910_32890_NUC.tif
 
41_______________________________________

---------------------------
SEG output is exist, skip this image: 4_S01_CD8.svs__1_26910_35880_NUC.tif
 
42_______________________________________

---------------------------
SEG output is exist, skip this image: 4_S01_CD8.svs__1_26910_47840_NUC.tif
 
43_______________________________________

---------------------------
SEG output is exist, skip this image: 4_S01_CD8.svs__1_26910_50830_NUC.tif
 
44_______________________________________

---------------------------
SEG output is exist, skip this image: 4_S01_CD8.svs__1_26910_53820_NUC.tif
 
45_______________________________________

---------------------------
SEG output is exist, skip this image: 4_S01_CD8.svs__1_26910_56810_NUC.tif
 
46_______________________________________

---------------------------
SEG output is exist, skip this image: 4_S01_CD8.svs__1_26910_59800_NUC.tif
 
47_______________________________________

---------------------------
SEG output is exist, skip this image: 4_S01_CD8.svs__1_26910_5980_NUC.tif
 
48_______________________________________

---------------------------
SEG output is exist, skip this image: 4_S01_CD8.svs__1_26910_62790_NUC.tif
 
49_______________________________________

---------------------------
SEG output is exist, skip this image: 4_S01_CD8.svs__1_26910_65780_NUC.tif
 
50_______________________________________

---------------------------
SEG output is exist, skip this image: 4_S01_CD8.svs__1_26910_68770_NUC.tif
 
51_______________________________________

---------------------------
SEG output is exist, skip this image: 4_S01_CD8.svs__1_26910_71760_NUC.tif
 
52_______________________________________

---------------------------
SEG output is exist, skip this image: 4_S01_CD8.svs__1_26910_74750_NUC.tif
 
53_______________________________________

---------------------------
SEG output is exist, skip this image: 4_S01_CD8.svs__1_26910_77740_NUC.tif
 
54_______________________________________

---------------------------
SEG output is exist, skip this image: 4_S01_CD8.svs__1_26910_80730_NUC.tif
 
55_______________________________________

---------------------------
SEG output is exist, skip this image: 4_S01_CD8.svs__1_26910_83720_NUC.tif
 
56_______________________________________

---------------------------
SEG output is exist, skip this image: 4_S01_CD8.svs__1_26910_86710_NUC.tif
 
57_______________________________________

---------------------------
SEG output is exist, skip this image: 4_S01_CD8.svs__1_26910_8970_NUC.tif
 
58_______________________________________

---------------------------
SEG output is exist, skip this image: 4_S01_CD8.svs__1_26910_95680_NUC.tif
 
59_______________________________________

---------------------------
SEG output is exist, skip this image: 4_S01_CD8.svs__1_26910_98670_NUC.tif
 
60_______________________________________

---------------------------
SEG output is exist, skip this image: 4_S01_CD8.svs__1_29900_101660_NUC.tif
 
61_______________________________________

---------------------------
SEG output is exist, skip this image: 4_S01_CD8.svs__1_29900_104650_NUC.tif
 
62_______________________________________

---------------------------
SEG output is exist, skip this image: 4_S01_CD8.svs__1_29900_107640_NUC.tif
 
63_______________________________________

---------------------------
SEG output is exist, skip this image: 4_S01_CD8.svs__1_29900_110630_NUC.tif
 
64_______________________________________

---------------------------
SEG output is exist, skip this image: 4_S01_CD8.svs__1_29900_113620_NUC.tif
 
65_______________________________________

---------------------------
SEG output is exist, skip this image: 4_S01_CD8.svs__1_29900_116610_NUC.tif
 
66_______________________________________

---------------------------
SEG output is exist, skip this image: 4_S01_CD8.svs__1_29900_11960_NUC.tif
 
67_______________________________________

---------------------------
SEG output is exist, skip this image: 4_S01_CD8.svs__1_29900_14950_NUC.tif
 
68_______________________________________

---------------------------
SEG output is exist, skip this image: 4_S01_CD8.svs__1_29900_17940_NUC.tif
 
69_______________________________________

---------------------------
SEG output is exist, skip this image: 4_S01_CD8.svs__1_29900_20930_NUC.tif
 
70_______________________________________

---------------------------
SEG output is exist, skip this image: 4_S01_CD8.svs__1_29900_29900_NUC.tif
 
71_______________________________________

---------------------------
SEG output is exist, skip this image: 4_S01_CD8.svs__1_29900_32890_NUC.tif
 
72_______________________________________

---------------------------
SEG output is exist, skip this image: 4_S01_CD8.svs__1_29900_35880_NUC.tif
 
73_______________________________________

---------------------------
SEG output is exist, skip this image: 4_S01_CD8.svs__1_29900_47840_NUC.tif
 
74_______________________________________

---------------------------
SEG output is exist, skip this image: 4_S01_CD8.svs__1_29900_50830_NUC.tif
 
75_______________________________________

---------------------------
SEG output is exist, skip this image: 4_S01_CD8.svs__1_29900_53820_NUC.tif
 
76_______________________________________

---------------------------
SEG output is exist, skip this image: 4_S01_CD8.svs__1_29900_56810_NUC.tif
 
77_______________________________________

---------------------------
SEG output is exist, skip this image: 4_S01_CD8.svs__1_29900_59800_NUC.tif
 
78_______________________________________

---------------------------
SEG output is exist, skip this image: 4_S01_CD8.svs__1_29900_5980_NUC.tif
 
79_______________________________________

---------------------------
SEG output is exist, skip this image: 4_S01_CD8.svs__1_29900_62790_NUC.tif
 
80_______________________________________

---------------------------
SEG output is exist, skip this image: 4_S01_CD8.svs__1_29900_65780_NUC.tif
 
81_______________________________________

---------------------------
SEG output is exist, skip this image: 4_S01_CD8.svs__1_29900_68770_NUC.tif
 
82_______________________________________

---------------------------
SEG output is exist, skip this image: 4_S01_CD8.svs__1_29900_71760_NUC.tif
 
83_______________________________________

---------------------------
SEG output is exist, skip this image: 4_S01_CD8.svs__1_29900_74750_NUC.tif
 
84_______________________________________

---------------------------
SEG output is exist, skip this image: 4_S01_CD8.svs__1_29900_77740_NUC.tif
 
85_______________________________________

---------------------------
SEG output is exist, skip this image: 4_S01_CD8.svs__1_29900_80730_NUC.tif
 
86_______________________________________

---------------------------
SEG output is exist, skip this image: 4_S01_CD8.svs__1_29900_83720_NUC.tif
 
87_______________________________________

---------------------------
SEG output is exist, skip this image: 4_S01_CD8.svs__1_29900_86710_NUC.tif
 
88_______________________________________

---------------------------
SEG output is exist, skip this image: 4_S01_CD8.svs__1_29900_8970_NUC.tif
 
89_______________________________________

---------------------------
SEG output is exist, skip this image: 4_S01_CD8.svs__1_29900_95680_NUC.tif
 
90_______________________________________

---------------------------
SEG output is exist, skip this image: 4_S01_CD8.svs__1_29900_98670_NUC.tif
 
91_______________________________________

---------------------------
SEG output is exist, skip this image: 4_S01_CD8.svs__1_32890_101660_NUC.tif
 
92_______________________________________

---------------------------
SEG output is exist, skip this image: 4_S01_CD8.svs__1_32890_104650_NUC.tif
 
93_______________________________________

---------------------------
SEG output is exist, skip this image: 4_S01_CD8.svs__1_32890_107640_NUC.tif
 
94_______________________________________

---------------------------
SEG output is exist, skip this image: 4_S01_CD8.svs__1_32890_110630_NUC.tif
 
95_______________________________________

---------------------------
SEG output is exist, skip this image: 4_S01_CD8.svs__1_32890_113620_NUC.tif
 
96_______________________________________

---------------------------
SEG output is exist, skip this image: 4_S01_CD8.svs__1_32890_116610_NUC.tif
 
97_______________________________________

---------------------------
SEG output is exist, skip this image: 4_S01_CD8.svs__1_32890_119600_NUC.tif
 
98_______________________________________

---------------------------
SEG output is exist, skip this image: 4_S01_CD8.svs__1_32890_11960_NUC.tif
 
99_______________________________________

---------------------------
SEG output is exist, skip this image: 4_S01_CD8.svs__1_32890_14950_NUC.tif
 
100_______________________________________

---------------------------
SEG output is exist, skip this image: 4_S01_CD8.svs__1_32890_17940_NUC.tif
 
101_______________________________________

---------------------------
SEG output is exist, skip this image: 4_S01_CD8.svs__1_32890_20930_NUC.tif
 
102_______________________________________

---------------------------
SEG output is exist, skip this image: 4_S01_CD8.svs__1_32890_32890_NUC.tif
 
103_______________________________________

---------------------------
SEG output is exist, skip this image: 4_S01_CD8.svs__1_32890_35880_NUC.tif
 
104_______________________________________

---------------------------
SEG output is exist, skip this image: 4_S01_CD8.svs__1_32890_44850_NUC.tif
 
105_______________________________________

---------------------------
SEG output is exist, skip this image: 4_S01_CD8.svs__1_32890_47840_NUC.tif
 
106_______________________________________

---------------------------
SEG output is exist, skip this image: 4_S01_CD8.svs__1_32890_50830_NUC.tif
 
107_______________________________________

---------------------------
SEG output is exist, skip this image: 4_S01_CD8.svs__1_32890_53820_NUC.tif
 
108_______________________________________

---------------------------
SEG output is exist, skip this image: 4_S01_CD8.svs__1_32890_56810_NUC.tif
 
109_______________________________________

---------------------------
SEG output is exist, skip this image: 4_S01_CD8.svs__1_32890_59800_NUC.tif
 
110_______________________________________

---------------------------
SEG output is exist, skip this image: 4_S01_CD8.svs__1_32890_5980_NUC.tif
 
111_______________________________________

Loading image: 4_S01_CD8.svs__1_32890_62790_NUC.tif
---------------------------
Time:    13:56:00
Image: 4_S01_CD8.svs__1_32890_62790_NUC.tif   h:   3000  w:   3000
BP_dapi  mean: 25012.7535
Segmenting...
3D spots segmentation
Initial.....
Spot segmentation.....
Labelling 
Watershed...

\Update:Voxels to process : 80849
\Update:Voxels to process : 112364
\Update:Voxels to process : 143892
\Update:Voxels to process : 158999
\Update:Voxels to process : 173519
\Update:Voxels to process : 187351
\Update:Voxels to process : 200721
\Update:Voxels to process : 213888
\Update:Voxels to process : 227023
\Update:Voxels to process : 239740
\Update:Voxels to process : 237719
\Update:Voxels to process : 250274
\Update:Voxels to process : 262638
\Update:Voxels to process : 260198
\Update:Voxels to process : 271808
\Update:Voxels to process : 283070
\Update:Voxels to process : 280436
\Update:Voxels to process : 291473
\Update:Voxels to process : 302000
\Update:Voxels to process : 298892
\Update:Voxels to process : 309047
\Update:Voxels to process : 305661
\Update:Voxels to process : 314788
\Update:Voxels to process : 310655
\Update:Voxels to process : 319360
\Update:Voxels to process : 322920
\Update:Voxels to process : 322432
\Update:Voxels to process : 323398
\Update:Voxels to process : 323105
\Update:Voxels to process : 328545
\Update:Voxels to process : 322224
\Update:Voxels to process : 326912
\Update:Voxels to process : 319732
\Update:Voxels to process : 323235
\Update:Voxels to process : 315936
\Update:Voxels to process : 318538
\Update:Voxels to process : 310825
\Update:Voxels to process : 312185
\Update:Voxels to process : 303624
\Update:Voxels to process : 304227
\Update:Voxels to process : 295805
\Update:Voxels to process : 295492
\Update:Voxels to process : 293713
\Update:Voxels to process : 284195
\Update:Voxels to process : 282084
\Update:Voxels to process : 272098
\Update:Voxels to process : 268405
\Update:Voxels to process : 258818
\Update:Voxels to process : 254673
\Update:Voxels to process : 250040
\Update:Voxels to process : 239683
\Update:Voxels to process : 235126
\Update:Voxels to process : 224898
\Update:Voxels to process : 218048
\Update:Voxels to process : 210084
\Update:Voxels to process : 201525
\Update:Voxels to process : 189995
\Update:Voxels to process : 181030
\Update:Voxels to process : 171005
\Update:Voxels to process : 160475
\Update:Voxels to process : 149333
\Update:Voxels to process : 136709
\Update:Voxels to process : 125017
\Update:Voxels to process : 108526
\Update:Voxels to process : 92457
\Update:Voxels to process : 78302
\Update:Voxels to process : 62308
\Update:Voxels to process : 46724
\Update:Voxels to process : 27246
\Update:Voxels to process : 5672
\Update:Voxels to process : 0
Watershed completed.
Spot Image: BP_dapi   Seed Image : Image
Vol min: 800   Vol max: 100000
Number of labelled objects: 1968
Create label image with 1968 objects
Finished
Finished
Time of execution is: 59.289
Time:    13:56:59
 
112_______________________________________

---------------------------
SEG output is exist, skip this image: 4_S01_CD8.svs__1_32890_65780_NUC.tif
 
113_______________________________________

---------------------------
SEG output is exist, skip this image: 4_S01_CD8.svs__1_32890_68770_NUC.tif
 
114_______________________________________

---------------------------
SEG output is exist, skip this image: 4_S01_CD8.svs__1_32890_71760_NUC.tif
 
115_______________________________________

---------------------------
SEG output is exist, skip this image: 4_S01_CD8.svs__1_32890_74750_NUC.tif
 
116_______________________________________

---------------------------
SEG output is exist, skip this image: 4_S01_CD8.svs__1_32890_83720_NUC.tif
 
117_______________________________________

---------------------------
SEG output is exist, skip this image: 4_S01_CD8.svs__1_32890_8970_NUC.tif
 
118_______________________________________

---------------------------
SEG output is exist, skip this image: 4_S01_CD8.svs__1_32890_95680_NUC.tif
 
119_______________________________________

---------------------------
SEG output is exist, skip this image: 4_S01_CD8.svs__1_32890_98670_NUC.tif
 
120_______________________________________

---------------------------
SEG output is exist, skip this image: 4_S01_CD8.svs__1_35880_101660_NUC.tif
 
121_______________________________________

---------------------------
SEG output is exist, skip this image: 4_S01_CD8.svs__1_35880_104650_NUC.tif
 
122_______________________________________

---------------------------
SEG output is exist, skip this image: 4_S01_CD8.svs__1_35880_107640_NUC.tif
 
123_______________________________________

---------------------------
SEG output is exist, skip this image: 4_S01_CD8.svs__1_35880_110630_NUC.tif
 
124_______________________________________

---------------------------
SEG output is exist, skip this image: 4_S01_CD8.svs__1_35880_113620_NUC.tif
 
125_______________________________________

---------------------------
SEG output is exist, skip this image: 4_S01_CD8.svs__1_35880_11960_NUC.tif
 
126_______________________________________

---------------------------
SEG output is exist, skip this image: 4_S01_CD8.svs__1_35880_14950_NUC.tif
 
127_______________________________________

---------------------------
SEG output is exist, skip this image: 4_S01_CD8.svs__1_35880_17940_NUC.tif
 
128_______________________________________

---------------------------
SEG output is exist, skip this image: 4_S01_CD8.svs__1_35880_20930_NUC.tif
 
129_______________________________________

---------------------------
SEG output is exist, skip this image: 4_S01_CD8.svs__1_35880_32890_NUC.tif
 
130_______________________________________

---------------------------
SEG output is exist, skip this image: 4_S01_CD8.svs__1_35880_35880_NUC.tif
 
131_______________________________________

---------------------------
SEG output is exist, skip this image: 4_S01_CD8.svs__1_35880_38870_NUC.tif
 
132_______________________________________

---------------------------
SEG output is exist, skip this image: 4_S01_CD8.svs__1_35880_41860_NUC.tif
 
133_______________________________________

---------------------------
SEG output is exist, skip this image: 4_S01_CD8.svs__1_35880_44850_NUC.tif
 
134_______________________________________

---------------------------
SEG output is exist, skip this image: 4_S01_CD8.svs__1_35880_47840_NUC.tif
 
135_______________________________________

---------------------------
SEG output is exist, skip this image: 4_S01_CD8.svs__1_35880_50830_NUC.tif
 
136_______________________________________

---------------------------
SEG output is exist, skip this image: 4_S01_CD8.svs__1_35880_53820_NUC.tif
 
137_______________________________________

---------------------------
SEG output is exist, skip this image: 4_S01_CD8.svs__1_35880_56810_NUC.tif
 
138_______________________________________

---------------------------
SEG output is exist, skip this image: 4_S01_CD8.svs__1_35880_5980_NUC.tif
 
139_______________________________________

---------------------------
SEG output is exist, skip this image: 4_S01_CD8.svs__1_35880_65780_NUC.tif
 
140_______________________________________

---------------------------
SEG output is exist, skip this image: 4_S01_CD8.svs__1_35880_68770_NUC.tif
 
141_______________________________________

---------------------------
SEG output is exist, skip this image: 4_S01_CD8.svs__1_35880_71760_NUC.tif
 
142_______________________________________

---------------------------
SEG output is exist, skip this image: 4_S01_CD8.svs__1_35880_83720_NUC.tif
 
143_______________________________________

---------------------------
SEG output is exist, skip this image: 4_S01_CD8.svs__1_35880_8970_NUC.tif
 
144_______________________________________

---------------------------
SEG output is exist, skip this image: 4_S01_CD8.svs__1_35880_95680_NUC.tif
 
145_______________________________________

---------------------------
SEG output is exist, skip this image: 4_S01_CD8.svs__1_35880_98670_NUC.tif
 
146_______________________________________

---------------------------
SEG output is exist, skip this image: 4_S01_CD8.svs__1_38870_101660_NUC.tif
 
147_______________________________________

---------------------------
SEG output is exist, skip this image: 4_S01_CD8.svs__1_38870_104650_NUC.tif
 
148_______________________________________

---------------------------
SEG output is exist, skip this image: 4_S01_CD8.svs__1_38870_107640_NUC.tif
 
149_______________________________________

---------------------------
SEG output is exist, skip this image: 4_S01_CD8.svs__1_38870_11960_NUC.tif
 
150_______________________________________

---------------------------
SEG output is exist, skip this image: 4_S01_CD8.svs__1_38870_14950_NUC.tif
 
151_______________________________________

---------------------------
SEG output is exist, skip this image: 4_S01_CD8.svs__1_38870_17940_NUC.tif
 
152_______________________________________

---------------------------
SEG output is exist, skip this image: 4_S01_CD8.svs__1_38870_20930_NUC.tif
 
153_______________________________________

---------------------------
SEG output is exist, skip this image: 4_S01_CD8.svs__1_38870_23920_NUC.tif
 
154_______________________________________

---------------------------
SEG output is exist, skip this image: 4_S01_CD8.svs__1_38870_26910_NUC.tif
 
155_______________________________________

---------------------------
SEG output is exist, skip this image: 4_S01_CD8.svs__1_38870_29900_NUC.tif
 
156_______________________________________

---------------------------
SEG output is exist, skip this image: 4_S01_CD8.svs__1_38870_32890_NUC.tif
 
157_______________________________________

---------------------------
SEG output is exist, skip this image: 4_S01_CD8.svs__1_38870_35880_NUC.tif
 
158_______________________________________

---------------------------
SEG output is exist, skip this image: 4_S01_CD8.svs__1_38870_38870_NUC.tif
 
159_______________________________________

---------------------------
SEG output is exist, skip this image: 4_S01_CD8.svs__1_38870_41860_NUC.tif
 
160_______________________________________

---------------------------
SEG output is exist, skip this image: 4_S01_CD8.svs__1_38870_44850_NUC.tif
 
161_______________________________________

---------------------------
SEG output is exist, skip this image: 4_S01_CD8.svs__1_38870_47840_NUC.tif
 
162_______________________________________

---------------------------
SEG output is exist, skip this image: 4_S01_CD8.svs__1_38870_50830_NUC.tif
 
163_______________________________________

---------------------------
SEG output is exist, skip this image: 4_S01_CD8.svs__1_38870_53820_NUC.tif
 
164_______________________________________

---------------------------
SEG output is exist, skip this image: 4_S01_CD8.svs__1_38870_56810_NUC.tif
 
165_______________________________________

---------------------------
SEG output is exist, skip this image: 4_S01_CD8.svs__1_38870_5980_NUC.tif
 
166_______________________________________

---------------------------
SEG output is exist, skip this image: 4_S01_CD8.svs__1_38870_65780_NUC.tif
 
167_______________________________________

---------------------------
SEG output is exist, skip this image: 4_S01_CD8.svs__1_38870_68770_NUC.tif
 
168_______________________________________

---------------------------
SEG output is exist, skip this image: 4_S01_CD8.svs__1_38870_71760_NUC.tif
 
169_______________________________________

---------------------------
SEG output is exist, skip this image: 4_S01_CD8.svs__1_38870_74750_NUC.tif
 
170_______________________________________

---------------------------
SEG output is exist, skip this image: 4_S01_CD8.svs__1_38870_80730_NUC.tif
 
171_______________________________________

---------------------------
SEG output is exist, skip this image: 4_S01_CD8.svs__1_38870_83720_NUC.tif
 
172_______________________________________

---------------------------
SEG output is exist, skip this image: 4_S01_CD8.svs__1_38870_86710_NUC.tif
 
173_______________________________________

---------------------------
SEG output is exist, skip this image: 4_S01_CD8.svs__1_38870_89700_NUC.tif
 
174_______________________________________

---------------------------
SEG output is exist, skip this image: 4_S01_CD8.svs__1_38870_8970_NUC.tif
 
175_______________________________________

---------------------------
SEG output is exist, skip this image: 4_S01_CD8.svs__1_38870_92690_NUC.tif
 
176_______________________________________

---------------------------
SEG output is exist, skip this image: 4_S01_CD8.svs__1_38870_95680_NUC.tif
 
177_______________________________________

---------------------------
SEG output is exist, skip this image: 4_S01_CD8.svs__1_38870_98670_NUC.tif
 
178_______________________________________

---------------------------
SEG output is exist, skip this image: 4_S01_CD8.svs__1_41860_101660_NUC.tif
 
179_______________________________________

---------------------------
SEG output is exist, skip this image: 4_S01_CD8.svs__1_41860_104650_NUC.tif
 
180_______________________________________

---------------------------
SEG output is exist, skip this image: 4_S01_CD8.svs__1_41860_11960_NUC.tif
 
181_______________________________________

---------------------------
SEG output is exist, skip this image: 4_S01_CD8.svs__1_41860_14950_NUC.tif
 
182_______________________________________

---------------------------
SEG output is exist, skip this image: 4_S01_CD8.svs__1_41860_17940_NUC.tif
 
183_______________________________________

---------------------------
SEG output is exist, skip this image: 4_S01_CD8.svs__1_41860_20930_NUC.tif
 
184_______________________________________

---------------------------
SEG output is exist, skip this image: 4_S01_CD8.svs__1_41860_23920_NUC.tif
 
185_______________________________________

---------------------------
SEG output is exist, skip this image: 4_S01_CD8.svs__1_41860_26910_NUC.tif
 
186_______________________________________

---------------------------
SEG output is exist, skip this image: 4_S01_CD8.svs__1_41860_29900_NUC.tif
 
187_______________________________________

---------------------------
SEG output is exist, skip this image: 4_S01_CD8.svs__1_41860_32890_NUC.tif
 
188_______________________________________

---------------------------
SEG output is exist, skip this image: 4_S01_CD8.svs__1_41860_35880_NUC.tif
 
189_______________________________________

---------------------------
SEG output is exist, skip this image: 4_S01_CD8.svs__1_41860_38870_NUC.tif
 
190_______________________________________

---------------------------
SEG output is exist, skip this image: 4_S01_CD8.svs__1_41860_41860_NUC.tif
 
191_______________________________________

---------------------------
SEG output is exist, skip this image: 4_S01_CD8.svs__1_41860_44850_NUC.tif
 
192_______________________________________

---------------------------
SEG output is exist, skip this image: 4_S01_CD8.svs__1_41860_47840_NUC.tif
 
193_______________________________________

---------------------------
SEG output is exist, skip this image: 4_S01_CD8.svs__1_41860_50830_NUC.tif
 
194_______________________________________

---------------------------
SEG output is exist, skip this image: 4_S01_CD8.svs__1_41860_53820_NUC.tif
 
195_______________________________________

---------------------------
SEG output is exist, skip this image: 4_S01_CD8.svs__1_41860_56810_NUC.tif
 
196_______________________________________

---------------------------
SEG output is exist, skip this image: 4_S01_CD8.svs__1_41860_5980_NUC.tif
 
197_______________________________________

---------------------------
SEG output is exist, skip this image: 4_S01_CD8.svs__1_41860_65780_NUC.tif
 
198_______________________________________

---------------------------
SEG output is exist, skip this image: 4_S01_CD8.svs__1_41860_68770_NUC.tif
 
199_______________________________________

---------------------------
SEG output is exist, skip this image: 4_S01_CD8.svs__1_41860_71760_NUC.tif
 
200_______________________________________

---------------------------
SEG output is exist, skip this image: 4_S01_CD8.svs__1_41860_74750_NUC.tif
 
201_______________________________________

---------------------------
SEG output is exist, skip this image: 4_S01_CD8.svs__1_41860_77740_NUC.tif
 
202_______________________________________

---------------------------
SEG output is exist, skip this image: 4_S01_CD8.svs__1_41860_80730_NUC.tif
 
203_______________________________________

---------------------------
SEG output is exist, skip this image: 4_S01_CD8.svs__1_41860_8970_NUC.tif
 
204_______________________________________

---------------------------
SEG output is exist, skip this image: 4_S01_CD8.svs__1_41860_95680_NUC.tif
 
205_______________________________________

---------------------------
SEG output is exist, skip this image: 4_S01_CD8.svs__1_41860_98670_NUC.tif
 
206_______________________________________

---------------------------
SEG output is exist, skip this image: 4_S01_CD8.svs__1_44850_101660_NUC.tif
 
207_______________________________________

---------------------------
SEG output is exist, skip this image: 4_S01_CD8.svs__1_44850_11960_NUC.tif
 
208_______________________________________

---------------------------
SEG output is exist, skip this image: 4_S01_CD8.svs__1_44850_14950_NUC.tif
 
209_______________________________________

---------------------------
SEG output is exist, skip this image: 4_S01_CD8.svs__1_44850_17940_NUC.tif
 
210_______________________________________

---------------------------
SEG output is exist, skip this image: 4_S01_CD8.svs__1_44850_20930_NUC.tif
 
211_______________________________________

---------------------------
SEG output is exist, skip this image: 4_S01_CD8.svs__1_44850_23920_NUC.tif
 
212_______________________________________

---------------------------
SEG output is exist, skip this image: 4_S01_CD8.svs__1_44850_29900_NUC.tif
 
213_______________________________________

---------------------------
SEG output is exist, skip this image: 4_S01_CD8.svs__1_44850_32890_NUC.tif
 
214_______________________________________

---------------------------
SEG output is exist, skip this image: 4_S01_CD8.svs__1_44850_50830_NUC.tif
 
215_______________________________________

---------------------------
SEG output is exist, skip this image: 4_S01_CD8.svs__1_44850_53820_NUC.tif
 
216_______________________________________

---------------------------
SEG output is exist, skip this image: 4_S01_CD8.svs__1_44850_56810_NUC.tif
 
217_______________________________________

---------------------------
SEG output is exist, skip this image: 4_S01_CD8.svs__1_44850_5980_NUC.tif
 
218_______________________________________

---------------------------
SEG output is exist, skip this image: 4_S01_CD8.svs__1_44850_68770_NUC.tif
 
219_______________________________________

---------------------------
SEG output is exist, skip this image: 4_S01_CD8.svs__1_44850_71760_NUC.tif
 
220_______________________________________

---------------------------
SEG output is exist, skip this image: 4_S01_CD8.svs__1_44850_74750_NUC.tif
 
221_______________________________________

---------------------------
SEG output is exist, skip this image: 4_S01_CD8.svs__1_44850_77740_NUC.tif
 
222_______________________________________

---------------------------
SEG output is exist, skip this image: 4_S01_CD8.svs__1_44850_8970_NUC.tif
 
223_______________________________________

---------------------------
SEG output is exist, skip this image: 4_S01_CD8.svs__1_44850_95680_NUC.tif
 
224_______________________________________

---------------------------
SEG output is exist, skip this image: 4_S01_CD8.svs__1_44850_98670_NUC.tif
 
225_______________________________________

---------------------------
SEG output is exist, skip this image: 4_S01_CD8.svs__1_47840_11960_NUC.tif
 
226_______________________________________

---------------------------
SEG output is exist, skip this image: 4_S01_CD8.svs__1_47840_14950_NUC.tif
 
227_______________________________________

---------------------------
SEG output is exist, skip this image: 4_S01_CD8.svs__1_47840_17940_NUC.tif
 
228_______________________________________

---------------------------
SEG output is exist, skip this image: 4_S01_CD8.svs__1_47840_20930_NUC.tif
 
229_______________________________________

---------------------------
SEG output is exist, skip this image: 4_S01_CD8.svs__1_47840_71760_NUC.tif
 
230_______________________________________

---------------------------
SEG output is exist, skip this image: 4_S01_CD8.svs__1_47840_74750_NUC.tif
 
231_______________________________________

---------------------------
SEG output is exist, skip this image: 4_S01_CD8.svs__1_47840_8970_NUC.tif
 
232_______________________________________

---------------------------
SEG output is exist, skip this image: 4_S01_CD8.svs__1_47840_98670_NUC.tif
 
233_______________________________________

---------------------------
SEG output is exist, skip this image: 4_S01_CD8.svs__1_50830_11960_NUC.tif
 
234_______________________________________

---------------------------
SEG output is exist, skip this image: 4_S01_CD8.svs__1_50830_14950_NUC.tif
 
_________________________

Nb of processed images:  234
Completed
Completed
