\Clear
Working dir: /home/htran/storage/images_dataset/drug_images/

/home/htran/storage/images_dataset/drug_images/Ki67_tiles/Ki67/
_______________________________________


Nb of processing images: 14

_______________________________________

SA609_Ki67_C1_3083_Ki67.tif:   max:   255  min: 0  mean: 91.6735  area: 7814400  std:90.2316
******* Stain area detected
_______________________________________

SA609_Ki67_C1_3230_Ki67.tif:   max:   255  min: 0  mean: 66.9683  area: 7376320  std:81.798
******* Stain area detected
_______________________________________

SA609_Ki67_C1_3401_Ki67.tif:   max:   255  min: 0  mean: 16.1863  area: 7483392  std:24.687
******* Stain area detected
_______________________________________

SA609_Ki67_C1_3404_Ki67.tif:   max:   255  min: 0  mean: 48.6204  area: 8202496  std:64.3133
******* Stain area detected
_______________________________________

SA609_Ki67_C1_3447_Ki67.tif:   max:   255  min: 0  mean: 67.331  area: 6912512  std:76.3245
******* Stain area detected
_______________________________________

SA609_Ki67_C1_3505_Ki67.tif:   max:   255  min: 0  mean: 81.8035  area: 8155136  std:87.1877
******* Stain area detected
_______________________________________

SA609_Ki67_C1_3510_Ki67.tif:   max:   255  min: 0  mean: 75.582  area: 9241344  std:84.4602
******* Stain area detected
_______________________________________

SA609_Ki67_C2_3083_Ki67.tif:   max:   255  min: 0  mean: 77.1298  area: 8274240  std:88.0831
******* Stain area detected
_______________________________________

SA609_Ki67_C2_3230_Ki67.tif:   max:   255  min: 0  mean: 61.5582  area: 7442432  std:76.387
******* Stain area detected
_______________________________________

SA609_Ki67_C2_3401_Ki67.tif:   max:   254  min: 0  mean: 12.9215  area: 7661568  std:8.8271
******* Stain area detected
_______________________________________

SA609_Ki67_C2_3404_Ki67.tif:   max:   255  min: 0  mean: 73.5244  area: 8479744  std:84.4967
******* Stain area detected
_______________________________________

SA609_Ki67_C2_3447_Ki67.tif:   max:   255  min: 0  mean: 71.6853  area: 7268352  std:79.983
******* Stain area detected
_______________________________________

SA609_Ki67_C2_3505_Ki67.tif:   max:   255  min: 0  mean: 71.2764  area: 8430080  std:86.5392
******* Stain area detected
_______________________________________

SA609_Ki67_C2_3510_Ki67.tif:   max:   255  min: 0  mean: 80.3903  area: 8663040  std:82.7059
******* Stain area detected
_________________________

Nb of processed images:  14
Completed
SA609_Ki67_C2_3505_Ki67.tif:   max:   255  min: 0  mean: 71.2764  area: 8430080  std:86.5392
******* Stain area detected
_______________________________________

SA609_Ki67_C2_3510_Ki67.tif:   max:   255  min: 0  mean: 80.3903  area: 8663040  std:82.7059
******* Stain area detected
_________________________

Nb of processed images:  14
Completed
\Clear
Working dir: /home/htran/storage/images_dataset/drug_images/

/home/htran/storage/images_dataset/drug_images/Ki67_tiles/Ki67/
_______________________________________


Nb of processing images: 14

_______________________________________

SA609_Ki67_C1_3083_Ki67.tif:   max:   255  min: 0  mean: 91.6735  area: 7814400  std:90.2316
******* Stain area detected
_______________________________________

SA609_Ki67_C1_3230_Ki67.tif:   max:   255  min: 0  mean: 66.9683  area: 7376320  std:81.798
******* Stain area detected
_______________________________________

SA609_Ki67_C1_3401_Ki67.tif:   max:   255  min: 0  mean: 16.1863  area: 7483392  std:24.687
******* Stain area detected
_______________________________________

SA609_Ki67_C1_3404_Ki67.tif:   max:   255  min: 0  mean: 48.6204  area: 8202496  std:64.3133
******* Stain area detected
_______________________________________

SA609_Ki67_C1_3447_Ki67.tif:   max:   255  min: 0  mean: 67.331  area: 6912512  std:76.3245
******* Stain area detected
_______________________________________

SA609_Ki67_C1_3505_Ki67.tif:   max:   255  min: 0  mean: 81.8035  area: 8155136  std:87.1877
******* Stain area detected
_______________________________________

SA609_Ki67_C1_3510_Ki67.tif:   max:   255  min: 0  mean: 75.582  area: 9241344  std:84.4602
******* Stain area detected
_______________________________________

SA609_Ki67_C2_3083_Ki67.tif:   max:   255  min: 0  mean: 77.1298  area: 8274240  std:88.0831
******* Stain area detected
_______________________________________

SA609_Ki67_C2_3230_Ki67.tif:   max:   255  min: 0  mean: 61.5582  area: 7442432  std:76.387
******* Stain area detected
_______________________________________

SA609_Ki67_C2_3401_Ki67.tif:   max:   254  min: 0  mean: 12.9215  area: 7661568  std:8.8271
******* Stain area detected
_______________________________________

SA609_Ki67_C2_3404_Ki67.tif:   max:   255  min: 0  mean: 73.5244  area: 8479744  std:84.4967
******* Stain area detected
_______________________________________

SA609_Ki67_C2_3447_Ki67.tif:   max:   255  min: 0  mean: 71.6853  area: 7268352  std:79.983
******* Stain area detected
_______________________________________

SA609_Ki67_C2_3505_Ki67.tif:   max:   255  min: 0  mean: 71.2764  area: 8430080  std:86.5392
******* Stain area detected
_______________________________________

SA609_Ki67_C2_3510_Ki67.tif:   max:   255  min: 0  mean: 80.3903  area: 8663040  std:82.7059
******* Stain area detected
_________________________

Nb of processed images:  14
Completed
SA609_Ki67_C2_3505_Ki67.tif:   max:   255  min: 0  mean: 71.2764  area: 8430080  std:86.5392
******* Stain area detected
_______________________________________

SA609_Ki67_C2_3510_Ki67.tif:   max:   255  min: 0  mean: 80.3903  area: 8663040  std:82.7059
******* Stain area detected
_________________________

Nb of processed images:  14
Completed
Working dir: /home/htran/storage/images_dataset/drug_images/Ki67_tiles/

/home/htran/storage/images_dataset/drug_images/Ki67_tiles/Ki67/
/home/htran/storage/images_dataset/drug_images/Ki67_tiles/SEG/
_______________________________________

Nb of processing images: 14

_______________________________________

SA609_Ki67_C1_3083
SA609_Ki67_C1_3083_SEG.tif
Time:    02:33:27
Detect cell phenotype
