\Clear
/home/htran/storage/images_dataset/large_tissue/1_10/
CD57
1_10_CD57.svs__1_11960_17940_NUC.tif
  
  
/home/htran/storage/images_dataset/large_tissue/1_10/CD57_tiles/deconv/1_10_CD57.svs__1_11960_17940.tif
Before mask processing: 
1_10_CD57.svs__1_11960_17940_NUC.tif:   max:   255  mean: 92.3829
After mask processing: 
1_10_CD57.svs__1_11960_17940_NUC.tif:   max:   255  mean: 71.2584
1_10_CD57.svs__1_11960_20930_NUC.tif
  
  
/home/htran/storage/images_dataset/large_tissue/1_10/CD57_tiles/deconv/1_10_CD57.svs__1_11960_20930.tif
Before mask processing: 
1_10_CD57.svs__1_11960_20930_NUC.tif:   max:   255  mean: 134.727
After mask processing: 
1_10_CD57.svs__1_11960_20930_NUC.tif:   max:   255  mean: 134.727
1_10_CD57.svs__1_11960_23920_NUC.tif
  
  
/home/htran/storage/images_dataset/large_tissue/1_10/CD57_tiles/deconv/1_10_CD57.svs__1_11960_23920.tif
Before mask processing: 
1_10_CD57.svs__1_11960_23920_NUC.tif:   max:   255  mean: 151.5781
After mask processing: 
1_10_CD57.svs__1_11960_23920_NUC.tif:   max:   255  mean: 151.5781
1_10_CD57.svs__1_11960_26910_NUC.tif
  
  
/home/htran/storage/images_dataset/large_tissue/1_10/CD57_tiles/deconv/1_10_CD57.svs__1_11960_26910.tif
Before mask processing: 
1_10_CD57.svs__1_11960_26910_NUC.tif:   max:   255  mean: 166.2211
After mask processing: 
1_10_CD57.svs__1_11960_26910_NUC.tif:   max:   255  mean: 161.9073
1_10_CD57.svs__1_11960_29900_NUC.tif
  
  
/home/htran/storage/images_dataset/large_tissue/1_10/CD57_tiles/deconv/1_10_CD57.svs__1_11960_29900.tif
Before mask processing: 
1_10_CD57.svs__1_11960_29900_NUC.tif:   max:   255  mean: 28.4765
After mask processing: 
1_10_CD57.svs__1_11960_29900_NUC.tif:   max:   255  mean: 11.6183
1_10_CD57.svs__1_14950_14950_NUC.tif
  
  
/home/htran/storage/images_dataset/large_tissue/1_10/CD57_tiles/deconv/1_10_CD57.svs__1_14950_14950.tif
Before mask processing: 
1_10_CD57.svs__1_14950_14950_NUC.tif:   max:   255  mean: 6.4704
After mask processing: 
1_10_CD57.svs__1_14950_14950_NUC.tif:   max:   255  mean: 0.4265
1_10_CD57.svs__1_14950_17940_NUC.tif
  
  
/home/htran/storage/images_dataset/large_tissue/1_10/CD57_tiles/deconv/1_10_CD57.svs__1_14950_17940.tif
Before mask processing: 
1_10_CD57.svs__1_14950_17940_NUC.tif:   max:   255  mean: 143.5207
After mask processing: 
1_10_CD57.svs__1_14950_17940_NUC.tif:   max:   255  mean: 130.6734
1_10_CD57.svs__1_14950_20930_NUC.tif
  
  
/home/htran/storage/images_dataset/large_tissue/1_10/CD57_tiles/deconv/1_10_CD57.svs__1_14950_20930.tif
Before mask processing: 
1_10_CD57.svs__1_14950_20930_NUC.tif:   max:   255  mean: 141.2173
After mask processing: 
1_10_CD57.svs__1_14950_20930_NUC.tif:   max:   255  mean: 141.2173
1_10_CD57.svs__1_14950_23920_NUC.tif
  
  
/home/htran/storage/images_dataset/large_tissue/1_10/CD57_tiles/deconv/1_10_CD57.svs__1_14950_23920.tif
Before mask processing: 
1_10_CD57.svs__1_14950_23920_NUC.tif:   max:   255  mean: 143.283
After mask processing: 
1_10_CD57.svs__1_14950_23920_NUC.tif:   max:   255  mean: 143.283
1_10_CD57.svs__1_14950_26910_NUC.tif
  
  
/home/htran/storage/images_dataset/large_tissue/1_10/CD57_tiles/deconv/1_10_CD57.svs__1_14950_26910.tif
Before mask processing: 
1_10_CD57.svs__1_14950_26910_NUC.tif:   max:   255  mean: 150.9365
After mask processing: 
1_10_CD57.svs__1_14950_26910_NUC.tif:   max:   255  mean: 150.9365
1_10_CD57.svs__1_14950_29900_NUC.tif
  
  
/home/htran/storage/images_dataset/large_tissue/1_10/CD57_tiles/deconv/1_10_CD57.svs__1_14950_29900.tif
Before mask processing: 
1_10_CD57.svs__1_14950_29900_NUC.tif:   max:   255  mean: 47.7778
After mask processing: 
1_10_CD57.svs__1_14950_29900_NUC.tif:   max:   255  mean: 28.4924
1_10_CD57.svs__1_17940_14950_NUC.tif
  
  
/home/htran/storage/images_dataset/large_tissue/1_10/CD57_tiles/deconv/1_10_CD57.svs__1_17940_14950.tif
Before mask processing: 
1_10_CD57.svs__1_17940_14950_NUC.tif:   max:   255  mean: 49.8303
After mask processing: 
1_10_CD57.svs__1_17940_14950_NUC.tif:   max:   255  mean: 29.5781
1_10_CD57.svs__1_17940_17940_NUC.tif
  
  
/home/htran/storage/images_dataset/large_tissue/1_10/CD57_tiles/deconv/1_10_CD57.svs__1_17940_17940.tif
Before mask processing: 
1_10_CD57.svs__1_17940_17940_NUC.tif:   max:   255  mean: 139.312
After mask processing: 
1_10_CD57.svs__1_17940_17940_NUC.tif:   max:   255  mean: 139.312
1_10_CD57.svs__1_17940_20930_NUC.tif
  
  
/home/htran/storage/images_dataset/large_tissue/1_10/CD57_tiles/deconv/1_10_CD57.svs__1_17940_20930.tif
Before mask processing: 
1_10_CD57.svs__1_17940_20930_NUC.tif:   max:   255  mean: 149.4642
After mask processing: 
1_10_CD57.svs__1_17940_20930_NUC.tif:   max:   255  mean: 149.4642
1_10_CD57.svs__1_17940_23920_NUC.tif
  
  
/home/htran/storage/images_dataset/large_tissue/1_10/CD57_tiles/deconv/1_10_CD57.svs__1_17940_23920.tif
Before mask processing: 
1_10_CD57.svs__1_17940_23920_NUC.tif:   max:   255  mean: 153.0541
After mask processing: 
1_10_CD57.svs__1_17940_23920_NUC.tif:   max:   255  mean: 153.0541
1_10_CD57.svs__1_17940_26910_NUC.tif
  
  
/home/htran/storage/images_dataset/large_tissue/1_10/CD57_tiles/deconv/1_10_CD57.svs__1_17940_26910.tif
Before mask processing: 
1_10_CD57.svs__1_17940_26910_NUC.tif:   max:   255  mean: 153.7176
After mask processing: 
1_10_CD57.svs__1_17940_26910_NUC.tif:   max:   255  mean: 153.7176
1_10_CD57.svs__1_17940_29900_NUC.tif
  
  
/home/htran/storage/images_dataset/large_tissue/1_10/CD57_tiles/deconv/1_10_CD57.svs__1_17940_29900.tif
Before mask processing: 
1_10_CD57.svs__1_17940_29900_NUC.tif:   max:   255  mean: 43.0528
After mask processing: 
1_10_CD57.svs__1_17940_29900_NUC.tif:   max:   255  mean: 25.5448
1_10_CD57.svs__1_20930_14950_NUC.tif
  
  
/home/htran/storage/images_dataset/large_tissue/1_10/CD57_tiles/deconv/1_10_CD57.svs__1_20930_14950.tif
Before mask processing: 
1_10_CD57.svs__1_20930_14950_NUC.tif:   max:   255  mean: 96.8585
After mask processing: 
1_10_CD57.svs__1_20930_14950_NUC.tif:   max:   255  mean: 79.4938
1_10_CD57.svs__1_20930_17940_NUC.tif
  
  
/home/htran/storage/images_dataset/large_tissue/1_10/CD57_tiles/deconv/1_10_CD57.svs__1_20930_17940.tif
Before mask processing: 
1_10_CD57.svs__1_20930_17940_NUC.tif:   max:   255  mean: 155.1437
After mask processing: 
1_10_CD57.svs__1_20930_17940_NUC.tif:   max:   255  mean: 155.1437
1_10_CD57.svs__1_20930_20930_NUC.tif
  
  
/home/htran/storage/images_dataset/large_tissue/1_10/CD57_tiles/deconv/1_10_CD57.svs__1_20930_20930.tif
Before mask processing: 
1_10_CD57.svs__1_20930_20930_NUC.tif:   max:   255  mean: 153.5486
After mask processing: 
1_10_CD57.svs__1_20930_20930_NUC.tif:   max:   255  mean: 153.5486
1_10_CD57.svs__1_20930_23920_NUC.tif
  
  
/home/htran/storage/images_dataset/large_tissue/1_10/CD57_tiles/deconv/1_10_CD57.svs__1_20930_23920.tif
Before mask processing: 
1_10_CD57.svs__1_20930_23920_NUC.tif:   max:   255  mean: 149.5832
After mask processing: 
1_10_CD57.svs__1_20930_23920_NUC.tif:   max:   255  mean: 149.5832
1_10_CD57.svs__1_20930_26910_NUC.tif
  
  
/home/htran/storage/images_dataset/large_tissue/1_10/CD57_tiles/deconv/1_10_CD57.svs__1_20930_26910.tif
Before mask processing: 
1_10_CD57.svs__1_20930_26910_NUC.tif:   max:   255  mean: 158.0047
After mask processing: 
1_10_CD57.svs__1_20930_26910_NUC.tif:   max:   255  mean: 149.4446
1_10_CD57.svs__1_20930_29900_NUC.tif
  
  
/home/htran/storage/images_dataset/large_tissue/1_10/CD57_tiles/deconv/1_10_CD57.svs__1_20930_29900.tif
Before mask processing: 
1_10_CD57.svs__1_20930_29900_NUC.tif:   max:   255  mean: 26.7803
After mask processing: 
1_10_CD57.svs__1_20930_29900_NUC.tif:   max:   255  mean: 7.1403
1_10_CD57.svs__1_23920_11960_NUC.tif
  
  
/home/htran/storage/images_dataset/large_tissue/1_10/CD57_tiles/deconv/1_10_CD57.svs__1_23920_11960.tif
Before mask processing: 
1_10_CD57.svs__1_23920_11960_NUC.tif:   max:   255  mean: 22.9183
After mask processing: 
1_10_CD57.svs__1_23920_11960_NUC.tif:   max:   255  mean: 8.7095
1_10_CD57.svs__1_23920_14950_NUC.tif
  
  
/home/htran/storage/images_dataset/large_tissue/1_10/CD57_tiles/deconv/1_10_CD57.svs__1_23920_14950.tif
Before mask processing: 
1_10_CD57.svs__1_23920_14950_NUC.tif:   max:   255  mean: 157.6864
After mask processing: 
1_10_CD57.svs__1_23920_14950_NUC.tif:   max:   255  mean: 145.467
1_10_CD57.svs__1_23920_17940_NUC.tif
  
  
/home/htran/storage/images_dataset/large_tissue/1_10/CD57_tiles/deconv/1_10_CD57.svs__1_23920_17940.tif
Before mask processing: 
1_10_CD57.svs__1_23920_17940_NUC.tif:   max:   255  mean: 159.2747
After mask processing: 
1_10_CD57.svs__1_23920_17940_NUC.tif:   max:   255  mean: 159.2747
1_10_CD57.svs__1_23920_20930_NUC.tif
  
  
/home/htran/storage/images_dataset/large_tissue/1_10/CD57_tiles/deconv/1_10_CD57.svs__1_23920_20930.tif
Before mask processing: 
1_10_CD57.svs__1_23920_20930_NUC.tif:   max:   255  mean: 142.9702
After mask processing: 
1_10_CD57.svs__1_23920_20930_NUC.tif:   max:   255  mean: 142.9702
1_10_CD57.svs__1_23920_23920_NUC.tif
  
  
/home/htran/storage/images_dataset/large_tissue/1_10/CD57_tiles/deconv/1_10_CD57.svs__1_23920_23920.tif
Before mask processing: 
1_10_CD57.svs__1_23920_23920_NUC.tif:   max:   255  mean: 159.1159
After mask processing: 
1_10_CD57.svs__1_23920_23920_NUC.tif:   max:   255  mean: 159.1159
1_10_CD57.svs__1_23920_26910_NUC.tif
  
  
/home/htran/storage/images_dataset/large_tissue/1_10/CD57_tiles/deconv/1_10_CD57.svs__1_23920_26910.tif
Before mask processing: 
1_10_CD57.svs__1_23920_26910_NUC.tif:   max:   255  mean: 145.4584
After mask processing: 
1_10_CD57.svs__1_23920_26910_NUC.tif:   max:   255  mean: 125.0053
1_10_CD57.svs__1_23920_29900_NUC.tif
  
  
/home/htran/storage/images_dataset/large_tissue/1_10/CD57_tiles/deconv/1_10_CD57.svs__1_23920_29900.tif
Before mask processing: 
1_10_CD57.svs__1_23920_29900_NUC.tif:   max:   255  mean: 3.6804
After mask processing: 
1_10_CD57.svs__1_23920_29900_NUC.tif:   max:   0  mean: 0
1_10_CD57.svs__1_26910_11960_NUC.tif
  
  
/home/htran/storage/images_dataset/large_tissue/1_10/CD57_tiles/deconv/1_10_CD57.svs__1_26910_11960.tif
Before mask processing: 
1_10_CD57.svs__1_26910_11960_NUC.tif:   max:   255  mean: 54.7946
After mask processing: 
1_10_CD57.svs__1_26910_11960_NUC.tif:   max:   255  mean: 35.2949
1_10_CD57.svs__1_26910_14950_NUC.tif
  
  
/home/htran/storage/images_dataset/large_tissue/1_10/CD57_tiles/deconv/1_10_CD57.svs__1_26910_14950.tif
Before mask processing: 
1_10_CD57.svs__1_26910_14950_NUC.tif:   max:   255  mean: 167.8689
After mask processing: 
1_10_CD57.svs__1_26910_14950_NUC.tif:   max:   255  mean: 167.8689
1_10_CD57.svs__1_26910_17940_NUC.tif
  
  
/home/htran/storage/images_dataset/large_tissue/1_10/CD57_tiles/deconv/1_10_CD57.svs__1_26910_17940.tif
Before mask processing: 
1_10_CD57.svs__1_26910_17940_NUC.tif:   max:   255  mean: 165.7234
After mask processing: 
1_10_CD57.svs__1_26910_17940_NUC.tif:   max:   255  mean: 165.7234
1_10_CD57.svs__1_26910_20930_NUC.tif
  
  
/home/htran/storage/images_dataset/large_tissue/1_10/CD57_tiles/deconv/1_10_CD57.svs__1_26910_20930.tif
Before mask processing: 
1_10_CD57.svs__1_26910_20930_NUC.tif:   max:   255  mean: 144.0671
After mask processing: 
1_10_CD57.svs__1_26910_20930_NUC.tif:   max:   255  mean: 144.0671
1_10_CD57.svs__1_26910_23920_NUC.tif
  
  
/home/htran/storage/images_dataset/large_tissue/1_10/CD57_tiles/deconv/1_10_CD57.svs__1_26910_23920.tif
Before mask processing: 
1_10_CD57.svs__1_26910_23920_NUC.tif:   max:   255  mean: 157.4562
After mask processing: 
1_10_CD57.svs__1_26910_23920_NUC.tif:   max:   255  mean: 157.4562
1_10_CD57.svs__1_26910_26910_NUC.tif
  
  
/home/htran/storage/images_dataset/large_tissue/1_10/CD57_tiles/deconv/1_10_CD57.svs__1_26910_26910.tif
Before mask processing: 
1_10_CD57.svs__1_26910_26910_NUC.tif:   max:   255  mean: 77.1566
After mask processing: 
1_10_CD57.svs__1_26910_26910_NUC.tif:   max:   255  mean: 59.8338
1_10_CD57.svs__1_29900_11960_NUC.tif
  
  
/home/htran/storage/images_dataset/large_tissue/1_10/CD57_tiles/deconv/1_10_CD57.svs__1_29900_11960.tif
Before mask processing: 
1_10_CD57.svs__1_29900_11960_NUC.tif:   max:   255  mean: 127.215
After mask processing: 
1_10_CD57.svs__1_29900_11960_NUC.tif:   max:   255  mean: 106.3888
1_10_CD57.svs__1_29900_14950_NUC.tif
  
  
/home/htran/storage/images_dataset/large_tissue/1_10/CD57_tiles/deconv/1_10_CD57.svs__1_29900_14950.tif
Before mask processing: 
1_10_CD57.svs__1_29900_14950_NUC.tif:   max:   255  mean: 160.7837
After mask processing: 
1_10_CD57.svs__1_29900_14950_NUC.tif:   max:   255  mean: 160.7837
1_10_CD57.svs__1_29900_17940_NUC.tif
  
  
/home/htran/storage/images_dataset/large_tissue/1_10/CD57_tiles/deconv/1_10_CD57.svs__1_29900_17940.tif
Before mask processing: 
1_10_CD57.svs__1_29900_17940_NUC.tif:   max:   255  mean: 157.4607
After mask processing: 
1_10_CD57.svs__1_29900_17940_NUC.tif:   max:   255  mean: 157.4607
1_10_CD57.svs__1_29900_20930_NUC.tif
  
  
/home/htran/storage/images_dataset/large_tissue/1_10/CD57_tiles/deconv/1_10_CD57.svs__1_29900_20930.tif
Before mask processing: 
1_10_CD57.svs__1_29900_20930_NUC.tif:   max:   255  mean: 149.0359
After mask processing: 
1_10_CD57.svs__1_29900_20930_NUC.tif:   max:   255  mean: 149.0359
1_10_CD57.svs__1_29900_23920_NUC.tif
  
  
/home/htran/storage/images_dataset/large_tissue/1_10/CD57_tiles/deconv/1_10_CD57.svs__1_29900_23920.tif
Before mask processing: 
1_10_CD57.svs__1_29900_23920_NUC.tif:   max:   255  mean: 138.4545
After mask processing: 
1_10_CD57.svs__1_29900_23920_NUC.tif:   max:   255  mean: 125.1223
1_10_CD57.svs__1_29900_26910_NUC.tif
  
  
/home/htran/storage/images_dataset/large_tissue/1_10/CD57_tiles/deconv/1_10_CD57.svs__1_29900_26910.tif
Before mask processing: 
1_10_CD57.svs__1_29900_26910_NUC.tif:   max:   255  mean: 13.5335
After mask processing: 
1_10_CD57.svs__1_29900_26910_NUC.tif:   max:   255  mean: 5.7292
1_10_CD57.svs__1_2990_20930_NUC.tif
  
  
/home/htran/storage/images_dataset/large_tissue/1_10/CD57_tiles/deconv/1_10_CD57.svs__1_2990_20930.tif
Before mask processing: 
1_10_CD57.svs__1_2990_20930_NUC.tif:   max:   255  mean: 59.7618
After mask processing: 
1_10_CD57.svs__1_2990_20930_NUC.tif:   max:   255  mean: 45.6641
1_10_CD57.svs__1_2990_23920_NUC.tif
  
  
/home/htran/storage/images_dataset/large_tissue/1_10/CD57_tiles/deconv/1_10_CD57.svs__1_2990_23920.tif
Before mask processing: 
1_10_CD57.svs__1_2990_23920_NUC.tif:   max:   255  mean: 86.3663
After mask processing: 
1_10_CD57.svs__1_2990_23920_NUC.tif:   max:   255  mean: 60.6435
1_10_CD57.svs__1_32890_11960_NUC.tif
  
  
/home/htran/storage/images_dataset/large_tissue/1_10/CD57_tiles/deconv/1_10_CD57.svs__1_32890_11960.tif
Before mask processing: 
1_10_CD57.svs__1_32890_11960_NUC.tif:   max:   255  mean: 171.7025
After mask processing: 
1_10_CD57.svs__1_32890_11960_NUC.tif:   max:   255  mean: 157.7489
1_10_CD57.svs__1_32890_14950_NUC.tif
  
  
/home/htran/storage/images_dataset/large_tissue/1_10/CD57_tiles/deconv/1_10_CD57.svs__1_32890_14950.tif
Before mask processing: 
1_10_CD57.svs__1_32890_14950_NUC.tif:   max:   255  mean: 165.8361
After mask processing: 
1_10_CD57.svs__1_32890_14950_NUC.tif:   max:   255  mean: 165.8361
1_10_CD57.svs__1_32890_17940_NUC.tif
  
  
/home/htran/storage/images_dataset/large_tissue/1_10/CD57_tiles/deconv/1_10_CD57.svs__1_32890_17940.tif
Before mask processing: 
1_10_CD57.svs__1_32890_17940_NUC.tif:   max:   255  mean: 160.088
After mask processing: 
1_10_CD57.svs__1_32890_17940_NUC.tif:   max:   255  mean: 160.088
1_10_CD57.svs__1_32890_20930_NUC.tif
  
  
/home/htran/storage/images_dataset/large_tissue/1_10/CD57_tiles/deconv/1_10_CD57.svs__1_32890_20930.tif
Before mask processing: 
1_10_CD57.svs__1_32890_20930_NUC.tif:   max:   255  mean: 157.089
After mask processing: 
1_10_CD57.svs__1_32890_20930_NUC.tif:   max:   255  mean: 157.089
1_10_CD57.svs__1_32890_23920_NUC.tif
  
  
/home/htran/storage/images_dataset/large_tissue/1_10/CD57_tiles/deconv/1_10_CD57.svs__1_32890_23920.tif
Before mask processing: 
1_10_CD57.svs__1_32890_23920_NUC.tif:   max:   255  mean: 93.5887
After mask processing: 
1_10_CD57.svs__1_32890_23920_NUC.tif:   max:   255  mean: 75.0521
1_10_CD57.svs__1_32890_8970_NUC.tif
  
  
/home/htran/storage/images_dataset/large_tissue/1_10/CD57_tiles/deconv/1_10_CD57.svs__1_32890_8970.tif
Before mask processing: 
1_10_CD57.svs__1_32890_8970_NUC.tif:   max:   255  mean: 14.0723
After mask processing: 
1_10_CD57.svs__1_32890_8970_NUC.tif:   max:   255  mean: 1.4471
1_10_CD57.svs__1_35880_11960_NUC.tif
  
  
/home/htran/storage/images_dataset/large_tissue/1_10/CD57_tiles/deconv/1_10_CD57.svs__1_35880_11960.tif
Before mask processing: 
1_10_CD57.svs__1_35880_11960_NUC.tif:   max:   255  mean: 167.2792
After mask processing: 
1_10_CD57.svs__1_35880_11960_NUC.tif:   max:   255  mean: 167.2792
1_10_CD57.svs__1_35880_14950_NUC.tif
  
  
/home/htran/storage/images_dataset/large_tissue/1_10/CD57_tiles/deconv/1_10_CD57.svs__1_35880_14950.tif
Before mask processing: 
1_10_CD57.svs__1_35880_14950_NUC.tif:   max:   255  mean: 161.5759
After mask processing: 
1_10_CD57.svs__1_35880_14950_NUC.tif:   max:   255  mean: 161.5759
1_10_CD57.svs__1_35880_17940_NUC.tif
  
  
/home/htran/storage/images_dataset/large_tissue/1_10/CD57_tiles/deconv/1_10_CD57.svs__1_35880_17940.tif
Before mask processing: 
1_10_CD57.svs__1_35880_17940_NUC.tif:   max:   255  mean: 149.4404
After mask processing: 
1_10_CD57.svs__1_35880_17940_NUC.tif:   max:   255  mean: 149.4404
1_10_CD57.svs__1_35880_20930_NUC.tif
  
  
/home/htran/storage/images_dataset/large_tissue/1_10/CD57_tiles/deconv/1_10_CD57.svs__1_35880_20930.tif
Before mask processing: 
1_10_CD57.svs__1_35880_20930_NUC.tif:   max:   255  mean: 152.6155
After mask processing: 
1_10_CD57.svs__1_35880_20930_NUC.tif:   max:   255  mean: 145.7694
1_10_CD57.svs__1_35880_23920_NUC.tif
  
  
/home/htran/storage/images_dataset/large_tissue/1_10/CD57_tiles/deconv/1_10_CD57.svs__1_35880_23920.tif
Before mask processing: 
1_10_CD57.svs__1_35880_23920_NUC.tif:   max:   255  mean: 41.3917
After mask processing: 
1_10_CD57.svs__1_35880_23920_NUC.tif:   max:   255  mean: 26.2915
1_10_CD57.svs__1_35880_8970_NUC.tif
  
  
/home/htran/storage/images_dataset/large_tissue/1_10/CD57_tiles/deconv/1_10_CD57.svs__1_35880_8970.tif
Before mask processing: 
1_10_CD57.svs__1_35880_8970_NUC.tif:   max:   255  mean: 128.8685
After mask processing: 
1_10_CD57.svs__1_35880_8970_NUC.tif:   max:   255  mean: 86.8775
1_10_CD57.svs__1_38870_11960_NUC.tif
  
  
/home/htran/storage/images_dataset/large_tissue/1_10/CD57_tiles/deconv/1_10_CD57.svs__1_38870_11960.tif
Before mask processing: 
1_10_CD57.svs__1_38870_11960_NUC.tif:   max:   255  mean: 149.8815
After mask processing: 
1_10_CD57.svs__1_38870_11960_NUC.tif:   max:   255  mean: 149.8815
1_10_CD57.svs__1_38870_14950_NUC.tif
  
  
/home/htran/storage/images_dataset/large_tissue/1_10/CD57_tiles/deconv/1_10_CD57.svs__1_38870_14950.tif
Before mask processing: 
1_10_CD57.svs__1_38870_14950_NUC.tif:   max:   255  mean: 161.2292
After mask processing: 
1_10_CD57.svs__1_38870_14950_NUC.tif:   max:   255  mean: 161.2292
1_10_CD57.svs__1_38870_17940_NUC.tif
  
  
/home/htran/storage/images_dataset/large_tissue/1_10/CD57_tiles/deconv/1_10_CD57.svs__1_38870_17940.tif
Before mask processing: 
1_10_CD57.svs__1_38870_17940_NUC.tif:   max:   255  mean: 167.5972
After mask processing: 
1_10_CD57.svs__1_38870_17940_NUC.tif:   max:   255  mean: 163.2943
1_10_CD57.svs__1_38870_20930_NUC.tif
  
  
/home/htran/storage/images_dataset/large_tissue/1_10/CD57_tiles/deconv/1_10_CD57.svs__1_38870_20930.tif
Before mask processing: 
1_10_CD57.svs__1_38870_20930_NUC.tif:   max:   255  mean: 63.7365
After mask processing: 
1_10_CD57.svs__1_38870_20930_NUC.tif:   max:   255  mean: 45.7045
1_10_CD57.svs__1_38870_5980_NUC.tif
  
  
/home/htran/storage/images_dataset/large_tissue/1_10/CD57_tiles/deconv/1_10_CD57.svs__1_38870_5980.tif
Before mask processing: 
1_10_CD57.svs__1_38870_5980_NUC.tif:   max:   255  mean: 55.806
After mask processing: 
1_10_CD57.svs__1_38870_5980_NUC.tif:   max:   255  mean: 24.0149
1_10_CD57.svs__1_38870_8970_NUC.tif
  
  
/home/htran/storage/images_dataset/large_tissue/1_10/CD57_tiles/deconv/1_10_CD57.svs__1_38870_8970.tif
Before mask processing: 
1_10_CD57.svs__1_38870_8970_NUC.tif:   max:   255  mean: 167.2331
After mask processing: 
1_10_CD57.svs__1_38870_8970_NUC.tif:   max:   255  mean: 157.7804
1_10_CD57.svs__1_41860_11960_NUC.tif
  
  
/home/htran/storage/images_dataset/large_tissue/1_10/CD57_tiles/deconv/1_10_CD57.svs__1_41860_11960.tif
Before mask processing: 
1_10_CD57.svs__1_41860_11960_NUC.tif:   max:   255  mean: 166.873
After mask processing: 
1_10_CD57.svs__1_41860_11960_NUC.tif:   max:   255  mean: 166.873
1_10_CD57.svs__1_41860_14950_NUC.tif
  
  
/home/htran/storage/images_dataset/large_tissue/1_10/CD57_tiles/deconv/1_10_CD57.svs__1_41860_14950.tif
Before mask processing: 
1_10_CD57.svs__1_41860_14950_NUC.tif:   max:   255  mean: 161.3254
After mask processing: 
1_10_CD57.svs__1_41860_14950_NUC.tif:   max:   255  mean: 161.3254
1_10_CD57.svs__1_41860_17940_NUC.tif
  
  
/home/htran/storage/images_dataset/large_tissue/1_10/CD57_tiles/deconv/1_10_CD57.svs__1_41860_17940.tif
Before mask processing: 
1_10_CD57.svs__1_41860_17940_NUC.tif:   max:   255  mean: 107.3125
After mask processing: 
1_10_CD57.svs__1_41860_17940_NUC.tif:   max:   255  mean: 84.531
1_10_CD57.svs__1_41860_5980_NUC.tif
  
  
/home/htran/storage/images_dataset/large_tissue/1_10/CD57_tiles/deconv/1_10_CD57.svs__1_41860_5980.tif
Before mask processing: 
1_10_CD57.svs__1_41860_5980_NUC.tif:   max:   255  mean: 106.9618
After mask processing: 
1_10_CD57.svs__1_41860_5980_NUC.tif:   max:   255  mean: 81.3847
1_10_CD57.svs__1_41860_8970_NUC.tif
  
  
/home/htran/storage/images_dataset/large_tissue/1_10/CD57_tiles/deconv/1_10_CD57.svs__1_41860_8970.tif
Before mask processing: 
1_10_CD57.svs__1_41860_8970_NUC.tif:   max:   255  mean: 158.7774
After mask processing: 
1_10_CD57.svs__1_41860_8970_NUC.tif:   max:   255  mean: 158.7774
1_10_CD57.svs__1_44850_11960_NUC.tif
  
  
/home/htran/storage/images_dataset/large_tissue/1_10/CD57_tiles/deconv/1_10_CD57.svs__1_44850_11960.tif
Before mask processing: 
1_10_CD57.svs__1_44850_11960_NUC.tif:   max:   255  mean: 166.9462
After mask processing: 
1_10_CD57.svs__1_44850_11960_NUC.tif:   max:   255  mean: 166.9462
1_10_CD57.svs__1_44850_14950_NUC.tif
  
  
/home/htran/storage/images_dataset/large_tissue/1_10/CD57_tiles/deconv/1_10_CD57.svs__1_44850_14950.tif
Before mask processing: 
1_10_CD57.svs__1_44850_14950_NUC.tif:   max:   255  mean: 145.3704
After mask processing: 
1_10_CD57.svs__1_44850_14950_NUC.tif:   max:   255  mean: 125.6105
1_10_CD57.svs__1_44850_17940_NUC.tif
  
  
/home/htran/storage/images_dataset/large_tissue/1_10/CD57_tiles/deconv/1_10_CD57.svs__1_44850_17940.tif
Before mask processing: 
1_10_CD57.svs__1_44850_17940_NUC.tif:   max:   255  mean: 8.8118
After mask processing: 
1_10_CD57.svs__1_44850_17940_NUC.tif:   max:   255  mean: 1.5505
1_10_CD57.svs__1_44850_5980_NUC.tif
  
  
/home/htran/storage/images_dataset/large_tissue/1_10/CD57_tiles/deconv/1_10_CD57.svs__1_44850_5980.tif
Before mask processing: 
1_10_CD57.svs__1_44850_5980_NUC.tif:   max:   255  mean: 107.7973
After mask processing: 
1_10_CD57.svs__1_44850_5980_NUC.tif:   max:   255  mean: 83.2748
1_10_CD57.svs__1_44850_8970_NUC.tif
  
  
/home/htran/storage/images_dataset/large_tissue/1_10/CD57_tiles/deconv/1_10_CD57.svs__1_44850_8970.tif
Before mask processing: 
1_10_CD57.svs__1_44850_8970_NUC.tif:   max:   255  mean: 158.8134
After mask processing: 
1_10_CD57.svs__1_44850_8970_NUC.tif:   max:   255  mean: 152.3424
1_10_CD57.svs__1_47840_11960_NUC.tif
  
  
/home/htran/storage/images_dataset/large_tissue/1_10/CD57_tiles/deconv/1_10_CD57.svs__1_47840_11960.tif
Before mask processing: 
1_10_CD57.svs__1_47840_11960_NUC.tif:   max:   255  mean: 103.8498
After mask processing: 
1_10_CD57.svs__1_47840_11960_NUC.tif:   max:   255  mean: 81.8702
1_10_CD57.svs__1_47840_14950_NUC.tif
  
  
/home/htran/storage/images_dataset/large_tissue/1_10/CD57_tiles/deconv/1_10_CD57.svs__1_47840_14950.tif
Before mask processing: 
1_10_CD57.svs__1_47840_14950_NUC.tif:   max:   255  mean: 55.5821
After mask processing: 
1_10_CD57.svs__1_47840_14950_NUC.tif:   max:   255  mean: 35.4251
1_10_CD57.svs__1_47840_2990_NUC.tif
  
  
/home/htran/storage/images_dataset/large_tissue/1_10/CD57_tiles/deconv/1_10_CD57.svs__1_47840_2990.tif
Before mask processing: 
1_10_CD57.svs__1_47840_2990_NUC.tif:   max:   255  mean: 23.7326
After mask processing: 
1_10_CD57.svs__1_47840_2990_NUC.tif:   max:   255  mean: 4.4677
1_10_CD57.svs__1_47840_5980_NUC.tif
  
  
/home/htran/storage/images_dataset/large_tissue/1_10/CD57_tiles/deconv/1_10_CD57.svs__1_47840_5980.tif
Before mask processing: 
1_10_CD57.svs__1_47840_5980_NUC.tif:   max:   255  mean: 8.2227
After mask processing: 
1_10_CD57.svs__1_47840_5980_NUC.tif:   max:   255  mean: 0.9715
1_10_CD57.svs__1_47840_8970_NUC.tif
  
  
/home/htran/storage/images_dataset/large_tissue/1_10/CD57_tiles/deconv/1_10_CD57.svs__1_47840_8970.tif
Before mask processing: 
1_10_CD57.svs__1_47840_8970_NUC.tif:   max:   255  mean: 18.0699
After mask processing: 
1_10_CD57.svs__1_47840_8970_NUC.tif:   max:   255  mean: 4.5888
1_10_CD57.svs__1_50830_0_NUC.tif
  
  
/home/htran/storage/images_dataset/large_tissue/1_10/CD57_tiles/deconv/1_10_CD57.svs__1_50830_0.tif
Before mask processing: 
1_10_CD57.svs__1_50830_0_NUC.tif:   max:   255  mean: 42.6969
After mask processing: 
1_10_CD57.svs__1_50830_0_NUC.tif:   max:   255  mean: 26.2141
1_10_CD57.svs__1_50830_11960_NUC.tif
  
  
/home/htran/storage/images_dataset/large_tissue/1_10/CD57_tiles/deconv/1_10_CD57.svs__1_50830_11960.tif
Before mask processing: 
1_10_CD57.svs__1_50830_11960_NUC.tif:   max:   255  mean: 13.269
After mask processing: 
1_10_CD57.svs__1_50830_11960_NUC.tif:   max:   255  mean: 4.9554
1_10_CD57.svs__1_50830_14950_NUC.tif
  
  
/home/htran/storage/images_dataset/large_tissue/1_10/CD57_tiles/deconv/1_10_CD57.svs__1_50830_14950.tif
Before mask processing: 
1_10_CD57.svs__1_50830_14950_NUC.tif:   max:   254  mean: 1.0084
After mask processing: 
1_10_CD57.svs__1_50830_14950_NUC.tif:   max:   0  mean: 0
1_10_CD57.svs__1_50830_17940_NUC.tif
  
  
/home/htran/storage/images_dataset/large_tissue/1_10/CD57_tiles/deconv/1_10_CD57.svs__1_50830_17940.tif
Before mask processing: 
1_10_CD57.svs__1_50830_17940_NUC.tif:   max:   254  mean: 103.1479
After mask processing: 
1_10_CD57.svs__1_50830_17940_NUC.tif:   max:   245  mean: 82.6405
1_10_CD57.svs__1_50830_20930_NUC.tif
  
  
/home/htran/storage/images_dataset/large_tissue/1_10/CD57_tiles/deconv/1_10_CD57.svs__1_50830_20930.tif
Before mask processing: 
1_10_CD57.svs__1_50830_20930_NUC.tif:   max:   185  mean: 4.4959
After mask processing: 
1_10_CD57.svs__1_50830_20930_NUC.tif:   max:   185  mean: 4.4959
1_10_CD57.svs__1_50830_2990_NUC.tif
  
  
/home/htran/storage/images_dataset/large_tissue/1_10/CD57_tiles/deconv/1_10_CD57.svs__1_50830_2990.tif
Before mask processing: 
1_10_CD57.svs__1_50830_2990_NUC.tif:   max:   255  mean: 43.888
After mask processing: 
1_10_CD57.svs__1_50830_2990_NUC.tif:   max:   255  mean: 23.1591
1_10_CD57.svs__1_50830_5980_NUC.tif
  
  
/home/htran/storage/images_dataset/large_tissue/1_10/CD57_tiles/deconv/1_10_CD57.svs__1_50830_5980.tif
Before mask processing: 
1_10_CD57.svs__1_50830_5980_NUC.tif:   max:   255  mean: 71.2921
After mask processing: 
1_10_CD57.svs__1_50830_5980_NUC.tif:   max:   255  mean: 33.1169
1_10_CD57.svs__1_50830_8970_NUC.tif
  
  
/home/htran/storage/images_dataset/large_tissue/1_10/CD57_tiles/deconv/1_10_CD57.svs__1_50830_8970.tif
Before mask processing: 
1_10_CD57.svs__1_50830_8970_NUC.tif:   max:   255  mean: 84.4193
After mask processing: 
1_10_CD57.svs__1_50830_8970_NUC.tif:   max:   255  mean: 52.5577
1_10_CD57.svs__1_53820_0_NUC.tif
  
  
/home/htran/storage/images_dataset/large_tissue/1_10/CD57_tiles/deconv/1_10_CD57.svs__1_53820_0.tif
Before mask processing: 
1_10_CD57.svs__1_53820_0_NUC.tif:   max:   255  mean: 53.2977
After mask processing: 
1_10_CD57.svs__1_53820_0_NUC.tif:   max:   255  mean: 29.3778
1_10_CD57.svs__1_53820_11960_NUC.tif
  
  
/home/htran/storage/images_dataset/large_tissue/1_10/CD57_tiles/deconv/1_10_CD57.svs__1_53820_11960.tif
Before mask processing: 
1_10_CD57.svs__1_53820_11960_NUC.tif:   max:   255  mean: 24.9036
After mask processing: 
1_10_CD57.svs__1_53820_11960_NUC.tif:   max:   255  mean: 12.8267
1_10_CD57.svs__1_53820_2990_NUC.tif
  
  
/home/htran/storage/images_dataset/large_tissue/1_10/CD57_tiles/deconv/1_10_CD57.svs__1_53820_2990.tif
Before mask processing: 
1_10_CD57.svs__1_53820_2990_NUC.tif:   max:   255  mean: 147.0081
After mask processing: 
1_10_CD57.svs__1_53820_2990_NUC.tif:   max:   255  mean: 130.4313
1_10_CD57.svs__1_53820_5980_NUC.tif
  
  
/home/htran/storage/images_dataset/large_tissue/1_10/CD57_tiles/deconv/1_10_CD57.svs__1_53820_5980.tif
Before mask processing: 
1_10_CD57.svs__1_53820_5980_NUC.tif:   max:   255  mean: 11.7087
After mask processing: 
1_10_CD57.svs__1_53820_5980_NUC.tif:   max:   255  mean: 2.6423
1_10_CD57.svs__1_53820_8970_NUC.tif
  
  
/home/htran/storage/images_dataset/large_tissue/1_10/CD57_tiles/deconv/1_10_CD57.svs__1_53820_8970.tif
Before mask processing: 
1_10_CD57.svs__1_53820_8970_NUC.tif:   max:   255  mean: 66.663
After mask processing: 
1_10_CD57.svs__1_53820_8970_NUC.tif:   max:   255  mean: 45.6517
1_10_CD57.svs__1_56810_2990_NUC.tif
  
  
/home/htran/storage/images_dataset/large_tissue/1_10/CD57_tiles/deconv/1_10_CD57.svs__1_56810_2990.tif
Before mask processing: 
1_10_CD57.svs__1_56810_2990_NUC.tif:   max:   255  mean: 45.9033
After mask processing: 
1_10_CD57.svs__1_56810_2990_NUC.tif:   max:   255  mean: 21.3379
1_10_CD57.svs__1_59800_32890_NUC.tif
  
  
/home/htran/storage/images_dataset/large_tissue/1_10/CD57_tiles/deconv/1_10_CD57.svs__1_59800_32890.tif
Before mask processing: 
1_10_CD57.svs__1_59800_32890_NUC.tif:   max:   255  mean: 9.1173
After mask processing: 
1_10_CD57.svs__1_59800_32890_NUC.tif:   max:   255  mean: 2.2113
1_10_CD57.svs__1_59800_35880_NUC.tif
  
  
/home/htran/storage/images_dataset/large_tissue/1_10/CD57_tiles/deconv/1_10_CD57.svs__1_59800_35880.tif
Before mask processing: 
1_10_CD57.svs__1_59800_35880_NUC.tif:   max:   255  mean: 20.3145
After mask processing: 
1_10_CD57.svs__1_59800_35880_NUC.tif:   max:   255  mean: 9.6518
1_10_CD57.svs__1_59800_38870_NUC.tif
  
  
/home/htran/storage/images_dataset/large_tissue/1_10/CD57_tiles/deconv/1_10_CD57.svs__1_59800_38870.tif
Before mask processing: 
1_10_CD57.svs__1_59800_38870_NUC.tif:   max:   255  mean: 10.2947
After mask processing: 
1_10_CD57.svs__1_59800_38870_NUC.tif:   max:   255  mean: 1.5601
1_10_CD57.svs__1_59800_41860_NUC.tif
  
  
/home/htran/storage/images_dataset/large_tissue/1_10/CD57_tiles/deconv/1_10_CD57.svs__1_59800_41860.tif
Before mask processing: 
1_10_CD57.svs__1_59800_41860_NUC.tif:   max:   255  mean: 24.1036
After mask processing: 
1_10_CD57.svs__1_59800_41860_NUC.tif:   max:   255  mean: 7.9469
1_10_CD57.svs__1_5980_20930_NUC.tif
  
  
/home/htran/storage/images_dataset/large_tissue/1_10/CD57_tiles/deconv/1_10_CD57.svs__1_5980_20930.tif
Before mask processing: 
1_10_CD57.svs__1_5980_20930_NUC.tif:   max:   255  mean: 111.2039
After mask processing: 
1_10_CD57.svs__1_5980_20930_NUC.tif:   max:   255  mean: 103.069
1_10_CD57.svs__1_5980_23920_NUC.tif
  
  
/home/htran/storage/images_dataset/large_tissue/1_10/CD57_tiles/deconv/1_10_CD57.svs__1_5980_23920.tif
Before mask processing: 
1_10_CD57.svs__1_5980_23920_NUC.tif:   max:   255  mean: 142.0705
After mask processing: 
1_10_CD57.svs__1_5980_23920_NUC.tif:   max:   255  mean: 139.7615
1_10_CD57.svs__1_5980_26910_NUC.tif
  
  
/home/htran/storage/images_dataset/large_tissue/1_10/CD57_tiles/deconv/1_10_CD57.svs__1_5980_26910.tif
Before mask processing: 
1_10_CD57.svs__1_5980_26910_NUC.tif:   max:   255  mean: 85.672
After mask processing: 
1_10_CD57.svs__1_5980_26910_NUC.tif:   max:   255  mean: 59.0472
1_10_CD57.svs__1_62790_32890_NUC.tif
  
  
/home/htran/storage/images_dataset/large_tissue/1_10/CD57_tiles/deconv/1_10_CD57.svs__1_62790_32890.tif
Before mask processing: 
1_10_CD57.svs__1_62790_32890_NUC.tif:   max:   255  mean: 8.4178
After mask processing: 
1_10_CD57.svs__1_62790_32890_NUC.tif:   max:   255  mean: 2.6991
1_10_CD57.svs__1_62790_35880_NUC.tif
  
  
/home/htran/storage/images_dataset/large_tissue/1_10/CD57_tiles/deconv/1_10_CD57.svs__1_62790_35880.tif
Before mask processing: 
1_10_CD57.svs__1_62790_35880_NUC.tif:   max:   255  mean: 134.3884
After mask processing: 
1_10_CD57.svs__1_62790_35880_NUC.tif:   max:   255  mean: 106.1689
1_10_CD57.svs__1_62790_38870_NUC.tif
  
  
/home/htran/storage/images_dataset/large_tissue/1_10/CD57_tiles/deconv/1_10_CD57.svs__1_62790_38870.tif
Before mask processing: 
1_10_CD57.svs__1_62790_38870_NUC.tif:   max:   255  mean: 81.7422
After mask processing: 
1_10_CD57.svs__1_62790_38870_NUC.tif:   max:   255  mean: 56.5276
1_10_CD57.svs__1_62790_41860_NUC.tif
  
  
/home/htran/storage/images_dataset/large_tissue/1_10/CD57_tiles/deconv/1_10_CD57.svs__1_62790_41860.tif
Before mask processing: 
1_10_CD57.svs__1_62790_41860_NUC.tif:   max:   255  mean: 151.1481
After mask processing: 
1_10_CD57.svs__1_62790_41860_NUC.tif:   max:   255  mean: 132.6882
1_10_CD57.svs__1_62790_44850_NUC.tif
  
  
/home/htran/storage/images_dataset/large_tissue/1_10/CD57_tiles/deconv/1_10_CD57.svs__1_62790_44850.tif
Before mask processing: 
1_10_CD57.svs__1_62790_44850_NUC.tif:   max:   255  mean: 27.1147
After mask processing: 
1_10_CD57.svs__1_62790_44850_NUC.tif:   max:   255  mean: 9.4004
1_10_CD57.svs__1_65780_23920_NUC.tif
  
  
/home/htran/storage/images_dataset/large_tissue/1_10/CD57_tiles/deconv/1_10_CD57.svs__1_65780_23920.tif
Before mask processing: 
1_10_CD57.svs__1_65780_23920_NUC.tif:   max:   255  mean: 51.5136
After mask processing: 
1_10_CD57.svs__1_65780_23920_NUC.tif:   max:   255  mean: 32.5848
1_10_CD57.svs__1_65780_26910_NUC.tif
  
  
/home/htran/storage/images_dataset/large_tissue/1_10/CD57_tiles/deconv/1_10_CD57.svs__1_65780_26910.tif
Before mask processing: 
1_10_CD57.svs__1_65780_26910_NUC.tif:   max:   255  mean: 127.5079
After mask processing: 
1_10_CD57.svs__1_65780_26910_NUC.tif:   max:   255  mean: 108.8033
1_10_CD57.svs__1_65780_29900_NUC.tif
  
  
/home/htran/storage/images_dataset/large_tissue/1_10/CD57_tiles/deconv/1_10_CD57.svs__1_65780_29900.tif
Before mask processing: 
1_10_CD57.svs__1_65780_29900_NUC.tif:   max:   255  mean: 96.876
After mask processing: 
1_10_CD57.svs__1_65780_29900_NUC.tif:   max:   255  mean: 74.3366
1_10_CD57.svs__1_65780_32890_NUC.tif
  
  
/home/htran/storage/images_dataset/large_tissue/1_10/CD57_tiles/deconv/1_10_CD57.svs__1_65780_32890.tif
Before mask processing: 
1_10_CD57.svs__1_65780_32890_NUC.tif:   max:   255  mean: 30.049
After mask processing: 
1_10_CD57.svs__1_65780_32890_NUC.tif:   max:   255  mean: 16.2201
1_10_CD57.svs__1_65780_35880_NUC.tif
  
  
/home/htran/storage/images_dataset/large_tissue/1_10/CD57_tiles/deconv/1_10_CD57.svs__1_65780_35880.tif
Before mask processing: 
1_10_CD57.svs__1_65780_35880_NUC.tif:   max:   255  mean: 60.679
After mask processing: 
1_10_CD57.svs__1_65780_35880_NUC.tif:   max:   255  mean: 43.957
1_10_CD57.svs__1_65780_38870_NUC.tif
  
  
/home/htran/storage/images_dataset/large_tissue/1_10/CD57_tiles/deconv/1_10_CD57.svs__1_65780_38870.tif
Before mask processing: 
1_10_CD57.svs__1_65780_38870_NUC.tif:   max:   255  mean: 129.7283
After mask processing: 
1_10_CD57.svs__1_65780_38870_NUC.tif:   max:   255  mean: 114.6108
1_10_CD57.svs__1_65780_41860_NUC.tif
  
  
/home/htran/storage/images_dataset/large_tissue/1_10/CD57_tiles/deconv/1_10_CD57.svs__1_65780_41860.tif
Before mask processing: 
1_10_CD57.svs__1_65780_41860_NUC.tif:   max:   255  mean: 21.5589
After mask processing: 
1_10_CD57.svs__1_65780_41860_NUC.tif:   max:   255  mean: 5.9747
1_10_CD57.svs__1_68770_20930_NUC.tif
  
  
/home/htran/storage/images_dataset/large_tissue/1_10/CD57_tiles/deconv/1_10_CD57.svs__1_68770_20930.tif
Before mask processing: 
1_10_CD57.svs__1_68770_20930_NUC.tif:   max:   255  mean: 95.4081
After mask processing: 
1_10_CD57.svs__1_68770_20930_NUC.tif:   max:   255  mean: 68.1554
1_10_CD57.svs__1_68770_23920_NUC.tif
  
  
/home/htran/storage/images_dataset/large_tissue/1_10/CD57_tiles/deconv/1_10_CD57.svs__1_68770_23920.tif
Before mask processing: 
1_10_CD57.svs__1_68770_23920_NUC.tif:   max:   255  mean: 143.2768
After mask processing: 
1_10_CD57.svs__1_68770_23920_NUC.tif:   max:   255  mean: 140.4894
1_10_CD57.svs__1_68770_26910_NUC.tif
  
  
/home/htran/storage/images_dataset/large_tissue/1_10/CD57_tiles/deconv/1_10_CD57.svs__1_68770_26910.tif
Before mask processing: 
1_10_CD57.svs__1_68770_26910_NUC.tif:   max:   255  mean: 140.5407
After mask processing: 
1_10_CD57.svs__1_68770_26910_NUC.tif:   max:   255  mean: 140.5407
1_10_CD57.svs__1_68770_29900_NUC.tif
  
  
/home/htran/storage/images_dataset/large_tissue/1_10/CD57_tiles/deconv/1_10_CD57.svs__1_68770_29900.tif
Before mask processing: 
1_10_CD57.svs__1_68770_29900_NUC.tif:   max:   255  mean: 134.9473
After mask processing: 
1_10_CD57.svs__1_68770_29900_NUC.tif:   max:   255  mean: 134.9473
1_10_CD57.svs__1_68770_32890_NUC.tif
  
  
/home/htran/storage/images_dataset/large_tissue/1_10/CD57_tiles/deconv/1_10_CD57.svs__1_68770_32890.tif
Before mask processing: 
1_10_CD57.svs__1_68770_32890_NUC.tif:   max:   255  mean: 140.4063
After mask processing: 
1_10_CD57.svs__1_68770_32890_NUC.tif:   max:   255  mean: 116.5256
1_10_CD57.svs__1_68770_35880_NUC.tif
  
  
/home/htran/storage/images_dataset/large_tissue/1_10/CD57_tiles/deconv/1_10_CD57.svs__1_68770_35880.tif
Before mask processing: 
1_10_CD57.svs__1_68770_35880_NUC.tif:   max:   255  mean: 8.8184
After mask processing: 
1_10_CD57.svs__1_68770_35880_NUC.tif:   max:   254  mean: 2.4283
1_10_CD57.svs__1_68770_38870_NUC.tif
  
  
/home/htran/storage/images_dataset/large_tissue/1_10/CD57_tiles/deconv/1_10_CD57.svs__1_68770_38870.tif
Before mask processing: 
1_10_CD57.svs__1_68770_38870_NUC.tif:   max:   255  mean: 56.7658
After mask processing: 
1_10_CD57.svs__1_68770_38870_NUC.tif:   max:   255  mean: 38.2696
1_10_CD57.svs__1_71760_17940_NUC.tif
  
  
/home/htran/storage/images_dataset/large_tissue/1_10/CD57_tiles/deconv/1_10_CD57.svs__1_71760_17940.tif
Before mask processing: 
1_10_CD57.svs__1_71760_17940_NUC.tif:   max:   255  mean: 15.1333
After mask processing: 
1_10_CD57.svs__1_71760_17940_NUC.tif:   max:   255  mean: 5.2652
1_10_CD57.svs__1_71760_20930_NUC.tif
  
  
/home/htran/storage/images_dataset/large_tissue/1_10/CD57_tiles/deconv/1_10_CD57.svs__1_71760_20930.tif
Before mask processing: 
1_10_CD57.svs__1_71760_20930_NUC.tif:   max:   255  mean: 147.8949
After mask processing: 
1_10_CD57.svs__1_71760_20930_NUC.tif:   max:   255  mean: 137.6593
1_10_CD57.svs__1_71760_23920_NUC.tif
  
  
/home/htran/storage/images_dataset/large_tissue/1_10/CD57_tiles/deconv/1_10_CD57.svs__1_71760_23920.tif
Before mask processing: 
1_10_CD57.svs__1_71760_23920_NUC.tif:   max:   255  mean: 153.8104
After mask processing: 
1_10_CD57.svs__1_71760_23920_NUC.tif:   max:   255  mean: 153.8104
1_10_CD57.svs__1_71760_26910_NUC.tif
  
  
/home/htran/storage/images_dataset/large_tissue/1_10/CD57_tiles/deconv/1_10_CD57.svs__1_71760_26910.tif
Before mask processing: 
1_10_CD57.svs__1_71760_26910_NUC.tif:   max:   255  mean: 148.8384
After mask processing: 
1_10_CD57.svs__1_71760_26910_NUC.tif:   max:   255  mean: 148.8384
1_10_CD57.svs__1_71760_29900_NUC.tif
  
  
/home/htran/storage/images_dataset/large_tissue/1_10/CD57_tiles/deconv/1_10_CD57.svs__1_71760_29900.tif
Before mask processing: 
1_10_CD57.svs__1_71760_29900_NUC.tif:   max:   255  mean: 151.4446
After mask processing: 
1_10_CD57.svs__1_71760_29900_NUC.tif:   max:   255  mean: 138.8199
1_10_CD57.svs__1_71760_32890_NUC.tif
  
  
/home/htran/storage/images_dataset/large_tissue/1_10/CD57_tiles/deconv/1_10_CD57.svs__1_71760_32890.tif
Before mask processing: 
1_10_CD57.svs__1_71760_32890_NUC.tif:   max:   255  mean: 60.6479
After mask processing: 
1_10_CD57.svs__1_71760_32890_NUC.tif:   max:   255  mean: 40.1158
1_10_CD57.svs__1_74750_17940_NUC.tif
  
  
/home/htran/storage/images_dataset/large_tissue/1_10/CD57_tiles/deconv/1_10_CD57.svs__1_74750_17940.tif
Before mask processing: 
1_10_CD57.svs__1_74750_17940_NUC.tif:   max:   255  mean: 7.2043
After mask processing: 
1_10_CD57.svs__1_74750_17940_NUC.tif:   max:   255  mean: 1.2479
1_10_CD57.svs__1_74750_20930_NUC.tif
  
  
/home/htran/storage/images_dataset/large_tissue/1_10/CD57_tiles/deconv/1_10_CD57.svs__1_74750_20930.tif
Before mask processing: 
1_10_CD57.svs__1_74750_20930_NUC.tif:   max:   255  mean: 121.5321
After mask processing: 
1_10_CD57.svs__1_74750_20930_NUC.tif:   max:   255  mean: 101.4161
1_10_CD57.svs__1_74750_23920_NUC.tif
  
  
/home/htran/storage/images_dataset/large_tissue/1_10/CD57_tiles/deconv/1_10_CD57.svs__1_74750_23920.tif
Before mask processing: 
1_10_CD57.svs__1_74750_23920_NUC.tif:   max:   255  mean: 144.6642
After mask processing: 
1_10_CD57.svs__1_74750_23920_NUC.tif:   max:   255  mean: 124.5096
1_10_CD57.svs__1_74750_26910_NUC.tif
  
  
/home/htran/storage/images_dataset/large_tissue/1_10/CD57_tiles/deconv/1_10_CD57.svs__1_74750_26910.tif
Before mask processing: 
1_10_CD57.svs__1_74750_26910_NUC.tif:   max:   255  mean: 88.6804
After mask processing: 
1_10_CD57.svs__1_74750_26910_NUC.tif:   max:   255  mean: 67.8093
1_10_CD57.svs__1_74750_29900_NUC.tif
  
  
/home/htran/storage/images_dataset/large_tissue/1_10/CD57_tiles/deconv/1_10_CD57.svs__1_74750_29900.tif
Before mask processing: 
1_10_CD57.svs__1_74750_29900_NUC.tif:   max:   255  mean: 14.4337
After mask processing: 
1_10_CD57.svs__1_74750_29900_NUC.tif:   max:   255  mean: 4.0362
1_10_CD57.svs__1_8970_17940_NUC.tif
  
  
/home/htran/storage/images_dataset/large_tissue/1_10/CD57_tiles/deconv/1_10_CD57.svs__1_8970_17940.tif
Before mask processing: 
1_10_CD57.svs__1_8970_17940_NUC.tif:   max:   255  mean: 26.1929
After mask processing: 
1_10_CD57.svs__1_8970_17940_NUC.tif:   max:   255  mean: 16.7468
1_10_CD57.svs__1_8970_20930_NUC.tif
  
  
/home/htran/storage/images_dataset/large_tissue/1_10/CD57_tiles/deconv/1_10_CD57.svs__1_8970_20930.tif
Before mask processing: 
1_10_CD57.svs__1_8970_20930_NUC.tif:   max:   255  mean: 126.0135
After mask processing: 
1_10_CD57.svs__1_8970_20930_NUC.tif:   max:   255  mean: 115.9171
1_10_CD57.svs__1_8970_23920_NUC.tif
  
  
/home/htran/storage/images_dataset/large_tissue/1_10/CD57_tiles/deconv/1_10_CD57.svs__1_8970_23920.tif
Before mask processing: 
1_10_CD57.svs__1_8970_23920_NUC.tif:   max:   255  mean: 164.6236
After mask processing: 
1_10_CD57.svs__1_8970_23920_NUC.tif:   max:   255  mean: 164.6236
1_10_CD57.svs__1_8970_26910_NUC.tif
  
  
/home/htran/storage/images_dataset/large_tissue/1_10/CD57_tiles/deconv/1_10_CD57.svs__1_8970_26910.tif
Before mask processing: 
1_10_CD57.svs__1_8970_26910_NUC.tif:   max:   255  mean: 162.1958
After mask processing: 
1_10_CD57.svs__1_8970_26910_NUC.tif:   max:   255  mean: 142.1796
1_10_CD57.svs__1_8970_29900_NUC.tif
  
  
/home/htran/storage/images_dataset/large_tissue/1_10/CD57_tiles/deconv/1_10_CD57.svs__1_8970_29900.tif
Before mask processing: 
1_10_CD57.svs__1_8970_29900_NUC.tif:   max:   255  mean: 3.3805
After mask processing: 
1_10_CD57.svs__1_8970_29900_NUC.tif:   max:   0  mean: 0
background.txt
rv_background.sh
Completed
