/Users/hoatran/Documents/images_HE/images/6_10AS/CD8_tiles/NUC/
Segment images
Working dir: /Users/hoatran/Documents/images_HE/images/6_10AS/CD8_tiles/NUC/

Nb of processing images: 372

1_______________________________________

---------------------------
SEG output is exist, skip this image: 6_10AS_CD8.svs__1_101660_161460_NUC.tif
 
2_______________________________________

---------------------------
SEG output is exist, skip this image: 6_10AS_CD8.svs__1_101660_164450_NUC.tif
 
3_______________________________________

---------------------------
SEG output is exist, skip this image: 6_10AS_CD8.svs__1_101660_167440_NUC.tif
 
4_______________________________________

---------------------------
SEG output is exist, skip this image: 6_10AS_CD8.svs__1_101660_170430_NUC.tif
 
5_______________________________________

---------------------------
SEG output is exist, skip this image: 6_10AS_CD8.svs__1_101660_173420_NUC.tif
 
6_______________________________________

---------------------------
SEG output is exist, skip this image: 6_10AS_CD8.svs__1_101660_176410_NUC.tif
 
7_______________________________________

---------------------------
SEG output is exist, skip this image: 6_10AS_CD8.svs__1_101660_179400_NUC.tif
 
8_______________________________________

---------------------------
SEG output is exist, skip this image: 6_10AS_CD8.svs__1_101660_182390_NUC.tif
 
9_______________________________________

---------------------------
SEG output is exist, skip this image: 6_10AS_CD8.svs__1_104650_101660_NUC.tif
 
10_______________________________________

---------------------------
SEG output is exist, skip this image: 6_10AS_CD8.svs__1_104650_104650_NUC.tif
 
11_______________________________________

---------------------------
SEG output is exist, skip this image: 6_10AS_CD8.svs__1_104650_107640_NUC.tif
 
12_______________________________________

---------------------------
SEG output is exist, skip this image: 6_10AS_CD8.svs__1_104650_110630_NUC.tif
 
13_______________________________________

---------------------------
SEG output is exist, skip this image: 6_10AS_CD8.svs__1_104650_113620_NUC.tif
 
14_______________________________________

---------------------------
SEG output is exist, skip this image: 6_10AS_CD8.svs__1_104650_116610_NUC.tif
 
15_______________________________________

---------------------------
SEG output is exist, skip this image: 6_10AS_CD8.svs__1_104650_119600_NUC.tif
 
16_______________________________________

---------------------------
SEG output is exist, skip this image: 6_10AS_CD8.svs__1_104650_122590_NUC.tif
 
17_______________________________________

---------------------------
SEG output is exist, skip this image: 6_10AS_CD8.svs__1_104650_125580_NUC.tif
 
18_______________________________________

---------------------------
SEG output is exist, skip this image: 6_10AS_CD8.svs__1_104650_140530_NUC.tif
 
19_______________________________________

---------------------------
SEG output is exist, skip this image: 6_10AS_CD8.svs__1_104650_143520_NUC.tif
 
20_______________________________________

---------------------------
SEG output is exist, skip this image: 6_10AS_CD8.svs__1_104650_146510_NUC.tif
 
21_______________________________________

---------------------------
SEG output is exist, skip this image: 6_10AS_CD8.svs__1_104650_149500_NUC.tif
 
22_______________________________________

---------------------------
SEG output is exist, skip this image: 6_10AS_CD8.svs__1_104650_152490_NUC.tif
 
23_______________________________________

---------------------------
SEG output is exist, skip this image: 6_10AS_CD8.svs__1_104650_155480_NUC.tif
 
24_______________________________________

---------------------------
SEG output is exist, skip this image: 6_10AS_CD8.svs__1_104650_158470_NUC.tif
 
25_______________________________________

---------------------------
SEG output is exist, skip this image: 6_10AS_CD8.svs__1_104650_161460_NUC.tif
 
26_______________________________________

---------------------------
SEG output is exist, skip this image: 6_10AS_CD8.svs__1_104650_164450_NUC.tif
 
27_______________________________________

---------------------------
SEG output is exist, skip this image: 6_10AS_CD8.svs__1_104650_167440_NUC.tif
 
28_______________________________________

---------------------------
SEG output is exist, skip this image: 6_10AS_CD8.svs__1_104650_170430_NUC.tif
 
29_______________________________________

---------------------------
SEG output is exist, skip this image: 6_10AS_CD8.svs__1_104650_173420_NUC.tif
 
30_______________________________________

---------------------------
SEG output is exist, skip this image: 6_10AS_CD8.svs__1_104650_176410_NUC.tif
 
31_______________________________________

---------------------------
SEG output is exist, skip this image: 6_10AS_CD8.svs__1_104650_179400_NUC.tif
 
32_______________________________________

---------------------------
SEG output is exist, skip this image: 6_10AS_CD8.svs__1_104650_26910_NUC.tif
 
33_______________________________________

---------------------------
SEG output is exist, skip this image: 6_10AS_CD8.svs__1_104650_29900_NUC.tif
 
34_______________________________________

---------------------------
SEG output is exist, skip this image: 6_10AS_CD8.svs__1_104650_32890_NUC.tif
 
35_______________________________________

---------------------------
SEG output is exist, skip this image: 6_10AS_CD8.svs__1_104650_35880_NUC.tif
 
36_______________________________________

---------------------------
SEG output is exist, skip this image: 6_10AS_CD8.svs__1_104650_38870_NUC.tif
 
37_______________________________________

---------------------------
SEG output is exist, skip this image: 6_10AS_CD8.svs__1_104650_41860_NUC.tif
 
38_______________________________________

---------------------------
SEG output is exist, skip this image: 6_10AS_CD8.svs__1_104650_44850_NUC.tif
 
39_______________________________________

---------------------------
SEG output is exist, skip this image: 6_10AS_CD8.svs__1_104650_47840_NUC.tif
 
40_______________________________________

---------------------------
SEG output is exist, skip this image: 6_10AS_CD8.svs__1_104650_50830_NUC.tif
 
41_______________________________________

---------------------------
SEG output is exist, skip this image: 6_10AS_CD8.svs__1_104650_53820_NUC.tif
 
42_______________________________________

---------------------------
SEG output is exist, skip this image: 6_10AS_CD8.svs__1_104650_56810_NUC.tif
 
43_______________________________________

---------------------------
SEG output is exist, skip this image: 6_10AS_CD8.svs__1_104650_59800_NUC.tif
 
44_______________________________________

---------------------------
SEG output is exist, skip this image: 6_10AS_CD8.svs__1_104650_62790_NUC.tif
 
45_______________________________________

---------------------------
SEG output is exist, skip this image: 6_10AS_CD8.svs__1_104650_65780_NUC.tif
 
46_______________________________________

---------------------------
SEG output is exist, skip this image: 6_10AS_CD8.svs__1_104650_68770_NUC.tif
 
47_______________________________________

---------------------------
SEG output is exist, skip this image: 6_10AS_CD8.svs__1_104650_71760_NUC.tif
 
48_______________________________________

---------------------------
SEG output is exist, skip this image: 6_10AS_CD8.svs__1_104650_74750_NUC.tif
 
49_______________________________________

---------------------------
SEG output is exist, skip this image: 6_10AS_CD8.svs__1_104650_77740_NUC.tif
 
50_______________________________________

---------------------------
SEG output is exist, skip this image: 6_10AS_CD8.svs__1_104650_80730_NUC.tif
 
51_______________________________________

---------------------------
SEG output is exist, skip this image: 6_10AS_CD8.svs__1_104650_83720_NUC.tif
 
52_______________________________________

---------------------------
SEG output is exist, skip this image: 6_10AS_CD8.svs__1_104650_86710_NUC.tif
 
53_______________________________________

---------------------------
SEG output is exist, skip this image: 6_10AS_CD8.svs__1_104650_89700_NUC.tif
 
54_______________________________________

---------------------------
SEG output is exist, skip this image: 6_10AS_CD8.svs__1_104650_92690_NUC.tif
 
55_______________________________________

---------------------------
SEG output is exist, skip this image: 6_10AS_CD8.svs__1_104650_95680_NUC.tif
 
56_______________________________________

---------------------------
SEG output is exist, skip this image: 6_10AS_CD8.svs__1_104650_98670_NUC.tif
 
57_______________________________________

---------------------------
SEG output is exist, skip this image: 6_10AS_CD8.svs__1_107640_101660_NUC.tif
 
58_______________________________________

---------------------------
SEG output is exist, skip this image: 6_10AS_CD8.svs__1_107640_104650_NUC.tif
 
59_______________________________________

---------------------------
SEG output is exist, skip this image: 6_10AS_CD8.svs__1_107640_107640_NUC.tif
 
60_______________________________________

---------------------------
SEG output is exist, skip this image: 6_10AS_CD8.svs__1_107640_110630_NUC.tif
 
61_______________________________________

---------------------------
SEG output is exist, skip this image: 6_10AS_CD8.svs__1_107640_113620_NUC.tif
 
62_______________________________________

---------------------------
SEG output is exist, skip this image: 6_10AS_CD8.svs__1_107640_116610_NUC.tif
 
63_______________________________________

---------------------------
SEG output is exist, skip this image: 6_10AS_CD8.svs__1_107640_119600_NUC.tif
 
64_______________________________________

---------------------------
SEG output is exist, skip this image: 6_10AS_CD8.svs__1_107640_122590_NUC.tif
 
65_______________________________________

---------------------------
SEG output is exist, skip this image: 6_10AS_CD8.svs__1_107640_125580_NUC.tif
 
66_______________________________________

---------------------------
SEG output is exist, skip this image: 6_10AS_CD8.svs__1_107640_143520_NUC.tif
 
67_______________________________________

---------------------------
SEG output is exist, skip this image: 6_10AS_CD8.svs__1_107640_146510_NUC.tif
 
68_______________________________________

---------------------------
SEG output is exist, skip this image: 6_10AS_CD8.svs__1_107640_149500_NUC.tif
 
69_______________________________________

---------------------------
SEG output is exist, skip this image: 6_10AS_CD8.svs__1_107640_152490_NUC.tif
 
70_______________________________________

---------------------------
SEG output is exist, skip this image: 6_10AS_CD8.svs__1_107640_155480_NUC.tif
 
71_______________________________________

---------------------------
SEG output is exist, skip this image: 6_10AS_CD8.svs__1_107640_158470_NUC.tif
 
72_______________________________________

---------------------------
SEG output is exist, skip this image: 6_10AS_CD8.svs__1_107640_161460_NUC.tif
 
73_______________________________________

---------------------------
SEG output is exist, skip this image: 6_10AS_CD8.svs__1_107640_164450_NUC.tif
 
74_______________________________________

---------------------------
SEG output is exist, skip this image: 6_10AS_CD8.svs__1_107640_167440_NUC.tif
 
75_______________________________________

---------------------------
SEG output is exist, skip this image: 6_10AS_CD8.svs__1_107640_170430_NUC.tif
 
76_______________________________________

---------------------------
SEG output is exist, skip this image: 6_10AS_CD8.svs__1_107640_173420_NUC.tif
 
77_______________________________________

---------------------------
SEG output is exist, skip this image: 6_10AS_CD8.svs__1_107640_176410_NUC.tif
 
78_______________________________________

---------------------------
SEG output is exist, skip this image: 6_10AS_CD8.svs__1_107640_29900_NUC.tif
 
79_______________________________________

---------------------------
SEG output is exist, skip this image: 6_10AS_CD8.svs__1_107640_32890_NUC.tif
 
80_______________________________________

---------------------------
SEG output is exist, skip this image: 6_10AS_CD8.svs__1_107640_35880_NUC.tif
 
81_______________________________________

---------------------------
SEG output is exist, skip this image: 6_10AS_CD8.svs__1_107640_38870_NUC.tif
 
82_______________________________________

---------------------------
SEG output is exist, skip this image: 6_10AS_CD8.svs__1_107640_41860_NUC.tif
 
83_______________________________________

---------------------------
SEG output is exist, skip this image: 6_10AS_CD8.svs__1_107640_44850_NUC.tif
 
84_______________________________________

---------------------------
SEG output is exist, skip this image: 6_10AS_CD8.svs__1_107640_47840_NUC.tif
 
85_______________________________________

---------------------------
SEG output is exist, skip this image: 6_10AS_CD8.svs__1_107640_50830_NUC.tif
 
86_______________________________________

---------------------------
SEG output is exist, skip this image: 6_10AS_CD8.svs__1_107640_53820_NUC.tif
 
87_______________________________________

---------------------------
SEG output is exist, skip this image: 6_10AS_CD8.svs__1_107640_56810_NUC.tif
 
88_______________________________________

---------------------------
SEG output is exist, skip this image: 6_10AS_CD8.svs__1_107640_59800_NUC.tif
 
89_______________________________________

---------------------------
SEG output is exist, skip this image: 6_10AS_CD8.svs__1_107640_62790_NUC.tif
 
90_______________________________________

---------------------------
SEG output is exist, skip this image: 6_10AS_CD8.svs__1_107640_65780_NUC.tif
 
91_______________________________________

---------------------------
SEG output is exist, skip this image: 6_10AS_CD8.svs__1_107640_68770_NUC.tif
 
92_______________________________________

---------------------------
SEG output is exist, skip this image: 6_10AS_CD8.svs__1_107640_71760_NUC.tif
 
93_______________________________________

---------------------------
SEG output is exist, skip this image: 6_10AS_CD8.svs__1_107640_74750_NUC.tif
 
94_______________________________________

---------------------------
SEG output is exist, skip this image: 6_10AS_CD8.svs__1_107640_77740_NUC.tif
 
95_______________________________________

---------------------------
SEG output is exist, skip this image: 6_10AS_CD8.svs__1_107640_80730_NUC.tif
 
96_______________________________________

---------------------------
SEG output is exist, skip this image: 6_10AS_CD8.svs__1_107640_83720_NUC.tif
 
97_______________________________________

---------------------------
SEG output is exist, skip this image: 6_10AS_CD8.svs__1_107640_86710_NUC.tif
 
98_______________________________________

---------------------------
SEG output is exist, skip this image: 6_10AS_CD8.svs__1_107640_89700_NUC.tif
 
99_______________________________________

---------------------------
SEG output is exist, skip this image: 6_10AS_CD8.svs__1_107640_92690_NUC.tif
 
100_______________________________________

---------------------------
SEG output is exist, skip this image: 6_10AS_CD8.svs__1_107640_95680_NUC.tif
 
101_______________________________________

---------------------------
SEG output is exist, skip this image: 6_10AS_CD8.svs__1_107640_98670_NUC.tif
 
102_______________________________________

---------------------------
SEG output is exist, skip this image: 6_10AS_CD8.svs__1_110630_101660_NUC.tif
 
103_______________________________________

---------------------------
SEG output is exist, skip this image: 6_10AS_CD8.svs__1_110630_104650_NUC.tif
 
104_______________________________________

---------------------------
SEG output is exist, skip this image: 6_10AS_CD8.svs__1_110630_107640_NUC.tif
 
105_______________________________________

---------------------------
SEG output is exist, skip this image: 6_10AS_CD8.svs__1_110630_110630_NUC.tif
 
106_______________________________________

---------------------------
SEG output is exist, skip this image: 6_10AS_CD8.svs__1_110630_113620_NUC.tif
 
107_______________________________________

---------------------------
SEG output is exist, skip this image: 6_10AS_CD8.svs__1_110630_116610_NUC.tif
 
108_______________________________________

---------------------------
SEG output is exist, skip this image: 6_10AS_CD8.svs__1_110630_119600_NUC.tif
 
109_______________________________________

---------------------------
SEG output is exist, skip this image: 6_10AS_CD8.svs__1_110630_122590_NUC.tif
 
110_______________________________________

---------------------------
SEG output is exist, skip this image: 6_10AS_CD8.svs__1_110630_125580_NUC.tif
 
111_______________________________________

---------------------------
SEG output is exist, skip this image: 6_10AS_CD8.svs__1_110630_128570_NUC.tif
 
112_______________________________________

---------------------------
SEG output is exist, skip this image: 6_10AS_CD8.svs__1_110630_143520_NUC.tif
 
113_______________________________________

---------------------------
SEG output is exist, skip this image: 6_10AS_CD8.svs__1_110630_146510_NUC.tif
 
114_______________________________________

---------------------------
SEG output is exist, skip this image: 6_10AS_CD8.svs__1_110630_149500_NUC.tif
 
115_______________________________________

---------------------------
SEG output is exist, skip this image: 6_10AS_CD8.svs__1_110630_152490_NUC.tif
 
116_______________________________________

---------------------------
SEG output is exist, skip this image: 6_10AS_CD8.svs__1_110630_155480_NUC.tif
 
117_______________________________________

---------------------------
SEG output is exist, skip this image: 6_10AS_CD8.svs__1_110630_158470_NUC.tif
 
118_______________________________________

---------------------------
SEG output is exist, skip this image: 6_10AS_CD8.svs__1_110630_161460_NUC.tif
 
119_______________________________________

---------------------------
SEG output is exist, skip this image: 6_10AS_CD8.svs__1_110630_164450_NUC.tif
 
120_______________________________________

---------------------------
SEG output is exist, skip this image: 6_10AS_CD8.svs__1_110630_167440_NUC.tif
 
121_______________________________________

---------------------------
SEG output is exist, skip this image: 6_10AS_CD8.svs__1_110630_170430_NUC.tif
 
122_______________________________________

---------------------------
SEG output is exist, skip this image: 6_10AS_CD8.svs__1_110630_173420_NUC.tif
 
123_______________________________________

---------------------------
SEG output is exist, skip this image: 6_10AS_CD8.svs__1_110630_176410_NUC.tif
 
124_______________________________________

---------------------------
SEG output is exist, skip this image: 6_10AS_CD8.svs__1_110630_32890_NUC.tif
 
125_______________________________________

---------------------------
SEG output is exist, skip this image: 6_10AS_CD8.svs__1_110630_35880_NUC.tif
 
126_______________________________________

---------------------------
SEG output is exist, skip this image: 6_10AS_CD8.svs__1_110630_38870_NUC.tif
 
127_______________________________________

---------------------------
SEG output is exist, skip this image: 6_10AS_CD8.svs__1_110630_41860_NUC.tif
 
128_______________________________________

---------------------------
SEG output is exist, skip this image: 6_10AS_CD8.svs__1_110630_44850_NUC.tif
 
129_______________________________________

---------------------------
SEG output is exist, skip this image: 6_10AS_CD8.svs__1_110630_47840_NUC.tif
 
130_______________________________________

---------------------------
SEG output is exist, skip this image: 6_10AS_CD8.svs__1_110630_50830_NUC.tif
 
131_______________________________________

---------------------------
SEG output is exist, skip this image: 6_10AS_CD8.svs__1_110630_53820_NUC.tif
 
132_______________________________________

---------------------------
SEG output is exist, skip this image: 6_10AS_CD8.svs__1_110630_56810_NUC.tif
 
133_______________________________________

---------------------------
SEG output is exist, skip this image: 6_10AS_CD8.svs__1_110630_59800_NUC.tif
 
134_______________________________________

---------------------------
SEG output is exist, skip this image: 6_10AS_CD8.svs__1_110630_62790_NUC.tif
 
135_______________________________________

---------------------------
SEG output is exist, skip this image: 6_10AS_CD8.svs__1_110630_65780_NUC.tif
 
136_______________________________________

---------------------------
SEG output is exist, skip this image: 6_10AS_CD8.svs__1_110630_68770_NUC.tif
 
137_______________________________________

---------------------------
SEG output is exist, skip this image: 6_10AS_CD8.svs__1_110630_71760_NUC.tif
 
138_______________________________________

---------------------------
SEG output is exist, skip this image: 6_10AS_CD8.svs__1_110630_74750_NUC.tif
 
139_______________________________________

---------------------------
SEG output is exist, skip this image: 6_10AS_CD8.svs__1_110630_77740_NUC.tif
 
140_______________________________________

---------------------------
SEG output is exist, skip this image: 6_10AS_CD8.svs__1_110630_80730_NUC.tif
 
141_______________________________________

---------------------------
SEG output is exist, skip this image: 6_10AS_CD8.svs__1_110630_83720_NUC.tif
 
142_______________________________________

---------------------------
SEG output is exist, skip this image: 6_10AS_CD8.svs__1_110630_86710_NUC.tif
 
143_______________________________________

---------------------------
SEG output is exist, skip this image: 6_10AS_CD8.svs__1_110630_89700_NUC.tif
 
144_______________________________________

---------------------------
SEG output is exist, skip this image: 6_10AS_CD8.svs__1_110630_92690_NUC.tif
 
145_______________________________________

---------------------------
SEG output is exist, skip this image: 6_10AS_CD8.svs__1_110630_95680_NUC.tif
 
146_______________________________________

---------------------------
SEG output is exist, skip this image: 6_10AS_CD8.svs__1_110630_98670_NUC.tif
 
147_______________________________________

---------------------------
SEG output is exist, skip this image: 6_10AS_CD8.svs__1_113620_101660_NUC.tif
 
148_______________________________________

---------------------------
SEG output is exist, skip this image: 6_10AS_CD8.svs__1_113620_104650_NUC.tif
 
149_______________________________________

---------------------------
SEG output is exist, skip this image: 6_10AS_CD8.svs__1_113620_107640_NUC.tif
 
150_______________________________________

---------------------------
SEG output is exist, skip this image: 6_10AS_CD8.svs__1_113620_110630_NUC.tif
 
151_______________________________________

---------------------------
SEG output is exist, skip this image: 6_10AS_CD8.svs__1_113620_113620_NUC.tif
 
152_______________________________________

---------------------------
SEG output is exist, skip this image: 6_10AS_CD8.svs__1_113620_116610_NUC.tif
 
153_______________________________________

---------------------------
SEG output is exist, skip this image: 6_10AS_CD8.svs__1_113620_119600_NUC.tif
 
154_______________________________________

---------------------------
SEG output is exist, skip this image: 6_10AS_CD8.svs__1_113620_122590_NUC.tif
 
155_______________________________________

---------------------------
SEG output is exist, skip this image: 6_10AS_CD8.svs__1_113620_125580_NUC.tif
 
156_______________________________________

---------------------------
SEG output is exist, skip this image: 6_10AS_CD8.svs__1_113620_128570_NUC.tif
 
157_______________________________________

---------------------------
SEG output is exist, skip this image: 6_10AS_CD8.svs__1_113620_146510_NUC.tif
 
158_______________________________________

---------------------------
SEG output is exist, skip this image: 6_10AS_CD8.svs__1_113620_149500_NUC.tif
 
159_______________________________________

---------------------------
SEG output is exist, skip this image: 6_10AS_CD8.svs__1_113620_152490_NUC.tif
 
160_______________________________________

---------------------------
SEG output is exist, skip this image: 6_10AS_CD8.svs__1_113620_155480_NUC.tif
 
161_______________________________________

---------------------------
SEG output is exist, skip this image: 6_10AS_CD8.svs__1_113620_158470_NUC.tif
 
162_______________________________________

---------------------------
SEG output is exist, skip this image: 6_10AS_CD8.svs__1_113620_161460_NUC.tif
 
163_______________________________________

---------------------------
SEG output is exist, skip this image: 6_10AS_CD8.svs__1_113620_164450_NUC.tif
 
164_______________________________________

---------------------------
SEG output is exist, skip this image: 6_10AS_CD8.svs__1_113620_167440_NUC.tif
 
165_______________________________________

---------------------------
SEG output is exist, skip this image: 6_10AS_CD8.svs__1_113620_170430_NUC.tif
 
166_______________________________________

---------------------------
SEG output is exist, skip this image: 6_10AS_CD8.svs__1_113620_173420_NUC.tif
 
167_______________________________________

---------------------------
SEG output is exist, skip this image: 6_10AS_CD8.svs__1_113620_32890_NUC.tif
 
168_______________________________________

---------------------------
SEG output is exist, skip this image: 6_10AS_CD8.svs__1_113620_35880_NUC.tif
 
169_______________________________________

---------------------------
SEG output is exist, skip this image: 6_10AS_CD8.svs__1_113620_38870_NUC.tif
 
170_______________________________________

---------------------------
SEG output is exist, skip this image: 6_10AS_CD8.svs__1_113620_41860_NUC.tif
 
171_______________________________________

---------------------------
SEG output is exist, skip this image: 6_10AS_CD8.svs__1_113620_44850_NUC.tif
 
172_______________________________________

---------------------------
SEG output is exist, skip this image: 6_10AS_CD8.svs__1_113620_47840_NUC.tif
 
173_______________________________________

---------------------------
SEG output is exist, skip this image: 6_10AS_CD8.svs__1_113620_50830_NUC.tif
 
174_______________________________________

---------------------------
SEG output is exist, skip this image: 6_10AS_CD8.svs__1_113620_53820_NUC.tif
 
175_______________________________________

---------------------------
SEG output is exist, skip this image: 6_10AS_CD8.svs__1_113620_56810_NUC.tif
 
176_______________________________________

---------------------------
SEG output is exist, skip this image: 6_10AS_CD8.svs__1_113620_59800_NUC.tif
 
177_______________________________________

---------------------------
SEG output is exist, skip this image: 6_10AS_CD8.svs__1_113620_62790_NUC.tif
 
178_______________________________________

---------------------------
SEG output is exist, skip this image: 6_10AS_CD8.svs__1_113620_65780_NUC.tif
 
179_______________________________________

---------------------------
SEG output is exist, skip this image: 6_10AS_CD8.svs__1_113620_68770_NUC.tif
 
180_______________________________________

---------------------------
SEG output is exist, skip this image: 6_10AS_CD8.svs__1_113620_74750_NUC.tif
 
181_______________________________________

---------------------------
SEG output is exist, skip this image: 6_10AS_CD8.svs__1_113620_77740_NUC.tif
 
182_______________________________________

---------------------------
SEG output is exist, skip this image: 6_10AS_CD8.svs__1_113620_80730_NUC.tif
 
183_______________________________________

---------------------------
SEG output is exist, skip this image: 6_10AS_CD8.svs__1_113620_83720_NUC.tif
 
184_______________________________________

---------------------------
SEG output is exist, skip this image: 6_10AS_CD8.svs__1_113620_86710_NUC.tif
 
185_______________________________________

---------------------------
SEG output is exist, skip this image: 6_10AS_CD8.svs__1_113620_89700_NUC.tif
 
186_______________________________________

---------------------------
SEG output is exist, skip this image: 6_10AS_CD8.svs__1_113620_92690_NUC.tif
 
187_______________________________________

---------------------------
SEG output is exist, skip this image: 6_10AS_CD8.svs__1_113620_95680_NUC.tif
 
188_______________________________________

---------------------------
SEG output is exist, skip this image: 6_10AS_CD8.svs__1_113620_98670_NUC.tif
 
189_______________________________________

---------------------------
SEG output is exist, skip this image: 6_10AS_CD8.svs__1_116610_101660_NUC.tif
 
190_______________________________________

---------------------------
SEG output is exist, skip this image: 6_10AS_CD8.svs__1_116610_104650_NUC.tif
 
191_______________________________________

---------------------------
SEG output is exist, skip this image: 6_10AS_CD8.svs__1_116610_107640_NUC.tif
 
192_______________________________________

---------------------------
SEG output is exist, skip this image: 6_10AS_CD8.svs__1_116610_110630_NUC.tif
 
193_______________________________________

---------------------------
SEG output is exist, skip this image: 6_10AS_CD8.svs__1_116610_113620_NUC.tif
 
194_______________________________________

---------------------------
SEG output is exist, skip this image: 6_10AS_CD8.svs__1_116610_116610_NUC.tif
 
195_______________________________________

---------------------------
SEG output is exist, skip this image: 6_10AS_CD8.svs__1_116610_119600_NUC.tif
 
196_______________________________________

---------------------------
SEG output is exist, skip this image: 6_10AS_CD8.svs__1_116610_122590_NUC.tif
 
197_______________________________________

---------------------------
SEG output is exist, skip this image: 6_10AS_CD8.svs__1_116610_125580_NUC.tif
 
198_______________________________________

---------------------------
SEG output is exist, skip this image: 6_10AS_CD8.svs__1_116610_128570_NUC.tif
 
199_______________________________________

---------------------------
SEG output is exist, skip this image: 6_10AS_CD8.svs__1_116610_131560_NUC.tif
 
200_______________________________________

---------------------------
SEG output is exist, skip this image: 6_10AS_CD8.svs__1_116610_146510_NUC.tif
 
201_______________________________________

---------------------------
SEG output is exist, skip this image: 6_10AS_CD8.svs__1_116610_149500_NUC.tif
 
202_______________________________________

---------------------------
SEG output is exist, skip this image: 6_10AS_CD8.svs__1_116610_152490_NUC.tif
 
203_______________________________________

---------------------------
SEG output is exist, skip this image: 6_10AS_CD8.svs__1_116610_155480_NUC.tif
 
204_______________________________________

---------------------------
SEG output is exist, skip this image: 6_10AS_CD8.svs__1_116610_158470_NUC.tif
 
205_______________________________________

---------------------------
SEG output is exist, skip this image: 6_10AS_CD8.svs__1_116610_161460_NUC.tif
 
206_______________________________________

---------------------------
SEG output is exist, skip this image: 6_10AS_CD8.svs__1_116610_164450_NUC.tif
 
207_______________________________________

---------------------------
SEG output is exist, skip this image: 6_10AS_CD8.svs__1_116610_167440_NUC.tif
 
208_______________________________________

---------------------------
SEG output is exist, skip this image: 6_10AS_CD8.svs__1_116610_170430_NUC.tif
 
209_______________________________________

---------------------------
SEG output is exist, skip this image: 6_10AS_CD8.svs__1_116610_35880_NUC.tif
 
210_______________________________________

---------------------------
SEG output is exist, skip this image: 6_10AS_CD8.svs__1_116610_38870_NUC.tif
 
211_______________________________________

---------------------------
SEG output is exist, skip this image: 6_10AS_CD8.svs__1_116610_41860_NUC.tif
 
212_______________________________________

---------------------------
SEG output is exist, skip this image: 6_10AS_CD8.svs__1_116610_44850_NUC.tif
 
213_______________________________________

---------------------------
SEG output is exist, skip this image: 6_10AS_CD8.svs__1_116610_47840_NUC.tif
 
214_______________________________________

---------------------------
SEG output is exist, skip this image: 6_10AS_CD8.svs__1_116610_50830_NUC.tif
 
215_______________________________________

---------------------------
SEG output is exist, skip this image: 6_10AS_CD8.svs__1_116610_53820_NUC.tif
 
216_______________________________________

---------------------------
SEG output is exist, skip this image: 6_10AS_CD8.svs__1_116610_56810_NUC.tif
 
217_______________________________________

---------------------------
SEG output is exist, skip this image: 6_10AS_CD8.svs__1_116610_59800_NUC.tif
 
218_______________________________________

---------------------------
SEG output is exist, skip this image: 6_10AS_CD8.svs__1_116610_62790_NUC.tif
 
219_______________________________________

---------------------------
SEG output is exist, skip this image: 6_10AS_CD8.svs__1_116610_65780_NUC.tif
 
220_______________________________________

---------------------------
SEG output is exist, skip this image: 6_10AS_CD8.svs__1_116610_77740_NUC.tif
 
221_______________________________________

---------------------------
SEG output is exist, skip this image: 6_10AS_CD8.svs__1_116610_80730_NUC.tif
 
222_______________________________________

---------------------------
SEG output is exist, skip this image: 6_10AS_CD8.svs__1_116610_83720_NUC.tif
 
223_______________________________________

---------------------------
SEG output is exist, skip this image: 6_10AS_CD8.svs__1_116610_86710_NUC.tif
 
224_______________________________________

---------------------------
SEG output is exist, skip this image: 6_10AS_CD8.svs__1_116610_89700_NUC.tif
 
225_______________________________________

---------------------------
SEG output is exist, skip this image: 6_10AS_CD8.svs__1_116610_92690_NUC.tif
 
226_______________________________________

---------------------------
SEG output is exist, skip this image: 6_10AS_CD8.svs__1_116610_95680_NUC.tif
 
227_______________________________________

---------------------------
SEG output is exist, skip this image: 6_10AS_CD8.svs__1_116610_98670_NUC.tif
 
228_______________________________________

---------------------------
SEG output is exist, skip this image: 6_10AS_CD8.svs__1_119600_101660_NUC.tif
 
229_______________________________________

---------------------------
SEG output is exist, skip this image: 6_10AS_CD8.svs__1_119600_104650_NUC.tif
 
230_______________________________________

---------------------------
SEG output is exist, skip this image: 6_10AS_CD8.svs__1_119600_107640_NUC.tif
 
231_______________________________________

---------------------------
SEG output is exist, skip this image: 6_10AS_CD8.svs__1_119600_110630_NUC.tif
 
232_______________________________________

---------------------------
SEG output is exist, skip this image: 6_10AS_CD8.svs__1_119600_113620_NUC.tif
 
233_______________________________________

---------------------------
SEG output is exist, skip this image: 6_10AS_CD8.svs__1_119600_116610_NUC.tif
 
234_______________________________________

---------------------------
SEG output is exist, skip this image: 6_10AS_CD8.svs__1_119600_119600_NUC.tif
 
235_______________________________________

---------------------------
SEG output is exist, skip this image: 6_10AS_CD8.svs__1_119600_122590_NUC.tif
 
236_______________________________________

---------------------------
SEG output is exist, skip this image: 6_10AS_CD8.svs__1_119600_125580_NUC.tif
 
237_______________________________________

---------------------------
SEG output is exist, skip this image: 6_10AS_CD8.svs__1_119600_128570_NUC.tif
 
238_______________________________________

---------------------------
SEG output is exist, skip this image: 6_10AS_CD8.svs__1_119600_131560_NUC.tif
 
239_______________________________________

---------------------------
SEG output is exist, skip this image: 6_10AS_CD8.svs__1_119600_149500_NUC.tif
 
240_______________________________________

---------------------------
SEG output is exist, skip this image: 6_10AS_CD8.svs__1_119600_152490_NUC.tif
 
241_______________________________________

---------------------------
SEG output is exist, skip this image: 6_10AS_CD8.svs__1_119600_155480_NUC.tif
 
242_______________________________________

---------------------------
SEG output is exist, skip this image: 6_10AS_CD8.svs__1_119600_158470_NUC.tif
 
243_______________________________________

---------------------------
SEG output is exist, skip this image: 6_10AS_CD8.svs__1_119600_161460_NUC.tif
 
244_______________________________________

---------------------------
SEG output is exist, skip this image: 6_10AS_CD8.svs__1_119600_164450_NUC.tif
 
245_______________________________________

---------------------------
SEG output is exist, skip this image: 6_10AS_CD8.svs__1_119600_41860_NUC.tif
 
246_______________________________________

---------------------------
SEG output is exist, skip this image: 6_10AS_CD8.svs__1_119600_44850_NUC.tif
 
247_______________________________________

---------------------------
SEG output is exist, skip this image: 6_10AS_CD8.svs__1_119600_47840_NUC.tif
 
248_______________________________________

---------------------------
SEG output is exist, skip this image: 6_10AS_CD8.svs__1_119600_50830_NUC.tif
 
249_______________________________________

---------------------------
SEG output is exist, skip this image: 6_10AS_CD8.svs__1_119600_53820_NUC.tif
 
250_______________________________________

---------------------------
SEG output is exist, skip this image: 6_10AS_CD8.svs__1_119600_56810_NUC.tif
 
251_______________________________________

---------------------------
SEG output is exist, skip this image: 6_10AS_CD8.svs__1_119600_59800_NUC.tif
 
252_______________________________________

---------------------------
SEG output is exist, skip this image: 6_10AS_CD8.svs__1_119600_62790_NUC.tif
 
253_______________________________________

---------------------------
SEG output is exist, skip this image: 6_10AS_CD8.svs__1_119600_65780_NUC.tif
 
254_______________________________________

---------------------------
SEG output is exist, skip this image: 6_10AS_CD8.svs__1_119600_77740_NUC.tif
 
255_______________________________________

---------------------------
SEG output is exist, skip this image: 6_10AS_CD8.svs__1_119600_80730_NUC.tif
 
256_______________________________________

---------------------------
SEG output is exist, skip this image: 6_10AS_CD8.svs__1_119600_83720_NUC.tif
 
257_______________________________________

---------------------------
SEG output is exist, skip this image: 6_10AS_CD8.svs__1_119600_86710_NUC.tif
 
258_______________________________________

---------------------------
SEG output is exist, skip this image: 6_10AS_CD8.svs__1_119600_89700_NUC.tif
 
259_______________________________________

---------------------------
SEG output is exist, skip this image: 6_10AS_CD8.svs__1_119600_92690_NUC.tif
 
260_______________________________________

---------------------------
SEG output is exist, skip this image: 6_10AS_CD8.svs__1_119600_95680_NUC.tif
 
261_______________________________________

---------------------------
SEG output is exist, skip this image: 6_10AS_CD8.svs__1_119600_98670_NUC.tif
 
262_______________________________________

---------------------------
SEG output is exist, skip this image: 6_10AS_CD8.svs__1_122590_101660_NUC.tif
 
263_______________________________________

---------------------------
SEG output is exist, skip this image: 6_10AS_CD8.svs__1_122590_104650_NUC.tif
 
264_______________________________________

---------------------------
SEG output is exist, skip this image: 6_10AS_CD8.svs__1_122590_107640_NUC.tif
 
265_______________________________________

---------------------------
SEG output is exist, skip this image: 6_10AS_CD8.svs__1_122590_110630_NUC.tif
 
266_______________________________________

---------------------------
SEG output is exist, skip this image: 6_10AS_CD8.svs__1_122590_113620_NUC.tif
 
267_______________________________________

---------------------------
SEG output is exist, skip this image: 6_10AS_CD8.svs__1_122590_116610_NUC.tif
 
268_______________________________________

---------------------------
SEG output is exist, skip this image: 6_10AS_CD8.svs__1_122590_119600_NUC.tif
 
269_______________________________________

---------------------------
SEG output is exist, skip this image: 6_10AS_CD8.svs__1_122590_122590_NUC.tif
 
270_______________________________________

---------------------------
SEG output is exist, skip this image: 6_10AS_CD8.svs__1_122590_125580_NUC.tif
 
271_______________________________________

---------------------------
SEG output is exist, skip this image: 6_10AS_CD8.svs__1_122590_128570_NUC.tif
 
272_______________________________________

---------------------------
SEG output is exist, skip this image: 6_10AS_CD8.svs__1_122590_131560_NUC.tif
 
273_______________________________________

---------------------------
SEG output is exist, skip this image: 6_10AS_CD8.svs__1_122590_134550_NUC.tif
 
274_______________________________________

---------------------------
SEG output is exist, skip this image: 6_10AS_CD8.svs__1_122590_152490_NUC.tif
 
275_______________________________________

---------------------------
SEG output is exist, skip this image: 6_10AS_CD8.svs__1_122590_155480_NUC.tif
 
276_______________________________________

---------------------------
SEG output is exist, skip this image: 6_10AS_CD8.svs__1_122590_158470_NUC.tif
 
277_______________________________________

---------------------------
SEG output is exist, skip this image: 6_10AS_CD8.svs__1_122590_161460_NUC.tif
 
278_______________________________________

---------------------------
SEG output is exist, skip this image: 6_10AS_CD8.svs__1_122590_44850_NUC.tif
 
279_______________________________________

---------------------------
SEG output is exist, skip this image: 6_10AS_CD8.svs__1_122590_47840_NUC.tif
 
280_______________________________________

---------------------------
SEG output is exist, skip this image: 6_10AS_CD8.svs__1_122590_50830_NUC.tif
 
281_______________________________________

---------------------------
SEG output is exist, skip this image: 6_10AS_CD8.svs__1_122590_53820_NUC.tif
 
282_______________________________________

---------------------------
SEG output is exist, skip this image: 6_10AS_CD8.svs__1_122590_56810_NUC.tif
 
283_______________________________________

---------------------------
SEG output is exist, skip this image: 6_10AS_CD8.svs__1_122590_59800_NUC.tif
 
284_______________________________________

---------------------------
SEG output is exist, skip this image: 6_10AS_CD8.svs__1_122590_62790_NUC.tif
 
285_______________________________________

---------------------------
SEG output is exist, skip this image: 6_10AS_CD8.svs__1_122590_65780_NUC.tif
 
286_______________________________________

---------------------------
SEG output is exist, skip this image: 6_10AS_CD8.svs__1_122590_77740_NUC.tif
 
287_______________________________________

---------------------------
SEG output is exist, skip this image: 6_10AS_CD8.svs__1_122590_80730_NUC.tif
 
288_______________________________________

---------------------------
SEG output is exist, skip this image: 6_10AS_CD8.svs__1_122590_83720_NUC.tif
 
289_______________________________________

---------------------------
SEG output is exist, skip this image: 6_10AS_CD8.svs__1_122590_86710_NUC.tif
 
290_______________________________________

---------------------------
SEG output is exist, skip this image: 6_10AS_CD8.svs__1_122590_89700_NUC.tif
 
291_______________________________________

---------------------------
SEG output is exist, skip this image: 6_10AS_CD8.svs__1_122590_92690_NUC.tif
 
292_______________________________________

---------------------------
SEG output is exist, skip this image: 6_10AS_CD8.svs__1_122590_95680_NUC.tif
 
293_______________________________________

---------------------------
SEG output is exist, skip this image: 6_10AS_CD8.svs__1_122590_98670_NUC.tif
 
294_______________________________________

---------------------------
SEG output is exist, skip this image: 6_10AS_CD8.svs__1_125580_101660_NUC.tif
 
295_______________________________________

---------------------------
SEG output is exist, skip this image: 6_10AS_CD8.svs__1_125580_104650_NUC.tif
 
296_______________________________________

---------------------------
SEG output is exist, skip this image: 6_10AS_CD8.svs__1_125580_107640_NUC.tif
 
297_______________________________________

---------------------------
SEG output is exist, skip this image: 6_10AS_CD8.svs__1_125580_110630_NUC.tif
 
298_______________________________________

---------------------------
SEG output is exist, skip this image: 6_10AS_CD8.svs__1_125580_113620_NUC.tif
 
299_______________________________________

---------------------------
SEG output is exist, skip this image: 6_10AS_CD8.svs__1_125580_116610_NUC.tif
 
300_______________________________________

---------------------------
SEG output is exist, skip this image: 6_10AS_CD8.svs__1_125580_119600_NUC.tif
 
301_______________________________________

---------------------------
SEG output is exist, skip this image: 6_10AS_CD8.svs__1_125580_122590_NUC.tif
 
302_______________________________________

---------------------------
SEG output is exist, skip this image: 6_10AS_CD8.svs__1_125580_125580_NUC.tif
 
303_______________________________________

---------------------------
SEG output is exist, skip this image: 6_10AS_CD8.svs__1_125580_128570_NUC.tif
 
304_______________________________________

---------------------------
SEG output is exist, skip this image: 6_10AS_CD8.svs__1_125580_131560_NUC.tif
 
305_______________________________________

---------------------------
SEG output is exist, skip this image: 6_10AS_CD8.svs__1_125580_134550_NUC.tif
 
306_______________________________________

---------------------------
SEG output is exist, skip this image: 6_10AS_CD8.svs__1_125580_137540_NUC.tif
 
307_______________________________________

---------------------------
SEG output is exist, skip this image: 6_10AS_CD8.svs__1_125580_152490_NUC.tif
 
308_______________________________________

---------------------------
SEG output is exist, skip this image: 6_10AS_CD8.svs__1_125580_50830_NUC.tif
 
309_______________________________________

---------------------------
SEG output is exist, skip this image: 6_10AS_CD8.svs__1_125580_53820_NUC.tif
 
310_______________________________________

---------------------------
SEG output is exist, skip this image: 6_10AS_CD8.svs__1_125580_56810_NUC.tif
 
311_______________________________________

---------------------------
SEG output is exist, skip this image: 6_10AS_CD8.svs__1_125580_59800_NUC.tif
 
312_______________________________________

---------------------------
SEG output is exist, skip this image: 6_10AS_CD8.svs__1_125580_62790_NUC.tif
 
313_______________________________________

---------------------------
SEG output is exist, skip this image: 6_10AS_CD8.svs__1_125580_65780_NUC.tif
 
314_______________________________________

---------------------------
SEG output is exist, skip this image: 6_10AS_CD8.svs__1_125580_68770_NUC.tif
 
315_______________________________________

---------------------------
SEG output is exist, skip this image: 6_10AS_CD8.svs__1_125580_77740_NUC.tif
 
316_______________________________________

---------------------------
SEG output is exist, skip this image: 6_10AS_CD8.svs__1_125580_80730_NUC.tif
 
317_______________________________________

---------------------------
SEG output is exist, skip this image: 6_10AS_CD8.svs__1_125580_83720_NUC.tif
 
318_______________________________________

---------------------------
SEG output is exist, skip this image: 6_10AS_CD8.svs__1_125580_86710_NUC.tif
 
319_______________________________________

---------------------------
SEG output is exist, skip this image: 6_10AS_CD8.svs__1_125580_89700_NUC.tif
 
320_______________________________________

---------------------------
SEG output is exist, skip this image: 6_10AS_CD8.svs__1_125580_92690_NUC.tif
 
321_______________________________________

---------------------------
SEG output is exist, skip this image: 6_10AS_CD8.svs__1_125580_95680_NUC.tif
 
322_______________________________________

---------------------------
SEG output is exist, skip this image: 6_10AS_CD8.svs__1_125580_98670_NUC.tif
 
323_______________________________________

---------------------------
SEG output is exist, skip this image: 6_10AS_CD8.svs__1_128570_101660_NUC.tif
 
324_______________________________________

---------------------------
SEG output is exist, skip this image: 6_10AS_CD8.svs__1_128570_104650_NUC.tif
 
325_______________________________________

---------------------------
SEG output is exist, skip this image: 6_10AS_CD8.svs__1_128570_107640_NUC.tif
 
326_______________________________________

---------------------------
SEG output is exist, skip this image: 6_10AS_CD8.svs__1_128570_110630_NUC.tif
 
327_______________________________________

---------------------------
SEG output is exist, skip this image: 6_10AS_CD8.svs__1_128570_113620_NUC.tif
 
328_______________________________________

---------------------------
SEG output is exist, skip this image: 6_10AS_CD8.svs__1_128570_116610_NUC.tif
 
329_______________________________________

---------------------------
SEG output is exist, skip this image: 6_10AS_CD8.svs__1_128570_119600_NUC.tif
 
330_______________________________________

---------------------------
SEG output is exist, skip this image: 6_10AS_CD8.svs__1_128570_122590_NUC.tif
 
331_______________________________________

---------------------------
SEG output is exist, skip this image: 6_10AS_CD8.svs__1_128570_125580_NUC.tif
 
332_______________________________________

---------------------------
SEG output is exist, skip this image: 6_10AS_CD8.svs__1_128570_128570_NUC.tif
 
333_______________________________________

---------------------------
SEG output is exist, skip this image: 6_10AS_CD8.svs__1_128570_131560_NUC.tif
 
334_______________________________________

---------------------------
SEG output is exist, skip this image: 6_10AS_CD8.svs__1_128570_134550_NUC.tif
 
335_______________________________________

---------------------------
SEG output is exist, skip this image: 6_10AS_CD8.svs__1_128570_137540_NUC.tif
 
336_______________________________________

---------------------------
SEG output is exist, skip this image: 6_10AS_CD8.svs__1_128570_71760_NUC.tif
 
337_______________________________________

---------------------------
SEG output is exist, skip this image: 6_10AS_CD8.svs__1_128570_74750_NUC.tif
 
338_______________________________________

---------------------------
SEG output is exist, skip this image: 6_10AS_CD8.svs__1_128570_77740_NUC.tif
 
339_______________________________________

---------------------------
SEG output is exist, skip this image: 6_10AS_CD8.svs__1_128570_80730_NUC.tif
 
340_______________________________________

---------------------------
SEG output is exist, skip this image: 6_10AS_CD8.svs__1_128570_83720_NUC.tif
 
341_______________________________________

---------------------------
SEG output is exist, skip this image: 6_10AS_CD8.svs__1_128570_86710_NUC.tif
 
342_______________________________________

---------------------------
SEG output is exist, skip this image: 6_10AS_CD8.svs__1_128570_89700_NUC.tif
 
343_______________________________________

---------------------------
SEG output is exist, skip this image: 6_10AS_CD8.svs__1_128570_92690_NUC.tif
 
344_______________________________________

---------------------------
SEG output is exist, skip this image: 6_10AS_CD8.svs__1_128570_95680_NUC.tif
 
345_______________________________________

---------------------------
SEG output is exist, skip this image: 6_10AS_CD8.svs__1_128570_98670_NUC.tif
 
346_______________________________________

---------------------------
SEG output is exist, skip this image: 6_10AS_CD8.svs__1_131560_101660_NUC.tif
 
347_______________________________________

---------------------------
SEG output is exist, skip this image: 6_10AS_CD8.svs__1_131560_104650_NUC.tif
 
348_______________________________________

---------------------------
SEG output is exist, skip this image: 6_10AS_CD8.svs__1_131560_107640_NUC.tif
 
349_______________________________________

---------------------------
SEG output is exist, skip this image: 6_10AS_CD8.svs__1_131560_110630_NUC.tif
 
350_______________________________________

---------------------------
SEG output is exist, skip this image: 6_10AS_CD8.svs__1_131560_113620_NUC.tif
 
351_______________________________________

---------------------------
SEG output is exist, skip this image: 6_10AS_CD8.svs__1_131560_116610_NUC.tif
 
352_______________________________________

---------------------------
SEG output is exist, skip this image: 6_10AS_CD8.svs__1_131560_119600_NUC.tif
 
353_______________________________________

---------------------------
SEG output is exist, skip this image: 6_10AS_CD8.svs__1_131560_122590_NUC.tif
 
354_______________________________________

---------------------------
SEG output is exist, skip this image: 6_10AS_CD8.svs__1_131560_125580_NUC.tif
 
355_______________________________________

---------------------------
SEG output is exist, skip this image: 6_10AS_CD8.svs__1_131560_128570_NUC.tif
 
356_______________________________________

---------------------------
SEG output is exist, skip this image: 6_10AS_CD8.svs__1_131560_131560_NUC.tif
 
357_______________________________________

---------------------------
SEG output is exist, skip this image: 6_10AS_CD8.svs__1_131560_134550_NUC.tif
 
358_______________________________________

---------------------------
SEG output is exist, skip this image: 6_10AS_CD8.svs__1_131560_137540_NUC.tif
 
359_______________________________________

---------------------------
SEG output is exist, skip this image: 6_10AS_CD8.svs__1_131560_140530_NUC.tif
 
360_______________________________________

---------------------------
SEG output is exist, skip this image: 6_10AS_CD8.svs__1_131560_77740_NUC.tif
 
361_______________________________________

---------------------------
SEG output is exist, skip this image: 6_10AS_CD8.svs__1_131560_80730_NUC.tif
 
362_______________________________________

---------------------------
SEG output is exist, skip this image: 6_10AS_CD8.svs__1_131560_83720_NUC.tif
 
363_______________________________________

---------------------------
SEG output is exist, skip this image: 6_10AS_CD8.svs__1_131560_86710_NUC.tif
 
364_______________________________________

---------------------------
SEG output is exist, skip this image: 6_10AS_CD8.svs__1_131560_89700_NUC.tif
 
365_______________________________________

---------------------------
SEG output is exist, skip this image: 6_10AS_CD8.svs__1_131560_92690_NUC.tif
 
366_______________________________________

---------------------------
SEG output is exist, skip this image: 6_10AS_CD8.svs__1_131560_95680_NUC.tif
 
367_______________________________________

---------------------------
SEG output is exist, skip this image: 6_10AS_CD8.svs__1_131560_98670_NUC.tif
 
368_______________________________________

---------------------------
SEG output is exist, skip this image: 6_10AS_CD8.svs__1_134550_134550_NUC.tif
 
369_______________________________________

---------------------------
SEG output is exist, skip this image: 6_10AS_CD8.svs__1_134550_89700_NUC.tif
 
370_______________________________________

---------------------------
SEG output is exist, skip this image: 6_10AS_CD8.svs__1_134550_92690_NUC.tif
 
371_______________________________________

---------------------------
SEG output is exist, skip this image: 6_10AS_CD8.svs__1_134550_95680_NUC.tif
 
372_______________________________________

---------------------------
SEG output is exist, skip this image: 6_10AS_CD8.svs__1_134550_98670_NUC.tif
 
_________________________

Nb of processed images:  372
Completed
Completed
