\Clear
/home/htran/storage/images_dataset/drug_images/Ki67/
Initializing...
Ki67
/home/htran/storage/images_dataset/drug_images/Ki67/Ki67/raw/
Initializing...
BK_NUC
/home/htran/storage/images_dataset/drug_images/Ki67/BK_NUC/raw/
Completed
\Clear
/home/htran/storage/images_dataset/drug_images/Ki67/
Initializing...
Ki67
/home/htran/storage/images_dataset/drug_images/Ki67/Ki67/raw/
Initializing...
BK_NUC
/home/htran/storage/images_dataset/drug_images/Ki67/BK_NUC/raw/
Completed
\Clear
/home/htran/storage/images_dataset/drug_images/Ki67/
Initializing...
Ki67
/home/htran/storage/images_dataset/drug_images/Ki67/Ki67/raw/
Completed
Initializing...
BK_NUC
/home/htran/storage/images_dataset/drug_images/Ki67/BK_NUC/raw/
Completed
\Clear
/home/htran/storage/images_dataset/drug_images/Ki67/
Initializing...
Ki67
/home/htran/storage/images_dataset/drug_images/Ki67/Ki67/raw/
Completed
\Clear
/home/htran/storage/images_dataset/drug_images/
Initializing...
Ki67
/home/htran/storage/images_dataset/drug_images/Ki67/raw/
Hello
/home/htran/storage/images_dataset/drug_images/Ki67/Ki67/
SA609_Ki67_C1_3083.tif
  
SA609_Ki67_C1_3083.tif
SA609_Ki67_C1_3083.tif-(Colour_1):   max:   255  min: 0  mean: 68.6015  area: 7814400  std:68.4292
******* NUC area detected
SA609_Ki67_C1_3083.tif-(Colour_3):   max:   255  min: 0  mean: 91.6735  area: 7814400  std:90.2316
SA609_Ki67_C1_3230.tif
  
SA609_Ki67_C1_3230.tif
SA609_Ki67_C1_3230.tif-(Colour_1):   max:   255  min: 0  mean: 68.2352  area: 7376320  std:70.858
******* NUC area detected
SA609_Ki67_C1_3230.tif-(Colour_3):   max:   255  min: 0  mean: 66.9683  area: 7376320  std:81.798
SA609_Ki67_C1_3401.tif
  
SA609_Ki67_C1_3401.tif
SA609_Ki67_C1_3401.tif-(Colour_1):   max:   255  min: 0  mean: 48.2136  area: 7483392  std:57.9532
******* NUC area detected
SA609_Ki67_C1_3401.tif-(Colour_3):   max:   255  min: 0  mean: 16.1863  area: 7483392  std:24.687
SA609_Ki67_C1_3404.tif
  
SA609_Ki67_C1_3404.tif
SA609_Ki67_C1_3404.tif-(Colour_1):   max:   255  min: 0  mean: 63.6202  area: 8202496  std:64.8483
******* NUC area detected
SA609_Ki67_C1_3404.tif-(Colour_3):   max:   255  min: 0  mean: 48.6204  area: 8202496  std:64.3133
SA609_Ki67_C1_3447.tif
  
SA609_Ki67_C1_3447.tif
SA609_Ki67_C1_3447.tif-(Colour_1):   max:   255  min: 0  mean: 79.5953  area: 6912512  std:68.3334
******* NUC area detected
SA609_Ki67_C1_3447.tif-(Colour_3):   max:   255  min: 0  mean: 67.331  area: 6912512  std:76.3245
SA609_Ki67_C1_3505.tif
  
SA609_Ki67_C1_3505.tif
SA609_Ki67_C1_3505.tif-(Colour_1):   max:   255  min: 0  mean: 74.8846  area: 8155136  std:72.9671
******* NUC area detected
SA609_Ki67_C1_3505.tif-(Colour_3):   max:   255  min: 0  mean: 81.8035  area: 8155136  std:87.1877
SA609_Ki67_C1_3510.tif
  
SA609_Ki67_C1_3510.tif
SA609_Ki67_C1_3510.tif-(Colour_1):   max:   255  min: 0  mean: 74.5459  area: 9241344  std:73.5153
******* NUC area detected
SA609_Ki67_C1_3510.tif-(Colour_3):   max:   255  min: 0  mean: 75.582  area: 9241344  std:84.4602
SA609_Ki67_C2_3083.tif
  
SA609_Ki67_C2_3083.tif
SA609_Ki67_C2_3083.tif-(Colour_1):   max:   255  min: 0  mean: 65.326  area: 8274240  std:67.5724
******* NUC area detected
SA609_Ki67_C2_3083.tif-(Colour_3):   max:   255  min: 0  mean: 77.1298  area: 8274240  std:88.0831
SA609_Ki67_C2_3230.tif
  
SA609_Ki67_C2_3230.tif
SA609_Ki67_C2_3230.tif-(Colour_1):   max:   255  min: 0  mean: 68.7172  area: 7442432  std:67.4301
******* NUC area detected
SA609_Ki67_C2_3230.tif-(Colour_3):   max:   255  min: 0  mean: 61.5582  area: 7442432  std:76.387
SA609_Ki67_C2_3401.tif
  
SA609_Ki67_C2_3401.tif
SA609_Ki67_C2_3401.tif-(Colour_1):   max:   255  min: 0  mean: 31.8545  area: 7661568  std:37.3802
******* NUC area detected
SA609_Ki67_C2_3401.tif-(Colour_3):   max:   254  min: 0  mean: 12.9215  area: 7661568  std:8.8271
SA609_Ki67_C2_3404.tif
  
SA609_Ki67_C2_3404.tif
SA609_Ki67_C2_3404.tif-(Colour_1):   max:   255  min: 0  mean: 71.7987  area: 8479744  std:74.128
******* NUC area detected
SA609_Ki67_C2_3404.tif-(Colour_3):   max:   255  min: 0  mean: 73.5244  area: 8479744  std:84.4967
SA609_Ki67_C2_3447.tif
  
SA609_Ki67_C2_3447.tif
SA609_Ki67_C2_3447.tif-(Colour_1):   max:   255  min: 0  mean: 73.4757  area: 7268352  std:68.9941
******* NUC area detected
SA609_Ki67_C2_3447.tif-(Colour_3):   max:   255  min: 0  mean: 71.6853  area: 7268352  std:79.983
SA609_Ki67_C2_3505.tif
  
SA609_Ki67_C2_3505.tif
SA609_Ki67_C2_3505.tif-(Colour_1):   max:   255  min: 0  mean: 60.4024  area: 8430080  std:69.548
******* NUC area detected
SA609_Ki67_C2_3505.tif-(Colour_3):   max:   255  min: 0  mean: 71.2764  area: 8430080  std:86.5392
SA609_Ki67_C2_3510.tif
  
SA609_Ki67_C2_3510.tif
SA609_Ki67_C2_3510.tif-(Colour_1):   max:   254  min: 0  mean: 72.744  area: 8663040  std:71.3803
******* NUC area detected
SA609_Ki67_C2_3510.tif-(Colour_3):   max:   255  min: 0  mean: 80.3903  area: 8663040  std:82.7059
Completed
