\Clear
Working dir: /home/htran/storage/images_dataset/HE_10_33214/CD57_tiles/

/home/htran/storage/images_dataset/HE_10_33214/CD57_tiles/BIN/
_______________________________________


Nb of processing images: 176

_______________________________________

CD57.svs__1_0_26910
******* Stain ROI generating....
_______________________________________

CD57.svs__1_11960_17940
******* Stain ROI generating....
_______________________________________

CD57.svs__1_11960_20930
******* Stain ROI generating....
_______________________________________

CD57.svs__1_11960_23920
******* Stain ROI generating....
_______________________________________

CD57.svs__1_11960_26910
******* Stain ROI generating....
_______________________________________

CD57.svs__1_11960_29900
******* Stain ROI generating....
_______________________________________

CD57.svs__1_11960_32890
******* Stain ROI generating....
_______________________________________

CD57.svs__1_14950_17940
******* Stain ROI generating....
_______________________________________

CD57.svs__1_14950_20930
******* Stain ROI generating....
_______________________________________

CD57.svs__1_14950_23920
******* Stain ROI generating....
_______________________________________

CD57.svs__1_14950_26910
******* Stain ROI generating....
_______________________________________

CD57.svs__1_14950_29900
******* Stain ROI generating....
_______________________________________

CD57.svs__1_17940_14950
******* Stain ROI generating....
_______________________________________

CD57.svs__1_17940_17940
******* Stain ROI generating....
_______________________________________

CD57.svs__1_17940_20930
******* Stain ROI generating....
_______________________________________

CD57.svs__1_17940_23920
******* Stain ROI generating....
_______________________________________

CD57.svs__1_17940_26910
******* Stain ROI generating....
_______________________________________

CD57.svs__1_17940_29900
******* Stain ROI generating....
_______________________________________

CD57.svs__1_20930_14950
******* Stain ROI generating....
_______________________________________

CD57.svs__1_20930_17940
******* Stain ROI generating....
_______________________________________

CD57.svs__1_20930_20930
******* Stain ROI generating....
_______________________________________

CD57.svs__1_20930_23920
******* Stain ROI generating....
_______________________________________

CD57.svs__1_20930_26910
******* Stain ROI generating....
_______________________________________

CD57.svs__1_20930_29900
******* Stain ROI generating....
_______________________________________

CD57.svs__1_23920_14950
******* Stain ROI generating....
_______________________________________

CD57.svs__1_23920_17940
******* Stain ROI generating....
_______________________________________

CD57.svs__1_23920_20930
******* Stain ROI generating....
_______________________________________

CD57.svs__1_23920_23920
******* Stain ROI generating....
_______________________________________

CD57.svs__1_23920_26910
******* Stain ROI generating....
_______________________________________

CD57.svs__1_23920_29900
******* Stain ROI generating....
_______________________________________

CD57.svs__1_26910_11960
******* Stain ROI generating....
_______________________________________

CD57.svs__1_26910_14950
******* Stain ROI generating....
_______________________________________

CD57.svs__1_26910_17940
******* Stain ROI generating....
_______________________________________

CD57.svs__1_26910_20930
******* Stain ROI generating....
_______________________________________

CD57.svs__1_26910_23920
******* Stain ROI generating....
_______________________________________

CD57.svs__1_26910_26910
******* Stain ROI generating....
_______________________________________

CD57.svs__1_26910_29900
******* Stain ROI generating....
_______________________________________

CD57.svs__1_29900_11960
******* Stain ROI generating....
_______________________________________

CD57.svs__1_29900_14950
******* Stain ROI generating....
_______________________________________

CD57.svs__1_29900_17940
******* Stain ROI generating....
_______________________________________

CD57.svs__1_29900_20930
******* Stain ROI generating....
_______________________________________

CD57.svs__1_29900_23920
******* Stain ROI generating....
_______________________________________

CD57.svs__1_29900_26910
******* Stain ROI generating....
_______________________________________

CD57.svs__1_29900_29900
******* Stain ROI generating....
_______________________________________

CD57.svs__1_2990_20930
******* Stain ROI generating....
_______________________________________

CD57.svs__1_2990_23920
******* Stain ROI generating....
_______________________________________

CD57.svs__1_2990_26910
******* Stain ROI generating....
_______________________________________

CD57.svs__1_32890_11960
******* Stain ROI generating....
_______________________________________

CD57.svs__1_32890_14950
******* Stain ROI generating....
_______________________________________

CD57.svs__1_32890_17940
******* Stain ROI generating....
_______________________________________

CD57.svs__1_32890_20930
******* Stain ROI generating....
_______________________________________

CD57.svs__1_32890_23920
******* Stain ROI generating....
_______________________________________

CD57.svs__1_32890_26910
******* Stain ROI generating....
_______________________________________

CD57.svs__1_32890_29900
******* Stain ROI generating....
_______________________________________

CD57.svs__1_32890_32890
******* Stain ROI generating....
_______________________________________

CD57.svs__1_35880_11960
******* Stain ROI generating....
_______________________________________

CD57.svs__1_35880_14950
******* Stain ROI generating....
_______________________________________

CD57.svs__1_35880_17940
******* Stain ROI generating....
_______________________________________

CD57.svs__1_35880_20930
******* Stain ROI generating....
_______________________________________

CD57.svs__1_35880_23920
******* Stain ROI generating....
_______________________________________

CD57.svs__1_35880_26910
******* Stain ROI generating....
_______________________________________

CD57.svs__1_35880_8970
******* Stain ROI generating....
_______________________________________

CD57.svs__1_38870_11960
******* Stain ROI generating....
_______________________________________

CD57.svs__1_38870_14950
******* Stain ROI generating....
_______________________________________

CD57.svs__1_38870_17940
******* Stain ROI generating....
_______________________________________

CD57.svs__1_38870_20930
******* Stain ROI generating....
_______________________________________

CD57.svs__1_38870_23920
******* Stain ROI generating....
_______________________________________

CD57.svs__1_38870_8970
******* Stain ROI generating....
_______________________________________

CD57.svs__1_41860_11960
******* Stain ROI generating....
_______________________________________

CD57.svs__1_41860_14950
******* Stain ROI generating....
_______________________________________

CD57.svs__1_41860_17940
******* Stain ROI generating....
_______________________________________

CD57.svs__1_41860_20930
******* Stain ROI generating....
_______________________________________

CD57.svs__1_41860_23920
******* Stain ROI generating....
_______________________________________

CD57.svs__1_41860_5980
******* Stain ROI generating....
_______________________________________

CD57.svs__1_41860_8970
******* Stain ROI generating....
_______________________________________

CD57.svs__1_44850_11960
******* Stain ROI generating....
_______________________________________

CD57.svs__1_44850_14950
******* Stain ROI generating....
_______________________________________

CD57.svs__1_44850_17940
******* Stain ROI generating....
_______________________________________

CD57.svs__1_44850_20930
******* Stain ROI generating....
_______________________________________

CD57.svs__1_44850_5980
******* Stain ROI generating....
_______________________________________

CD57.svs__1_44850_8970
******* Stain ROI generating....
_______________________________________

CD57.svs__1_47840_11960
******* Stain ROI generating....
_______________________________________

CD57.svs__1_47840_14950
******* Stain ROI generating....
_______________________________________

CD57.svs__1_47840_17940
******* Stain ROI generating....
_______________________________________

CD57.svs__1_47840_2990
******* Stain ROI generating....
_______________________________________

CD57.svs__1_47840_5980
******* Stain ROI generating....
_______________________________________

CD57.svs__1_47840_8970
******* Stain ROI generating....
_______________________________________

CD57.svs__1_50830_11960
******* Stain ROI generating....
_______________________________________

CD57.svs__1_50830_14950
******* Stain ROI generating....
_______________________________________

CD57.svs__1_50830_17940
******* Stain ROI generating....
_______________________________________

CD57.svs__1_50830_2990
******* Stain ROI generating....
_______________________________________

CD57.svs__1_50830_5980
******* Stain ROI generating....
_______________________________________

CD57.svs__1_50830_8970
******* Stain ROI generating....
_______________________________________

CD57.svs__1_53820_0
******* Stain ROI generating....
_______________________________________

CD57.svs__1_53820_11960
******* Stain ROI generating....
_______________________________________

CD57.svs__1_53820_14950
******* Stain ROI generating....
_______________________________________

CD57.svs__1_53820_2990
******* Stain ROI generating....
_______________________________________

CD57.svs__1_53820_5980
******* Stain ROI generating....
_______________________________________

CD57.svs__1_53820_8970
******* Stain ROI generating....
_______________________________________

CD57.svs__1_56810_0
******* Stain ROI generating....
_______________________________________

CD57.svs__1_56810_11960
******* Stain ROI generating....
_______________________________________

CD57.svs__1_56810_2990
******* Stain ROI generating....
_______________________________________

CD57.svs__1_56810_41860
******* Stain ROI generating....
_______________________________________

CD57.svs__1_56810_44850
******* Stain ROI generating....
_______________________________________

CD57.svs__1_56810_47840
******* Stain ROI generating....
_______________________________________

CD57.svs__1_56810_5980
******* Stain ROI generating....
_______________________________________

CD57.svs__1_56810_8970
******* Stain ROI generating....
_______________________________________

CD57.svs__1_59800_0
******* Stain ROI generating....
_______________________________________

CD57.svs__1_59800_11960
******* Stain ROI generating....
_______________________________________

CD57.svs__1_59800_14950
******* Stain ROI generating....
_______________________________________

CD57.svs__1_59800_2990
******* Stain ROI generating....
_______________________________________

CD57.svs__1_59800_32890
******* Stain ROI generating....
_______________________________________

CD57.svs__1_59800_35880
******* Stain ROI generating....
_______________________________________

CD57.svs__1_59800_38870
******* Stain ROI generating....
_______________________________________

CD57.svs__1_59800_41860
******* Stain ROI generating....
_______________________________________

CD57.svs__1_59800_44850
******* Stain ROI generating....
_______________________________________

CD57.svs__1_59800_47840
******* Stain ROI generating....
_______________________________________

CD57.svs__1_59800_5980
******* Stain ROI generating....
_______________________________________

CD57.svs__1_59800_8970
******* Stain ROI generating....
_______________________________________

CD57.svs__1_5980_20930
******* Stain ROI generating....
_______________________________________

CD57.svs__1_5980_23920
******* Stain ROI generating....
_______________________________________

CD57.svs__1_5980_26910
******* Stain ROI generating....
_______________________________________

CD57.svs__1_5980_29900
******* Stain ROI generating....
_______________________________________

CD57.svs__1_5980_32890
******* Stain ROI generating....
_______________________________________

CD57.svs__1_62790_0
******* Stain ROI generating....
_______________________________________

CD57.svs__1_62790_26910
******* Stain ROI generating....
_______________________________________

CD57.svs__1_62790_29900
******* Stain ROI generating....
_______________________________________

CD57.svs__1_62790_2990
******* Stain ROI generating....
_______________________________________

CD57.svs__1_62790_32890
******* Stain ROI generating....
_______________________________________

CD57.svs__1_62790_35880
******* Stain ROI generating....
_______________________________________

CD57.svs__1_62790_38870
******* Stain ROI generating....
_______________________________________

CD57.svs__1_62790_41860
******* Stain ROI generating....
_______________________________________

CD57.svs__1_62790_44850
******* Stain ROI generating....
_______________________________________

CD57.svs__1_62790_47840
******* Stain ROI generating....
_______________________________________

CD57.svs__1_62790_5980
******* Stain ROI generating....
_______________________________________

CD57.svs__1_65780_0
******* Stain ROI generating....
_______________________________________

CD57.svs__1_65780_23920
******* Stain ROI generating....
_______________________________________

CD57.svs__1_65780_26910
******* Stain ROI generating....
_______________________________________

CD57.svs__1_65780_29900
******* Stain ROI generating....
_______________________________________

CD57.svs__1_65780_2990
******* Stain ROI generating....
_______________________________________

CD57.svs__1_65780_32890
******* Stain ROI generating....
_______________________________________

CD57.svs__1_65780_35880
******* Stain ROI generating....
_______________________________________

CD57.svs__1_65780_38870
******* Stain ROI generating....
_______________________________________

CD57.svs__1_65780_41860
******* Stain ROI generating....
_______________________________________

CD57.svs__1_65780_44850
******* Stain ROI generating....
_______________________________________

CD57.svs__1_65780_5980
******* Stain ROI generating....
_______________________________________

CD57.svs__1_68770_0
******* Stain ROI generating....
_______________________________________

CD57.svs__1_68770_20930
******* Stain ROI generating....
_______________________________________

CD57.svs__1_68770_23920
******* Stain ROI generating....
_______________________________________

CD57.svs__1_68770_26910
******* Stain ROI generating....
_______________________________________

CD57.svs__1_68770_29900
******* Stain ROI generating....
_______________________________________

CD57.svs__1_68770_2990
******* Stain ROI generating....
_______________________________________

CD57.svs__1_68770_32890
******* Stain ROI generating....
_______________________________________

CD57.svs__1_68770_35880
******* Stain ROI generating....
_______________________________________

CD57.svs__1_68770_38870
******* Stain ROI generating....
_______________________________________

CD57.svs__1_68770_41860
******* Stain ROI generating....
_______________________________________

CD57.svs__1_71760_17940
******* Stain ROI generating....
_______________________________________

CD57.svs__1_71760_20930
******* Stain ROI generating....
_______________________________________

CD57.svs__1_71760_23920
******* Stain ROI generating....
_______________________________________

CD57.svs__1_71760_26910
******* Stain ROI generating....
_______________________________________

CD57.svs__1_71760_29900
******* Stain ROI generating....
_______________________________________

CD57.svs__1_71760_32890
******* Stain ROI generating....
_______________________________________

CD57.svs__1_71760_35880
******* Stain ROI generating....
_______________________________________

CD57.svs__1_71760_38870
******* Stain ROI generating....
_______________________________________

CD57.svs__1_74750_17940
******* Stain ROI generating....
_______________________________________

CD57.svs__1_74750_20930
******* Stain ROI generating....
_______________________________________

CD57.svs__1_74750_23920
******* Stain ROI generating....
_______________________________________

CD57.svs__1_74750_26910
******* Stain ROI generating....
_______________________________________

CD57.svs__1_74750_29900
******* Stain ROI generating....
_______________________________________

CD57.svs__1_74750_32890
******* Stain ROI generating....
_______________________________________

CD57.svs__1_74750_35880
******* Stain ROI generating....
_______________________________________

CD57.svs__1_8970_17940
******* Stain ROI generating....
_______________________________________

CD57.svs__1_8970_20930
******* Stain ROI generating....
_______________________________________

CD57.svs__1_8970_23920
******* Stain ROI generating....
_______________________________________

CD57.svs__1_8970_26910
******* Stain ROI generating....
_______________________________________

CD57.svs__1_8970_29900
******* Stain ROI generating....
_________________________

Nb of processed images:  176
Completed
