\Clear
/home/htran/storage/images_dataset/large_tissue/1_10/
CD8
1_10_CD8.svs__1_11960_14950_NUC.tif
  
  
/home/htran/storage/images_dataset/large_tissue/1_10/CD8_tiles/deconv/1_10_CD8.svs__1_11960_14950.tif
Before mask processing: 
1_10_CD8.svs__1_11960_14950_NUC.tif:   max:   255  mean: 153.9334
After mask processing: 
1_10_CD8.svs__1_11960_14950_NUC.tif:   max:   255  mean: 108.6202
1_10_CD8.svs__1_11960_17940_NUC.tif
  
  
/home/htran/storage/images_dataset/large_tissue/1_10/CD8_tiles/deconv/1_10_CD8.svs__1_11960_17940.tif
Before mask processing: 
1_10_CD8.svs__1_11960_17940_NUC.tif:   max:   255  mean: 124.3491
After mask processing: 
1_10_CD8.svs__1_11960_17940_NUC.tif:   max:   255  mean: 124.3491
1_10_CD8.svs__1_11960_20930_NUC.tif
  
  
/home/htran/storage/images_dataset/large_tissue/1_10/CD8_tiles/deconv/1_10_CD8.svs__1_11960_20930.tif
Before mask processing: 
1_10_CD8.svs__1_11960_20930_NUC.tif:   max:   255  mean: 136.04
After mask processing: 
1_10_CD8.svs__1_11960_20930_NUC.tif:   max:   255  mean: 136.04
1_10_CD8.svs__1_11960_23920_NUC.tif
  
  
/home/htran/storage/images_dataset/large_tissue/1_10/CD8_tiles/deconv/1_10_CD8.svs__1_11960_23920.tif
Before mask processing: 
1_10_CD8.svs__1_11960_23920_NUC.tif:   max:   255  mean: 162.76
After mask processing: 
1_10_CD8.svs__1_11960_23920_NUC.tif:   max:   255  mean: 118.4362
1_10_CD8.svs__1_14950_11960_NUC.tif
  
  
/home/htran/storage/images_dataset/large_tissue/1_10/CD8_tiles/deconv/1_10_CD8.svs__1_14950_11960.tif
Before mask processing: 
1_10_CD8.svs__1_14950_11960_NUC.tif:   max:   255  mean: 154.6562
After mask processing: 
1_10_CD8.svs__1_14950_11960_NUC.tif:   max:   255  mean: 18.9563
1_10_CD8.svs__1_14950_14950_NUC.tif
  
  
/home/htran/storage/images_dataset/large_tissue/1_10/CD8_tiles/deconv/1_10_CD8.svs__1_14950_14950.tif
Before mask processing: 
1_10_CD8.svs__1_14950_14950_NUC.tif:   max:   255  mean: 127.8623
After mask processing: 
1_10_CD8.svs__1_14950_14950_NUC.tif:   max:   255  mean: 124.3179
1_10_CD8.svs__1_14950_17940_NUC.tif
  
  
/home/htran/storage/images_dataset/large_tissue/1_10/CD8_tiles/deconv/1_10_CD8.svs__1_14950_17940.tif
Before mask processing: 
1_10_CD8.svs__1_14950_17940_NUC.tif:   max:   255  mean: 126.0294
After mask processing: 
1_10_CD8.svs__1_14950_17940_NUC.tif:   max:   255  mean: 126.0294
1_10_CD8.svs__1_14950_20930_NUC.tif
  
  
/home/htran/storage/images_dataset/large_tissue/1_10/CD8_tiles/deconv/1_10_CD8.svs__1_14950_20930.tif
Before mask processing: 
1_10_CD8.svs__1_14950_20930_NUC.tif:   max:   255  mean: 125.5873
After mask processing: 
1_10_CD8.svs__1_14950_20930_NUC.tif:   max:   255  mean: 125.5873
1_10_CD8.svs__1_14950_23920_NUC.tif
  
  
/home/htran/storage/images_dataset/large_tissue/1_10/CD8_tiles/deconv/1_10_CD8.svs__1_14950_23920.tif
Before mask processing: 
1_10_CD8.svs__1_14950_23920_NUC.tif:   max:   255  mean: 141.2025
After mask processing: 
1_10_CD8.svs__1_14950_23920_NUC.tif:   max:   255  mean: 141.2025
1_10_CD8.svs__1_14950_26910_NUC.tif
  
  
/home/htran/storage/images_dataset/large_tissue/1_10/CD8_tiles/deconv/1_10_CD8.svs__1_14950_26910.tif
Before mask processing: 
1_10_CD8.svs__1_14950_26910_NUC.tif:   max:   255  mean: 249.2296
After mask processing: 
1_10_CD8.svs__1_14950_26910_NUC.tif:   max:   255  mean: 7.7049
1_10_CD8.svs__1_17940_11960_NUC.tif
  
  
/home/htran/storage/images_dataset/large_tissue/1_10/CD8_tiles/deconv/1_10_CD8.svs__1_17940_11960.tif
Before mask processing: 
1_10_CD8.svs__1_17940_11960_NUC.tif:   max:   255  mean: 188.362
After mask processing: 
1_10_CD8.svs__1_17940_11960_NUC.tif:   max:   255  mean: 73.5747
1_10_CD8.svs__1_17940_14950_NUC.tif
  
  
/home/htran/storage/images_dataset/large_tissue/1_10/CD8_tiles/deconv/1_10_CD8.svs__1_17940_14950.tif
Before mask processing: 
1_10_CD8.svs__1_17940_14950_NUC.tif:   max:   255  mean: 123.3017
After mask processing: 
1_10_CD8.svs__1_17940_14950_NUC.tif:   max:   255  mean: 123.3017
1_10_CD8.svs__1_17940_17940_NUC.tif
  
  
/home/htran/storage/images_dataset/large_tissue/1_10/CD8_tiles/deconv/1_10_CD8.svs__1_17940_17940.tif
Before mask processing: 
1_10_CD8.svs__1_17940_17940_NUC.tif:   max:   255  mean: 133.5607
After mask processing: 
1_10_CD8.svs__1_17940_17940_NUC.tif:   max:   255  mean: 133.5607
1_10_CD8.svs__1_17940_20930_NUC.tif
  
  
/home/htran/storage/images_dataset/large_tissue/1_10/CD8_tiles/deconv/1_10_CD8.svs__1_17940_20930.tif
Before mask processing: 
1_10_CD8.svs__1_17940_20930_NUC.tif:   max:   255  mean: 132.3517
After mask processing: 
1_10_CD8.svs__1_17940_20930_NUC.tif:   max:   255  mean: 132.3517
1_10_CD8.svs__1_17940_23920_NUC.tif
  
  
/home/htran/storage/images_dataset/large_tissue/1_10/CD8_tiles/deconv/1_10_CD8.svs__1_17940_23920.tif
Before mask processing: 
1_10_CD8.svs__1_17940_23920_NUC.tif:   max:   255  mean: 141.8292
After mask processing: 
1_10_CD8.svs__1_17940_23920_NUC.tif:   max:   255  mean: 129.8961
1_10_CD8.svs__1_17940_26910_NUC.tif
  
  
/home/htran/storage/images_dataset/large_tissue/1_10/CD8_tiles/deconv/1_10_CD8.svs__1_17940_26910.tif
Before mask processing: 
1_10_CD8.svs__1_17940_26910_NUC.tif:   max:   255  mean: 245.8392
After mask processing: 
1_10_CD8.svs__1_17940_26910_NUC.tif:   max:   255  mean: 12.812
1_10_CD8.svs__1_20930_11960_NUC.tif
  
  
/home/htran/storage/images_dataset/large_tissue/1_10/CD8_tiles/deconv/1_10_CD8.svs__1_20930_11960.tif
Before mask processing: 
1_10_CD8.svs__1_20930_11960_NUC.tif:   max:   255  mean: 164.8964
After mask processing: 
1_10_CD8.svs__1_20930_11960_NUC.tif:   max:   255  mean: 126.7319
1_10_CD8.svs__1_20930_14950_NUC.tif
  
  
/home/htran/storage/images_dataset/large_tissue/1_10/CD8_tiles/deconv/1_10_CD8.svs__1_20930_14950.tif
Before mask processing: 
1_10_CD8.svs__1_20930_14950_NUC.tif:   max:   255  mean: 134.9029
After mask processing: 
1_10_CD8.svs__1_20930_14950_NUC.tif:   max:   255  mean: 134.9029
1_10_CD8.svs__1_20930_17940_NUC.tif
  
  
/home/htran/storage/images_dataset/large_tissue/1_10/CD8_tiles/deconv/1_10_CD8.svs__1_20930_17940.tif
Before mask processing: 
1_10_CD8.svs__1_20930_17940_NUC.tif:   max:   255  mean: 128.5856
After mask processing: 
1_10_CD8.svs__1_20930_17940_NUC.tif:   max:   255  mean: 128.5856
1_10_CD8.svs__1_20930_20930_NUC.tif
  
  
/home/htran/storage/images_dataset/large_tissue/1_10/CD8_tiles/deconv/1_10_CD8.svs__1_20930_20930.tif
Before mask processing: 
1_10_CD8.svs__1_20930_20930_NUC.tif:   max:   255  mean: 126.2261
After mask processing: 
1_10_CD8.svs__1_20930_20930_NUC.tif:   max:   255  mean: 126.2261
1_10_CD8.svs__1_20930_23920_NUC.tif
  
  
/home/htran/storage/images_dataset/large_tissue/1_10/CD8_tiles/deconv/1_10_CD8.svs__1_20930_23920.tif
Before mask processing: 
1_10_CD8.svs__1_20930_23920_NUC.tif:   max:   255  mean: 187.1733
After mask processing: 
1_10_CD8.svs__1_20930_23920_NUC.tif:   max:   255  mean: 79.205
1_10_CD8.svs__1_23920_11960_NUC.tif
  
  
/home/htran/storage/images_dataset/large_tissue/1_10/CD8_tiles/deconv/1_10_CD8.svs__1_23920_11960.tif
Before mask processing: 
1_10_CD8.svs__1_23920_11960_NUC.tif:   max:   255  mean: 146.3598
After mask processing: 
1_10_CD8.svs__1_23920_11960_NUC.tif:   max:   255  mean: 146.3598
1_10_CD8.svs__1_23920_14950_NUC.tif
  
  
/home/htran/storage/images_dataset/large_tissue/1_10/CD8_tiles/deconv/1_10_CD8.svs__1_23920_14950.tif
Before mask processing: 
1_10_CD8.svs__1_23920_14950_NUC.tif:   max:   255  mean: 133.4286
After mask processing: 
1_10_CD8.svs__1_23920_14950_NUC.tif:   max:   255  mean: 133.4286
1_10_CD8.svs__1_23920_17940_NUC.tif
  
  
/home/htran/storage/images_dataset/large_tissue/1_10/CD8_tiles/deconv/1_10_CD8.svs__1_23920_17940.tif
Before mask processing: 
1_10_CD8.svs__1_23920_17940_NUC.tif:   max:   255  mean: 132.4208
After mask processing: 
1_10_CD8.svs__1_23920_17940_NUC.tif:   max:   255  mean: 132.4208
1_10_CD8.svs__1_23920_20930_NUC.tif
  
  
/home/htran/storage/images_dataset/large_tissue/1_10/CD8_tiles/deconv/1_10_CD8.svs__1_23920_20930.tif
Before mask processing: 
1_10_CD8.svs__1_23920_20930_NUC.tif:   max:   255  mean: 139.2365
After mask processing: 
1_10_CD8.svs__1_23920_20930_NUC.tif:   max:   255  mean: 139.2365
1_10_CD8.svs__1_23920_23920_NUC.tif
  
  
/home/htran/storage/images_dataset/large_tissue/1_10/CD8_tiles/deconv/1_10_CD8.svs__1_23920_23920.tif
Before mask processing: 
1_10_CD8.svs__1_23920_23920_NUC.tif:   max:   255  mean: 227.6444
After mask processing: 
1_10_CD8.svs__1_23920_23920_NUC.tif:   max:   255  mean: 38.2488
1_10_CD8.svs__1_23920_8970_NUC.tif
  
  
/home/htran/storage/images_dataset/large_tissue/1_10/CD8_tiles/deconv/1_10_CD8.svs__1_23920_8970.tif
Before mask processing: 
1_10_CD8.svs__1_23920_8970_NUC.tif:   max:   255  mean: 195.011
After mask processing: 
1_10_CD8.svs__1_23920_8970_NUC.tif:   max:   255  mean: 22.4511
1_10_CD8.svs__1_26910_11960_NUC.tif
  
  
/home/htran/storage/images_dataset/large_tissue/1_10/CD8_tiles/deconv/1_10_CD8.svs__1_26910_11960.tif
Before mask processing: 
1_10_CD8.svs__1_26910_11960_NUC.tif:   max:   255  mean: 154.7598
After mask processing: 
1_10_CD8.svs__1_26910_11960_NUC.tif:   max:   255  mean: 154.7598
1_10_CD8.svs__1_26910_14950_NUC.tif
  
  
/home/htran/storage/images_dataset/large_tissue/1_10/CD8_tiles/deconv/1_10_CD8.svs__1_26910_14950.tif
Before mask processing: 
1_10_CD8.svs__1_26910_14950_NUC.tif:   max:   255  mean: 139.0568
After mask processing: 
1_10_CD8.svs__1_26910_14950_NUC.tif:   max:   255  mean: 139.0568
1_10_CD8.svs__1_26910_17940_NUC.tif
  
  
/home/htran/storage/images_dataset/large_tissue/1_10/CD8_tiles/deconv/1_10_CD8.svs__1_26910_17940.tif
Before mask processing: 
1_10_CD8.svs__1_26910_17940_NUC.tif:   max:   255  mean: 129.3196
After mask processing: 
1_10_CD8.svs__1_26910_17940_NUC.tif:   max:   255  mean: 129.3196
1_10_CD8.svs__1_26910_20930_NUC.tif
  
  
/home/htran/storage/images_dataset/large_tissue/1_10/CD8_tiles/deconv/1_10_CD8.svs__1_26910_20930.tif
Before mask processing: 
1_10_CD8.svs__1_26910_20930_NUC.tif:   max:   255  mean: 133.4766
After mask processing: 
1_10_CD8.svs__1_26910_20930_NUC.tif:   max:   255  mean: 132.6896
1_10_CD8.svs__1_26910_23920_NUC.tif
  
  
/home/htran/storage/images_dataset/large_tissue/1_10/CD8_tiles/deconv/1_10_CD8.svs__1_26910_23920.tif
Before mask processing: 
1_10_CD8.svs__1_26910_23920_NUC.tif:   max:   255  mean: 231.2466
After mask processing: 
1_10_CD8.svs__1_26910_23920_NUC.tif:   max:   255  mean: 27.2654
1_10_CD8.svs__1_26910_8970_NUC.tif
  
  
/home/htran/storage/images_dataset/large_tissue/1_10/CD8_tiles/deconv/1_10_CD8.svs__1_26910_8970.tif
Before mask processing: 
1_10_CD8.svs__1_26910_8970_NUC.tif:   max:   255  mean: 183.7208
After mask processing: 
1_10_CD8.svs__1_26910_8970_NUC.tif:   max:   255  mean: 82.6563
1_10_CD8.svs__1_29900_11960_NUC.tif
  
  
/home/htran/storage/images_dataset/large_tissue/1_10/CD8_tiles/deconv/1_10_CD8.svs__1_29900_11960.tif
Before mask processing: 
1_10_CD8.svs__1_29900_11960_NUC.tif:   max:   255  mean: 145.5176
After mask processing: 
1_10_CD8.svs__1_29900_11960_NUC.tif:   max:   255  mean: 145.5176
1_10_CD8.svs__1_29900_14950_NUC.tif
  
  
/home/htran/storage/images_dataset/large_tissue/1_10/CD8_tiles/deconv/1_10_CD8.svs__1_29900_14950.tif
Before mask processing: 
1_10_CD8.svs__1_29900_14950_NUC.tif:   max:   255  mean: 142.8884
After mask processing: 
1_10_CD8.svs__1_29900_14950_NUC.tif:   max:   255  mean: 142.8884
1_10_CD8.svs__1_29900_17940_NUC.tif
  
  
/home/htran/storage/images_dataset/large_tissue/1_10/CD8_tiles/deconv/1_10_CD8.svs__1_29900_17940.tif
Before mask processing: 
1_10_CD8.svs__1_29900_17940_NUC.tif:   max:   255  mean: 132.7445
After mask processing: 
1_10_CD8.svs__1_29900_17940_NUC.tif:   max:   255  mean: 132.7445
1_10_CD8.svs__1_29900_20930_NUC.tif
  
  
/home/htran/storage/images_dataset/large_tissue/1_10/CD8_tiles/deconv/1_10_CD8.svs__1_29900_20930.tif
Before mask processing: 
1_10_CD8.svs__1_29900_20930_NUC.tif:   max:   255  mean: 159.894
After mask processing: 
1_10_CD8.svs__1_29900_20930_NUC.tif:   max:   255  mean: 111.9855
1_10_CD8.svs__1_29900_5980_NUC.tif
  
  
/home/htran/storage/images_dataset/large_tissue/1_10/CD8_tiles/deconv/1_10_CD8.svs__1_29900_5980.tif
Before mask processing: 
1_10_CD8.svs__1_29900_5980_NUC.tif:   max:   255  mean: 122.0386
After mask processing: 
1_10_CD8.svs__1_29900_5980_NUC.tif:   max:   255  mean: 5.4769
1_10_CD8.svs__1_29900_8970_NUC.tif
  
  
/home/htran/storage/images_dataset/large_tissue/1_10/CD8_tiles/deconv/1_10_CD8.svs__1_29900_8970.tif
Before mask processing: 
1_10_CD8.svs__1_29900_8970_NUC.tif:   max:   255  mean: 175.757
After mask processing: 
1_10_CD8.svs__1_29900_8970_NUC.tif:   max:   255  mean: 153.5307
1_10_CD8.svs__1_2990_17940_NUC.tif
  
  
/home/htran/storage/images_dataset/large_tissue/1_10/CD8_tiles/deconv/1_10_CD8.svs__1_2990_17940.tif
Before mask processing: 
1_10_CD8.svs__1_2990_17940_NUC.tif:   max:   255  mean: 216.1526
After mask processing: 
1_10_CD8.svs__1_2990_17940_NUC.tif:   max:   255  mean: 58.2398
1_10_CD8.svs__1_2990_20930_NUC.tif
  
  
/home/htran/storage/images_dataset/large_tissue/1_10/CD8_tiles/deconv/1_10_CD8.svs__1_2990_20930.tif
Before mask processing: 
1_10_CD8.svs__1_2990_20930_NUC.tif:   max:   255  mean: 232.026
After mask processing: 
1_10_CD8.svs__1_2990_20930_NUC.tif:   max:   255  mean: 27.0432
1_10_CD8.svs__1_32890_11960_NUC.tif
  
  
/home/htran/storage/images_dataset/large_tissue/1_10/CD8_tiles/deconv/1_10_CD8.svs__1_32890_11960.tif
Before mask processing: 
1_10_CD8.svs__1_32890_11960_NUC.tif:   max:   255  mean: 151.2403
After mask processing: 
1_10_CD8.svs__1_32890_11960_NUC.tif:   max:   255  mean: 151.2403
1_10_CD8.svs__1_32890_14950_NUC.tif
  
  
/home/htran/storage/images_dataset/large_tissue/1_10/CD8_tiles/deconv/1_10_CD8.svs__1_32890_14950.tif
Before mask processing: 
1_10_CD8.svs__1_32890_14950_NUC.tif:   max:   255  mean: 144.808
After mask processing: 
1_10_CD8.svs__1_32890_14950_NUC.tif:   max:   255  mean: 144.808
1_10_CD8.svs__1_32890_17940_NUC.tif
  
  
/home/htran/storage/images_dataset/large_tissue/1_10/CD8_tiles/deconv/1_10_CD8.svs__1_32890_17940.tif
Before mask processing: 
1_10_CD8.svs__1_32890_17940_NUC.tif:   max:   255  mean: 144.2134
After mask processing: 
1_10_CD8.svs__1_32890_17940_NUC.tif:   max:   255  mean: 144.2134
1_10_CD8.svs__1_32890_20930_NUC.tif
  
  
/home/htran/storage/images_dataset/large_tissue/1_10/CD8_tiles/deconv/1_10_CD8.svs__1_32890_20930.tif
Before mask processing: 
1_10_CD8.svs__1_32890_20930_NUC.tif:   max:   255  mean: 223.1887
After mask processing: 
1_10_CD8.svs__1_32890_20930_NUC.tif:   max:   255  mean: 42.8055
1_10_CD8.svs__1_32890_5980_NUC.tif
  
  
/home/htran/storage/images_dataset/large_tissue/1_10/CD8_tiles/deconv/1_10_CD8.svs__1_32890_5980.tif
Before mask processing: 
1_10_CD8.svs__1_32890_5980_NUC.tif:   max:   255  mean: 235.6874
After mask processing: 
1_10_CD8.svs__1_32890_5980_NUC.tif:   max:   255  mean: 41.68
1_10_CD8.svs__1_32890_8970_NUC.tif
  
  
/home/htran/storage/images_dataset/large_tissue/1_10/CD8_tiles/deconv/1_10_CD8.svs__1_32890_8970.tif
Before mask processing: 
1_10_CD8.svs__1_32890_8970_NUC.tif:   max:   255  mean: 154.6901
After mask processing: 
1_10_CD8.svs__1_32890_8970_NUC.tif:   max:   255  mean: 154.6901
1_10_CD8.svs__1_35880_11960_NUC.tif
  
  
/home/htran/storage/images_dataset/large_tissue/1_10/CD8_tiles/deconv/1_10_CD8.svs__1_35880_11960.tif
Before mask processing: 
1_10_CD8.svs__1_35880_11960_NUC.tif:   max:   255  mean: 144.7955
After mask processing: 
1_10_CD8.svs__1_35880_11960_NUC.tif:   max:   255  mean: 144.7955
1_10_CD8.svs__1_35880_14950_NUC.tif
  
  
/home/htran/storage/images_dataset/large_tissue/1_10/CD8_tiles/deconv/1_10_CD8.svs__1_35880_14950.tif
Before mask processing: 
1_10_CD8.svs__1_35880_14950_NUC.tif:   max:   255  mean: 130.6316
After mask processing: 
1_10_CD8.svs__1_35880_14950_NUC.tif:   max:   255  mean: 130.6316
1_10_CD8.svs__1_35880_17940_NUC.tif
  
  
/home/htran/storage/images_dataset/large_tissue/1_10/CD8_tiles/deconv/1_10_CD8.svs__1_35880_17940.tif
Before mask processing: 
1_10_CD8.svs__1_35880_17940_NUC.tif:   max:   255  mean: 150.1671
After mask processing: 
1_10_CD8.svs__1_35880_17940_NUC.tif:   max:   255  mean: 139.6519
1_10_CD8.svs__1_35880_20930_NUC.tif
  
  
/home/htran/storage/images_dataset/large_tissue/1_10/CD8_tiles/deconv/1_10_CD8.svs__1_35880_20930.tif
Before mask processing: 
1_10_CD8.svs__1_35880_20930_NUC.tif:   max:   255  mean: 247.0324
After mask processing: 
1_10_CD8.svs__1_35880_20930_NUC.tif:   max:   255  mean: 9.8363
1_10_CD8.svs__1_35880_5980_NUC.tif
  
  
/home/htran/storage/images_dataset/large_tissue/1_10/CD8_tiles/deconv/1_10_CD8.svs__1_35880_5980.tif
Before mask processing: 
1_10_CD8.svs__1_35880_5980_NUC.tif:   max:   255  mean: 224.4566
After mask processing: 
1_10_CD8.svs__1_35880_5980_NUC.tif:   max:   255  mean: 52.137
1_10_CD8.svs__1_35880_8970_NUC.tif
  
  
/home/htran/storage/images_dataset/large_tissue/1_10/CD8_tiles/deconv/1_10_CD8.svs__1_35880_8970.tif
Before mask processing: 
1_10_CD8.svs__1_35880_8970_NUC.tif:   max:   255  mean: 147.5106
After mask processing: 
1_10_CD8.svs__1_35880_8970_NUC.tif:   max:   255  mean: 147.5106
1_10_CD8.svs__1_38870_11960_NUC.tif
  
  
/home/htran/storage/images_dataset/large_tissue/1_10/CD8_tiles/deconv/1_10_CD8.svs__1_38870_11960.tif
Before mask processing: 
1_10_CD8.svs__1_38870_11960_NUC.tif:   max:   255  mean: 146.791
After mask processing: 
1_10_CD8.svs__1_38870_11960_NUC.tif:   max:   255  mean: 146.791
1_10_CD8.svs__1_38870_14950_NUC.tif
  
  
/home/htran/storage/images_dataset/large_tissue/1_10/CD8_tiles/deconv/1_10_CD8.svs__1_38870_14950.tif
Before mask processing: 
1_10_CD8.svs__1_38870_14950_NUC.tif:   max:   255  mean: 154.9855
After mask processing: 
1_10_CD8.svs__1_38870_14950_NUC.tif:   max:   255  mean: 147.9689
1_10_CD8.svs__1_38870_17940_NUC.tif
  
  
/home/htran/storage/images_dataset/large_tissue/1_10/CD8_tiles/deconv/1_10_CD8.svs__1_38870_17940.tif
Before mask processing: 
1_10_CD8.svs__1_38870_17940_NUC.tif:   max:   255  mean: 217.5766
After mask processing: 
1_10_CD8.svs__1_38870_17940_NUC.tif:   max:   255  mean: 46.1311
1_10_CD8.svs__1_38870_2990_NUC.tif
  
  
/home/htran/storage/images_dataset/large_tissue/1_10/CD8_tiles/deconv/1_10_CD8.svs__1_38870_2990.tif
Before mask processing: 
1_10_CD8.svs__1_38870_2990_NUC.tif:   max:   255  mean: 240.9993
After mask processing: 
1_10_CD8.svs__1_38870_2990_NUC.tif:   max:   255  mean: 20.36
1_10_CD8.svs__1_38870_5980_NUC.tif
  
  
/home/htran/storage/images_dataset/large_tissue/1_10/CD8_tiles/deconv/1_10_CD8.svs__1_38870_5980.tif
Before mask processing: 
1_10_CD8.svs__1_38870_5980_NUC.tif:   max:   255  mean: 200.3913
After mask processing: 
1_10_CD8.svs__1_38870_5980_NUC.tif:   max:   255  mean: 77.122
1_10_CD8.svs__1_38870_8970_NUC.tif
  
  
/home/htran/storage/images_dataset/large_tissue/1_10/CD8_tiles/deconv/1_10_CD8.svs__1_38870_8970.tif
Before mask processing: 
1_10_CD8.svs__1_38870_8970_NUC.tif:   max:   255  mean: 131.8587
After mask processing: 
1_10_CD8.svs__1_38870_8970_NUC.tif:   max:   255  mean: 131.8587
1_10_CD8.svs__1_41860_11960_NUC.tif
  
  
/home/htran/storage/images_dataset/large_tissue/1_10/CD8_tiles/deconv/1_10_CD8.svs__1_41860_11960.tif
Before mask processing: 
1_10_CD8.svs__1_41860_11960_NUC.tif:   max:   255  mean: 144.1195
After mask processing: 
1_10_CD8.svs__1_41860_11960_NUC.tif:   max:   255  mean: 144.1195
1_10_CD8.svs__1_41860_14950_NUC.tif
  
  
/home/htran/storage/images_dataset/large_tissue/1_10/CD8_tiles/deconv/1_10_CD8.svs__1_41860_14950.tif
Before mask processing: 
1_10_CD8.svs__1_41860_14950_NUC.tif:   max:   255  mean: 206.0541
After mask processing: 
1_10_CD8.svs__1_41860_14950_NUC.tif:   max:   255  mean: 74.3943
1_10_CD8.svs__1_41860_2990_NUC.tif
  
  
/home/htran/storage/images_dataset/large_tissue/1_10/CD8_tiles/deconv/1_10_CD8.svs__1_41860_2990.tif
Before mask processing: 
1_10_CD8.svs__1_41860_2990_NUC.tif:   max:   255  mean: 245.5722
After mask processing: 
1_10_CD8.svs__1_41860_2990_NUC.tif:   max:   255  mean: 10.0192
1_10_CD8.svs__1_41860_5980_NUC.tif
  
  
/home/htran/storage/images_dataset/large_tissue/1_10/CD8_tiles/deconv/1_10_CD8.svs__1_41860_5980.tif
Before mask processing: 
1_10_CD8.svs__1_41860_5980_NUC.tif:   max:   255  mean: 217.6035
After mask processing: 
1_10_CD8.svs__1_41860_5980_NUC.tif:   max:   255  mean: 42.7081
1_10_CD8.svs__1_41860_8970_NUC.tif
  
  
/home/htran/storage/images_dataset/large_tissue/1_10/CD8_tiles/deconv/1_10_CD8.svs__1_41860_8970.tif
Before mask processing: 
1_10_CD8.svs__1_41860_8970_NUC.tif:   max:   255  mean: 154.6545
After mask processing: 
1_10_CD8.svs__1_41860_8970_NUC.tif:   max:   255  mean: 125.3295
1_10_CD8.svs__1_44850_0_NUC.tif
  
  
/home/htran/storage/images_dataset/large_tissue/1_10/CD8_tiles/deconv/1_10_CD8.svs__1_44850_0.tif
Before mask processing: 
1_10_CD8.svs__1_44850_0_NUC.tif:   max:   255  mean: 197.2637
After mask processing: 
1_10_CD8.svs__1_44850_0_NUC.tif:   max:   255  mean: 13.7566
1_10_CD8.svs__1_44850_11960_NUC.tif
  
  
/home/htran/storage/images_dataset/large_tissue/1_10/CD8_tiles/deconv/1_10_CD8.svs__1_44850_11960.tif
Before mask processing: 
1_10_CD8.svs__1_44850_11960_NUC.tif:   max:   255  mean: 217.5803
After mask processing: 
1_10_CD8.svs__1_44850_11960_NUC.tif:   max:   255  mean: 59.0737
1_10_CD8.svs__1_44850_14950_NUC.tif
  
  
/home/htran/storage/images_dataset/large_tissue/1_10/CD8_tiles/deconv/1_10_CD8.svs__1_44850_14950.tif
Before mask processing: 
1_10_CD8.svs__1_44850_14950_NUC.tif:   max:   255  mean: 253.3322
After mask processing: 
1_10_CD8.svs__1_44850_14950_NUC.tif:   max:   255  mean: 0.601
1_10_CD8.svs__1_44850_2990_NUC.tif
  
  
/home/htran/storage/images_dataset/large_tissue/1_10/CD8_tiles/deconv/1_10_CD8.svs__1_44850_2990.tif
Before mask processing: 
1_10_CD8.svs__1_44850_2990_NUC.tif:   max:   255  mean: 174.2382
After mask processing: 
1_10_CD8.svs__1_44850_2990_NUC.tif:   max:   255  mean: 65.3353
1_10_CD8.svs__1_44850_5980_NUC.tif
  
  
/home/htran/storage/images_dataset/large_tissue/1_10/CD8_tiles/deconv/1_10_CD8.svs__1_44850_5980.tif
Before mask processing: 
1_10_CD8.svs__1_44850_5980_NUC.tif:   max:   255  mean: 227.7361
After mask processing: 
1_10_CD8.svs__1_44850_5980_NUC.tif:   max:   255  mean: 23.5607
1_10_CD8.svs__1_44850_8970_NUC.tif
  
  
/home/htran/storage/images_dataset/large_tissue/1_10/CD8_tiles/deconv/1_10_CD8.svs__1_44850_8970.tif
Before mask processing: 
1_10_CD8.svs__1_44850_8970_NUC.tif:   max:   255  mean: 251.2379
After mask processing: 
1_10_CD8.svs__1_44850_8970_NUC.tif:   max:   255  mean: 3.6456
1_10_CD8.svs__1_47840_0_NUC.tif
  
  
/home/htran/storage/images_dataset/large_tissue/1_10/CD8_tiles/deconv/1_10_CD8.svs__1_47840_0.tif
Before mask processing: 
1_10_CD8.svs__1_47840_0_NUC.tif:   max:   255  mean: 219.5469
After mask processing: 
1_10_CD8.svs__1_47840_0_NUC.tif:   max:   255  mean: 0.05015
1_10_CD8.svs__1_47840_11960_NUC.tif
  
  
/home/htran/storage/images_dataset/large_tissue/1_10/CD8_tiles/deconv/1_10_CD8.svs__1_47840_11960.tif
Before mask processing: 
1_10_CD8.svs__1_47840_11960_NUC.tif:   max:   255  mean: 244.6866
After mask processing: 
1_10_CD8.svs__1_47840_11960_NUC.tif:   max:   0  mean: 0
1_10_CD8.svs__1_47840_2990_NUC.tif
  
  
/home/htran/storage/images_dataset/large_tissue/1_10/CD8_tiles/deconv/1_10_CD8.svs__1_47840_2990.tif
Before mask processing: 
1_10_CD8.svs__1_47840_2990_NUC.tif:   max:   255  mean: 219.5011
After mask processing: 
1_10_CD8.svs__1_47840_2990_NUC.tif:   max:   255  mean: 25.8003
1_10_CD8.svs__1_47840_5980_NUC.tif
  
  
/home/htran/storage/images_dataset/large_tissue/1_10/CD8_tiles/deconv/1_10_CD8.svs__1_47840_5980.tif
Before mask processing: 
1_10_CD8.svs__1_47840_5980_NUC.tif:   max:   255  mean: 128.9275
After mask processing: 
1_10_CD8.svs__1_47840_5980_NUC.tif:   max:   255  mean: 115.516
1_10_CD8.svs__1_47840_8970_NUC.tif
  
  
/home/htran/storage/images_dataset/large_tissue/1_10/CD8_tiles/deconv/1_10_CD8.svs__1_47840_8970.tif
Before mask processing: 
1_10_CD8.svs__1_47840_8970_NUC.tif:   max:   255  mean: 204.9182
After mask processing: 
1_10_CD8.svs__1_47840_8970_NUC.tif:   max:   255  mean: 70.0407
1_10_CD8.svs__1_50830_0_NUC.tif
  
  
/home/htran/storage/images_dataset/large_tissue/1_10/CD8_tiles/deconv/1_10_CD8.svs__1_50830_0.tif
Before mask processing: 
1_10_CD8.svs__1_50830_0_NUC.tif:   max:   255  mean: 124.2465
After mask processing: 
1_10_CD8.svs__1_50830_0_NUC.tif:   max:   255  mean: 73.5424
1_10_CD8.svs__1_50830_11960_NUC.tif
  
  
/home/htran/storage/images_dataset/large_tissue/1_10/CD8_tiles/deconv/1_10_CD8.svs__1_50830_11960.tif
Before mask processing: 
1_10_CD8.svs__1_50830_11960_NUC.tif:   max:   255  mean: 239.8934
After mask processing: 
1_10_CD8.svs__1_50830_11960_NUC.tif:   max:   215  mean: 0.2433
1_10_CD8.svs__1_50830_2990_NUC.tif
  
  
/home/htran/storage/images_dataset/large_tissue/1_10/CD8_tiles/deconv/1_10_CD8.svs__1_50830_2990.tif
Before mask processing: 
1_10_CD8.svs__1_50830_2990_NUC.tif:   max:   255  mean: 221.8797
After mask processing: 
1_10_CD8.svs__1_50830_2990_NUC.tif:   max:   255  mean: 24.5313
1_10_CD8.svs__1_50830_5980_NUC.tif
  
  
/home/htran/storage/images_dataset/large_tissue/1_10/CD8_tiles/deconv/1_10_CD8.svs__1_50830_5980.tif
Before mask processing: 
1_10_CD8.svs__1_50830_5980_NUC.tif:   max:   255  mean: 245.624
After mask processing: 
1_10_CD8.svs__1_50830_5980_NUC.tif:   max:   255  mean: 6.3744
1_10_CD8.svs__1_50830_8970_NUC.tif
  
  
/home/htran/storage/images_dataset/large_tissue/1_10/CD8_tiles/deconv/1_10_CD8.svs__1_50830_8970.tif
Before mask processing: 
1_10_CD8.svs__1_50830_8970_NUC.tif:   max:   255  mean: 252.4595
After mask processing: 
1_10_CD8.svs__1_50830_8970_NUC.tif:   max:   255  mean: 1.5977
1_10_CD8.svs__1_53820_0_NUC.tif
  
  
/home/htran/storage/images_dataset/large_tissue/1_10/CD8_tiles/deconv/1_10_CD8.svs__1_53820_0.tif
Before mask processing: 
1_10_CD8.svs__1_53820_0_NUC.tif:   max:   255  mean: 191.0977
After mask processing: 
1_10_CD8.svs__1_53820_0_NUC.tif:   max:   255  mean: 19.9036
1_10_CD8.svs__1_53820_2990_NUC.tif
  
  
/home/htran/storage/images_dataset/large_tissue/1_10/CD8_tiles/deconv/1_10_CD8.svs__1_53820_2990.tif
Before mask processing: 
1_10_CD8.svs__1_53820_2990_NUC.tif:   max:   255  mean: 248.1465
After mask processing: 
1_10_CD8.svs__1_53820_2990_NUC.tif:   max:   255  mean: 4.3054
1_10_CD8.svs__1_53820_5980_NUC.tif
  
  
/home/htran/storage/images_dataset/large_tissue/1_10/CD8_tiles/deconv/1_10_CD8.svs__1_53820_5980.tif
Before mask processing: 
1_10_CD8.svs__1_53820_5980_NUC.tif:   max:   255  mean: 193.7937
After mask processing: 
1_10_CD8.svs__1_53820_5980_NUC.tif:   max:   255  mean: 94.5429
1_10_CD8.svs__1_53820_8970_NUC.tif
  
  
/home/htran/storage/images_dataset/large_tissue/1_10/CD8_tiles/deconv/1_10_CD8.svs__1_53820_8970.tif
Before mask processing: 
1_10_CD8.svs__1_53820_8970_NUC.tif:   max:   255  mean: 252.3118
After mask processing: 
1_10_CD8.svs__1_53820_8970_NUC.tif:   max:   255  mean: 1.6159
1_10_CD8.svs__1_56810_5980_NUC.tif
  
  
/home/htran/storage/images_dataset/large_tissue/1_10/CD8_tiles/deconv/1_10_CD8.svs__1_56810_5980.tif
Before mask processing: 
1_10_CD8.svs__1_56810_5980_NUC.tif:   max:   255  mean: 95.2572
After mask processing: 
1_10_CD8.svs__1_56810_5980_NUC.tif:   max:   255  mean: 4.7814
1_10_CD8.svs__1_59800_32890_NUC.tif
  
  
/home/htran/storage/images_dataset/large_tissue/1_10/CD8_tiles/deconv/1_10_CD8.svs__1_59800_32890.tif
Before mask processing: 
1_10_CD8.svs__1_59800_32890_NUC.tif:   max:   255  mean: 233.3213
After mask processing: 
1_10_CD8.svs__1_59800_32890_NUC.tif:   max:   255  mean: 19.012
1_10_CD8.svs__1_59800_35880_NUC.tif
  
  
/home/htran/storage/images_dataset/large_tissue/1_10/CD8_tiles/deconv/1_10_CD8.svs__1_59800_35880.tif
Before mask processing: 
1_10_CD8.svs__1_59800_35880_NUC.tif:   max:   255  mean: 253.5495
After mask processing: 
1_10_CD8.svs__1_59800_35880_NUC.tif:   max:   255  mean: 0.4351
1_10_CD8.svs__1_59800_38870_NUC.tif
  
  
/home/htran/storage/images_dataset/large_tissue/1_10/CD8_tiles/deconv/1_10_CD8.svs__1_59800_38870.tif
Before mask processing: 
1_10_CD8.svs__1_59800_38870_NUC.tif:   max:   255  mean: 252.2252
After mask processing: 
1_10_CD8.svs__1_59800_38870_NUC.tif:   max:   255  mean: 0.1403
1_10_CD8.svs__1_59800_41860_NUC.tif
  
  
/home/htran/storage/images_dataset/large_tissue/1_10/CD8_tiles/deconv/1_10_CD8.svs__1_59800_41860.tif
Before mask processing: 
1_10_CD8.svs__1_59800_41860_NUC.tif:   max:   255  mean: 253.9611
After mask processing: 
1_10_CD8.svs__1_59800_41860_NUC.tif:   max:   0  mean: 0
1_10_CD8.svs__1_5980_14950_NUC.tif
  
  
/home/htran/storage/images_dataset/large_tissue/1_10/CD8_tiles/deconv/1_10_CD8.svs__1_5980_14950.tif
Before mask processing: 
1_10_CD8.svs__1_5980_14950_NUC.tif:   max:   255  mean: 244.5275
After mask processing: 
1_10_CD8.svs__1_5980_14950_NUC.tif:   max:   255  mean: 8.2996
1_10_CD8.svs__1_5980_17940_NUC.tif
  
  
/home/htran/storage/images_dataset/large_tissue/1_10/CD8_tiles/deconv/1_10_CD8.svs__1_5980_17940.tif
Before mask processing: 
1_10_CD8.svs__1_5980_17940_NUC.tif:   max:   255  mean: 131.5916
After mask processing: 
1_10_CD8.svs__1_5980_17940_NUC.tif:   max:   255  mean: 120.4673
1_10_CD8.svs__1_5980_20930_NUC.tif
  
  
/home/htran/storage/images_dataset/large_tissue/1_10/CD8_tiles/deconv/1_10_CD8.svs__1_5980_20930.tif
Before mask processing: 
1_10_CD8.svs__1_5980_20930_NUC.tif:   max:   255  mean: 135.6596
After mask processing: 
1_10_CD8.svs__1_5980_20930_NUC.tif:   max:   255  mean: 128.2883
1_10_CD8.svs__1_5980_23920_NUC.tif
  
  
/home/htran/storage/images_dataset/large_tissue/1_10/CD8_tiles/deconv/1_10_CD8.svs__1_5980_23920.tif
Before mask processing: 
1_10_CD8.svs__1_5980_23920_NUC.tif:   max:   255  mean: 249.0441
After mask processing: 
1_10_CD8.svs__1_5980_23920_NUC.tif:   max:   255  mean: 5.7617
1_10_CD8.svs__1_62790_20930_NUC.tif
  
  
/home/htran/storage/images_dataset/large_tissue/1_10/CD8_tiles/deconv/1_10_CD8.svs__1_62790_20930.tif
Before mask processing: 
1_10_CD8.svs__1_62790_20930_NUC.tif:   max:   255  mean: 223.4941
After mask processing: 
1_10_CD8.svs__1_62790_20930_NUC.tif:   max:   243  mean: 26.8623
1_10_CD8.svs__1_62790_29900_NUC.tif
  
  
/home/htran/storage/images_dataset/large_tissue/1_10/CD8_tiles/deconv/1_10_CD8.svs__1_62790_29900.tif
Before mask processing: 
1_10_CD8.svs__1_62790_29900_NUC.tif:   max:   255  mean: 239.8558
After mask processing: 
1_10_CD8.svs__1_62790_29900_NUC.tif:   max:   255  mean: 17.2806
1_10_CD8.svs__1_62790_32890_NUC.tif
  
  
/home/htran/storage/images_dataset/large_tissue/1_10/CD8_tiles/deconv/1_10_CD8.svs__1_62790_32890.tif
Before mask processing: 
1_10_CD8.svs__1_62790_32890_NUC.tif:   max:   255  mean: 138.3193
After mask processing: 
1_10_CD8.svs__1_62790_32890_NUC.tif:   max:   255  mean: 120.3655
1_10_CD8.svs__1_62790_35880_NUC.tif
  
  
/home/htran/storage/images_dataset/large_tissue/1_10/CD8_tiles/deconv/1_10_CD8.svs__1_62790_35880.tif
Before mask processing: 
1_10_CD8.svs__1_62790_35880_NUC.tif:   max:   255  mean: 186.625
After mask processing: 
1_10_CD8.svs__1_62790_35880_NUC.tif:   max:   255  mean: 66.6589
1_10_CD8.svs__1_62790_38870_NUC.tif
  
  
/home/htran/storage/images_dataset/large_tissue/1_10/CD8_tiles/deconv/1_10_CD8.svs__1_62790_38870.tif
Before mask processing: 
1_10_CD8.svs__1_62790_38870_NUC.tif:   max:   255  mean: 159.1073
After mask processing: 
1_10_CD8.svs__1_62790_38870_NUC.tif:   max:   255  mean: 122.2829
1_10_CD8.svs__1_62790_41860_NUC.tif
  
  
/home/htran/storage/images_dataset/large_tissue/1_10/CD8_tiles/deconv/1_10_CD8.svs__1_62790_41860.tif
Before mask processing: 
1_10_CD8.svs__1_62790_41860_NUC.tif:   max:   255  mean: 236.8105
After mask processing: 
1_10_CD8.svs__1_62790_41860_NUC.tif:   max:   255  mean: 28.3802
1_10_CD8.svs__1_65780_20930_NUC.tif
  
  
/home/htran/storage/images_dataset/large_tissue/1_10/CD8_tiles/deconv/1_10_CD8.svs__1_65780_20930.tif
Before mask processing: 
1_10_CD8.svs__1_65780_20930_NUC.tif:   max:   255  mean: 235.7004
After mask processing: 
1_10_CD8.svs__1_65780_20930_NUC.tif:   max:   255  mean: 40.1058
1_10_CD8.svs__1_65780_23920_NUC.tif
  
  
/home/htran/storage/images_dataset/large_tissue/1_10/CD8_tiles/deconv/1_10_CD8.svs__1_65780_23920.tif
Before mask processing: 
1_10_CD8.svs__1_65780_23920_NUC.tif:   max:   255  mean: 228.3195
After mask processing: 
1_10_CD8.svs__1_65780_23920_NUC.tif:   max:   255  mean: 32.8761
1_10_CD8.svs__1_65780_26910_NUC.tif
  
  
/home/htran/storage/images_dataset/large_tissue/1_10/CD8_tiles/deconv/1_10_CD8.svs__1_65780_26910.tif
Before mask processing: 
1_10_CD8.svs__1_65780_26910_NUC.tif:   max:   255  mean: 233.855
After mask processing: 
1_10_CD8.svs__1_65780_26910_NUC.tif:   max:   255  mean: 24.8701
1_10_CD8.svs__1_65780_29900_NUC.tif
  
  
/home/htran/storage/images_dataset/large_tissue/1_10/CD8_tiles/deconv/1_10_CD8.svs__1_65780_29900.tif
Before mask processing: 
1_10_CD8.svs__1_65780_29900_NUC.tif:   max:   255  mean: 251.7598
After mask processing: 
1_10_CD8.svs__1_65780_29900_NUC.tif:   max:   255  mean: 0.3065
1_10_CD8.svs__1_65780_32890_NUC.tif
  
  
/home/htran/storage/images_dataset/large_tissue/1_10/CD8_tiles/deconv/1_10_CD8.svs__1_65780_32890.tif
Before mask processing: 
1_10_CD8.svs__1_65780_32890_NUC.tif:   max:   255  mean: 136.343
After mask processing: 
1_10_CD8.svs__1_65780_32890_NUC.tif:   max:   255  mean: 105.9787
1_10_CD8.svs__1_65780_35880_NUC.tif
  
  
/home/htran/storage/images_dataset/large_tissue/1_10/CD8_tiles/deconv/1_10_CD8.svs__1_65780_35880.tif
Before mask processing: 
1_10_CD8.svs__1_65780_35880_NUC.tif:   max:   255  mean: 191.2367
After mask processing: 
1_10_CD8.svs__1_65780_35880_NUC.tif:   max:   255  mean: 66.4974
1_10_CD8.svs__1_65780_38870_NUC.tif
  
  
/home/htran/storage/images_dataset/large_tissue/1_10/CD8_tiles/deconv/1_10_CD8.svs__1_65780_38870.tif
Before mask processing: 
1_10_CD8.svs__1_65780_38870_NUC.tif:   max:   255  mean: 230.1601
After mask processing: 
1_10_CD8.svs__1_65780_38870_NUC.tif:   max:   245  mean: 23.4762
1_10_CD8.svs__1_68770_17940_NUC.tif
  
  
/home/htran/storage/images_dataset/large_tissue/1_10/CD8_tiles/deconv/1_10_CD8.svs__1_68770_17940.tif
Before mask processing: 
1_10_CD8.svs__1_68770_17940_NUC.tif:   max:   255  mean: 200.1012
After mask processing: 
1_10_CD8.svs__1_68770_17940_NUC.tif:   max:   255  mean: 72.5785
1_10_CD8.svs__1_68770_20930_NUC.tif
  
  
/home/htran/storage/images_dataset/large_tissue/1_10/CD8_tiles/deconv/1_10_CD8.svs__1_68770_20930.tif
Before mask processing: 
1_10_CD8.svs__1_68770_20930_NUC.tif:   max:   255  mean: 138.363
After mask processing: 
1_10_CD8.svs__1_68770_20930_NUC.tif:   max:   255  mean: 130.7145
1_10_CD8.svs__1_68770_23920_NUC.tif
  
  
/home/htran/storage/images_dataset/large_tissue/1_10/CD8_tiles/deconv/1_10_CD8.svs__1_68770_23920.tif
Before mask processing: 
1_10_CD8.svs__1_68770_23920_NUC.tif:   max:   255  mean: 167.3304
After mask processing: 
1_10_CD8.svs__1_68770_23920_NUC.tif:   max:   255  mean: 76.1528
1_10_CD8.svs__1_68770_26910_NUC.tif
  
  
/home/htran/storage/images_dataset/large_tissue/1_10/CD8_tiles/deconv/1_10_CD8.svs__1_68770_26910.tif
Before mask processing: 
1_10_CD8.svs__1_68770_26910_NUC.tif:   max:   255  mean: 123.1397
After mask processing: 
1_10_CD8.svs__1_68770_26910_NUC.tif:   max:   255  mean: 114.4138
1_10_CD8.svs__1_68770_29900_NUC.tif
  
  
/home/htran/storage/images_dataset/large_tissue/1_10/CD8_tiles/deconv/1_10_CD8.svs__1_68770_29900.tif
Before mask processing: 
1_10_CD8.svs__1_68770_29900_NUC.tif:   max:   255  mean: 240.9282
After mask processing: 
1_10_CD8.svs__1_68770_29900_NUC.tif:   max:   255  mean: 14.8983
1_10_CD8.svs__1_68770_32890_NUC.tif
  
  
/home/htran/storage/images_dataset/large_tissue/1_10/CD8_tiles/deconv/1_10_CD8.svs__1_68770_32890.tif
Before mask processing: 
1_10_CD8.svs__1_68770_32890_NUC.tif:   max:   255  mean: 235.7724
After mask processing: 
1_10_CD8.svs__1_68770_32890_NUC.tif:   max:   255  mean: 26.2199
1_10_CD8.svs__1_68770_35880_NUC.tif
  
  
/home/htran/storage/images_dataset/large_tissue/1_10/CD8_tiles/deconv/1_10_CD8.svs__1_68770_35880.tif
Before mask processing: 
1_10_CD8.svs__1_68770_35880_NUC.tif:   max:   255  mean: 213.9494
After mask processing: 
1_10_CD8.svs__1_68770_35880_NUC.tif:   max:   255  mean: 29.6285
1_10_CD8.svs__1_71760_14950_NUC.tif
  
  
/home/htran/storage/images_dataset/large_tissue/1_10/CD8_tiles/deconv/1_10_CD8.svs__1_71760_14950.tif
Before mask processing: 
1_10_CD8.svs__1_71760_14950_NUC.tif:   max:   255  mean: 242.2264
After mask processing: 
1_10_CD8.svs__1_71760_14950_NUC.tif:   max:   255  mean: 12.85
1_10_CD8.svs__1_71760_17940_NUC.tif
  
  
/home/htran/storage/images_dataset/large_tissue/1_10/CD8_tiles/deconv/1_10_CD8.svs__1_71760_17940.tif
Before mask processing: 
1_10_CD8.svs__1_71760_17940_NUC.tif:   max:   255  mean: 145.6608
After mask processing: 
1_10_CD8.svs__1_71760_17940_NUC.tif:   max:   255  mean: 140.7166
1_10_CD8.svs__1_71760_20930_NUC.tif
  
  
/home/htran/storage/images_dataset/large_tissue/1_10/CD8_tiles/deconv/1_10_CD8.svs__1_71760_20930.tif
Before mask processing: 
1_10_CD8.svs__1_71760_20930_NUC.tif:   max:   255  mean: 142.3536
After mask processing: 
1_10_CD8.svs__1_71760_20930_NUC.tif:   max:   255  mean: 129.0207
1_10_CD8.svs__1_71760_23920_NUC.tif
  
  
/home/htran/storage/images_dataset/large_tissue/1_10/CD8_tiles/deconv/1_10_CD8.svs__1_71760_23920.tif
Before mask processing: 
1_10_CD8.svs__1_71760_23920_NUC.tif:   max:   255  mean: 250.9659
After mask processing: 
1_10_CD8.svs__1_71760_23920_NUC.tif:   max:   255  mean: 2.5048
1_10_CD8.svs__1_71760_26910_NUC.tif
  
  
/home/htran/storage/images_dataset/large_tissue/1_10/CD8_tiles/deconv/1_10_CD8.svs__1_71760_26910.tif
Before mask processing: 
1_10_CD8.svs__1_71760_26910_NUC.tif:   max:   255  mean: 188.8125
After mask processing: 
1_10_CD8.svs__1_71760_26910_NUC.tif:   max:   255  mean: 74.7049
1_10_CD8.svs__1_71760_29900_NUC.tif
  
  
/home/htran/storage/images_dataset/large_tissue/1_10/CD8_tiles/deconv/1_10_CD8.svs__1_71760_29900.tif
Before mask processing: 
1_10_CD8.svs__1_71760_29900_NUC.tif:   max:   255  mean: 240.4341
After mask processing: 
1_10_CD8.svs__1_71760_29900_NUC.tif:   max:   255  mean: 17.8413
1_10_CD8.svs__1_74750_14950_NUC.tif
  
  
/home/htran/storage/images_dataset/large_tissue/1_10/CD8_tiles/deconv/1_10_CD8.svs__1_74750_14950.tif
Before mask processing: 
1_10_CD8.svs__1_74750_14950_NUC.tif:   max:   255  mean: 67.0053
After mask processing: 
1_10_CD8.svs__1_74750_14950_NUC.tif:   max:   255  mean: 11.0421
1_10_CD8.svs__1_74750_17940_NUC.tif
  
  
/home/htran/storage/images_dataset/large_tissue/1_10/CD8_tiles/deconv/1_10_CD8.svs__1_74750_17940.tif
Before mask processing: 
1_10_CD8.svs__1_74750_17940_NUC.tif:   max:   255  mean: 170.6686
After mask processing: 
1_10_CD8.svs__1_74750_17940_NUC.tif:   max:   255  mean: 74.4859
1_10_CD8.svs__1_74750_20930_NUC.tif
  
  
/home/htran/storage/images_dataset/large_tissue/1_10/CD8_tiles/deconv/1_10_CD8.svs__1_74750_20930.tif
Before mask processing: 
1_10_CD8.svs__1_74750_20930_NUC.tif:   max:   255  mean: 156.1318
After mask processing: 
1_10_CD8.svs__1_74750_20930_NUC.tif:   max:   255  mean: 105.4432
1_10_CD8.svs__1_74750_23920_NUC.tif
  
  
/home/htran/storage/images_dataset/large_tissue/1_10/CD8_tiles/deconv/1_10_CD8.svs__1_74750_23920.tif
Before mask processing: 
1_10_CD8.svs__1_74750_23920_NUC.tif:   max:   255  mean: 243.196
After mask processing: 
1_10_CD8.svs__1_74750_23920_NUC.tif:   max:   255  mean: 12.0741
1_10_CD8.svs__1_8970_14950_NUC.tif
  
  
/home/htran/storage/images_dataset/large_tissue/1_10/CD8_tiles/deconv/1_10_CD8.svs__1_8970_14950.tif
Before mask processing: 
1_10_CD8.svs__1_8970_14950_NUC.tif:   max:   255  mean: 189.0945
After mask processing: 
1_10_CD8.svs__1_8970_14950_NUC.tif:   max:   255  mean: 60.0924
1_10_CD8.svs__1_8970_17940_NUC.tif
  
  
/home/htran/storage/images_dataset/large_tissue/1_10/CD8_tiles/deconv/1_10_CD8.svs__1_8970_17940.tif
Before mask processing: 
1_10_CD8.svs__1_8970_17940_NUC.tif:   max:   255  mean: 124.5904
After mask processing: 
1_10_CD8.svs__1_8970_17940_NUC.tif:   max:   255  mean: 124.5904
1_10_CD8.svs__1_8970_20930_NUC.tif
  
  
/home/htran/storage/images_dataset/large_tissue/1_10/CD8_tiles/deconv/1_10_CD8.svs__1_8970_20930.tif
Before mask processing: 
1_10_CD8.svs__1_8970_20930_NUC.tif:   max:   255  mean: 146.8952
After mask processing: 
1_10_CD8.svs__1_8970_20930_NUC.tif:   max:   255  mean: 146.8952
1_10_CD8.svs__1_8970_23920_NUC.tif
  
  
/home/htran/storage/images_dataset/large_tissue/1_10/CD8_tiles/deconv/1_10_CD8.svs__1_8970_23920.tif
Before mask processing: 
1_10_CD8.svs__1_8970_23920_NUC.tif:   max:   255  mean: 178.0726
After mask processing: 
1_10_CD8.svs__1_8970_23920_NUC.tif:   max:   255  mean: 98.8283
Completed
